[0.366s] Invoking command in '/home/sora/colcon_ws/build/crowdnav_planners': /home/sora/.local/bin/cmake /home/sora/colcon_ws/src/crowdnav_planners -DCMAKE_INSTALL_PREFIX=/home/sora/colcon_ws/install/crowdnav_planners
[0.381s] [33mCMake Warning (dev) in CMakeLists.txt:
[0.381s]   No project() command is present.  The top-level CMakeLists.txt file must
[0.381s]   contain a literal, direct call to the project() command.  Add a line of
[0.381s]   code such as
[0.381s] 
[0.381s]     project(ProjectName)
[0.381s] 
[0.381s]   near the top of the file, but after cmake_minimum_required().
[0.381s] 
[0.381s]   CMake is pretending there is a "project(Project)" command on the first
[0.381s]   line.
[0.381s] This warning is for project developers.  Use -Wno-dev to suppress it.
[0.381s] [0m
[0.420s] -- The C compiler identification is GNU 11.4.0
[0.474s] -- The CXX compiler identification is GNU 11.4.0
[0.487s] -- Detecting C compiler ABI info
[0.536s] -- Detecting C compiler ABI info - done
[0.548s] -- Check for working C compiler: /usr/bin/cc - skipped
[0.548s] -- Detecting C compile features
[0.548s] -- Detecting C compile features - done
[0.551s] -- Detecting CXX compiler ABI info
[0.612s] -- Detecting CXX compiler ABI info - done
[0.626s] -- Check for working CXX compiler: /usr/bin/c++ - skipped
[0.626s] -- Detecting CXX compile features
[0.626s] -- Detecting CXX compile features - done
[0.627s] -- Configuring done
[0.628s] -- Generating done
[0.628s] -- Build files have been written to: /home/sora/colcon_ws/build/crowdnav_planners
[0.635s] Invoked command in '/home/sora/colcon_ws/build/crowdnav_planners' returned '0': /home/sora/.local/bin/cmake /home/sora/colcon_ws/src/crowdnav_planners -DCMAKE_INSTALL_PREFIX=/home/sora/colcon_ws/install/crowdnav_planners
[0.637s] Invoking command in '/home/sora/colcon_ws/build/crowdnav_planners': /home/sora/.local/bin/cmake --build /home/sora/colcon_ws/build/crowdnav_planners -- -j32 -l32
[0.678s] Invoked command in '/home/sora/colcon_ws/build/crowdnav_planners' returned '0': /home/sora/.local/bin/cmake --build /home/sora/colcon_ws/build/crowdnav_planners -- -j32 -l32
