[0.017s] Invoking command in '/home/sora/colcon_ws/build/nav2_pyif': CMAKE_PREFIX_PATH=${CMAKE_PREFIX_PATH}:/home/sora/colcon_ws/install/crowdnav_planner:/home/sora/colcon_ws/install/apf_python_example:/opt/ros/humble /home/sora/.local/bin/cmake /home/sora/colcon_ws/src/nav2_pyif/nav2_pyif -DAMENT_CMAKE_SYMLINK_INSTALL=1 -DCMAKE_INSTALL_PREFIX=/home/sora/colcon_ws/install/nav2_pyif
[0.467s] -- The C compiler identification is GNU 11.4.0
[0.469s] -- The CXX compiler identification is GNU 11.4.0
[0.469s] -- Detecting C compiler ABI info
[0.469s] -- Detecting C compiler ABI info - done
[0.469s] -- Check for working C compiler: /usr/bin/cc - skipped
[0.469s] -- Detecting C compile features
[0.469s] -- Detecting C compile features - done
[0.469s] -- Detecting CXX compiler ABI info
[0.469s] -- Detecting CXX compiler ABI info - done
[0.469s] -- Check for working CXX compiler: /usr/bin/c++ - skipped
[0.469s] -- Detecting CXX compile features
[0.469s] -- Detecting CXX compile features - done
[0.469s] -- Found ament_cmake: 1.3.11 (/opt/ros/humble/share/ament_cmake/cmake)
[0.737s] -- Found Python3: /home/sora/.pyenv/versions/3.10.15/bin/python3 (found version "3.10.15") found components: Interpreter 
[0.801s] -- Override CMake install command with custom implementation using symlinks instead of copying resources
[0.859s] -- Found PythonLibs: /usr/lib/x86_64-linux-gnu/libpython3.10.so (found version "3.10.12") 
[0.860s] -- Found nav_msgs: 4.2.4 (/opt/ros/humble/share/nav_msgs/cmake)
[0.887s] -- Found rosidl_generator_c: 3.1.6 (/opt/ros/humble/share/rosidl_generator_c/cmake)
[0.891s] -- Found rosidl_adapter: 3.1.6 (/opt/ros/humble/share/rosidl_adapter/cmake)
[0.899s] -- Found rosidl_generator_cpp: 3.1.6 (/opt/ros/humble/share/rosidl_generator_cpp/cmake)
[0.910s] -- Using all available rosidl_typesupport_c: rosidl_typesupport_fastrtps_c;rosidl_typesupport_introspection_c
[0.926s] -- Using all available rosidl_typesupport_cpp: rosidl_typesupport_fastrtps_cpp;rosidl_typesupport_introspection_cpp
[1.066s] -- Configuring done
[1.076s] -- Generating done
[1.079s] -- Build files have been written to: /home/sora/colcon_ws/build/nav2_pyif
[1.091s] Invoked command in '/home/sora/colcon_ws/build/nav2_pyif' returned '0': CMAKE_PREFIX_PATH=${CMAKE_PREFIX_PATH}:/home/sora/colcon_ws/install/crowdnav_planner:/home/sora/colcon_ws/install/apf_python_example:/opt/ros/humble /home/sora/.local/bin/cmake /home/sora/colcon_ws/src/nav2_pyif/nav2_pyif -DAMENT_CMAKE_SYMLINK_INSTALL=1 -DCMAKE_INSTALL_PREFIX=/home/sora/colcon_ws/install/nav2_pyif
[1.092s] Invoking command in '/home/sora/colcon_ws/build/nav2_pyif': CMAKE_PREFIX_PATH=${CMAKE_PREFIX_PATH}:/home/sora/colcon_ws/install/crowdnav_planner:/home/sora/colcon_ws/install/apf_python_example:/opt/ros/humble /home/sora/.local/bin/cmake --build /home/sora/colcon_ws/build/nav2_pyif -- -j32 -l32
[1.139s] [ 20%] [32mBuilding CXX object CMakeFiles/nav2_pyif.dir/src/python_interface.cpp.o[0m
[1.139s] [ 40%] [32mBuilding CXX object CMakeFiles/nav2_pyif.dir/src/geo_msgs.cpp.o[0m
[1.139s] [ 60%] [32mBuilding CXX object CMakeFiles/nav2_pyif.dir/src/nav_msgs.cpp.o[0m
[1.140s] [ 80%] [32mBuilding CXX object CMakeFiles/nav2_pyif.dir/src/std_msgs.cpp.o[0m
[1.743s] [100%] [32m[1mLinking CXX shared library libnav2_pyif.so[0m
[1.804s] [100%] Built target nav2_pyif
[1.812s] Invoked command in '/home/sora/colcon_ws/build/nav2_pyif' returned '0': CMAKE_PREFIX_PATH=${CMAKE_PREFIX_PATH}:/home/sora/colcon_ws/install/crowdnav_planner:/home/sora/colcon_ws/install/apf_python_example:/opt/ros/humble /home/sora/.local/bin/cmake --build /home/sora/colcon_ws/build/nav2_pyif -- -j32 -l32
[1.841s] Invoking command in '/home/sora/colcon_ws/build/nav2_pyif': CMAKE_PREFIX_PATH=${CMAKE_PREFIX_PATH}:/home/sora/colcon_ws/install/crowdnav_planner:/home/sora/colcon_ws/install/apf_python_example:/opt/ros/humble /home/sora/.local/bin/cmake --install /home/sora/colcon_ws/build/nav2_pyif
[1.862s] -- Install configuration: ""
[1.862s] -- Execute custom install script
[1.862s] -- Symlinking: /home/sora/colcon_ws/install/nav2_pyif/include/nav2_pyif/geo_msgs.hpp
[1.865s] -- Symlinking: /home/sora/colcon_ws/install/nav2_pyif/include/nav2_pyif/nav2_pyif_utils.hpp
[1.867s] -- Symlinking: /home/sora/colcon_ws/install/nav2_pyif/include/nav2_pyif/nav_msgs.hpp
[1.870s] -- Symlinking: /home/sora/colcon_ws/install/nav2_pyif/include/nav2_pyif/python_interface.hpp
[1.872s] -- Symlinking: /home/sora/colcon_ws/install/nav2_pyif/include/nav2_pyif/std_msgs.hpp
[1.874s] -- Symlinking: /home/sora/colcon_ws/install/nav2_pyif/share/nav2_pyif/environment/library_path.sh
[1.877s] -- Symlinking: /home/sora/colcon_ws/install/nav2_pyif/share/nav2_pyif/environment/library_path.dsv
[1.879s] -- Symlinking: /home/sora/colcon_ws/install/nav2_pyif/share/ament_index/resource_index/package_run_dependencies/nav2_pyif
[1.881s] -- Symlinking: /home/sora/colcon_ws/install/nav2_pyif/share/ament_index/resource_index/parent_prefix_path/nav2_pyif
[1.883s] -- Symlinking: /home/sora/colcon_ws/install/nav2_pyif/share/nav2_pyif/environment/ament_prefix_path.sh
[1.885s] -- Symlinking: /home/sora/colcon_ws/install/nav2_pyif/share/nav2_pyif/environment/ament_prefix_path.dsv
[1.887s] -- Symlinking: /home/sora/colcon_ws/install/nav2_pyif/share/nav2_pyif/environment/path.sh
[1.890s] -- Symlinking: /home/sora/colcon_ws/install/nav2_pyif/share/nav2_pyif/environment/path.dsv
[1.892s] -- Symlinking: /home/sora/colcon_ws/install/nav2_pyif/share/nav2_pyif/local_setup.bash
[1.894s] -- Symlinking: /home/sora/colcon_ws/install/nav2_pyif/share/nav2_pyif/local_setup.sh
[1.896s] -- Symlinking: /home/sora/colcon_ws/install/nav2_pyif/share/nav2_pyif/local_setup.zsh
[1.898s] -- Symlinking: /home/sora/colcon_ws/install/nav2_pyif/share/nav2_pyif/local_setup.dsv
[1.900s] -- Symlinking: /home/sora/colcon_ws/install/nav2_pyif/share/nav2_pyif/package.dsv
[1.903s] -- Symlinking: /home/sora/colcon_ws/install/nav2_pyif/share/ament_index/resource_index/packages/nav2_pyif
[1.904s] -- Symlinking: /home/sora/colcon_ws/install/nav2_pyif/share/nav2_pyif/cmake/ament_cmake_export_include_directories-extras.cmake
[1.907s] -- Symlinking: /home/sora/colcon_ws/install/nav2_pyif/share/nav2_pyif/cmake/ament_cmake_export_libraries-extras.cmake
[1.909s] -- Symlinking: /home/sora/colcon_ws/install/nav2_pyif/share/nav2_pyif/cmake/ament_cmake_export_dependencies-extras.cmake
[1.911s] -- Symlinking: /home/sora/colcon_ws/install/nav2_pyif/share/nav2_pyif/cmake/ament_cmake_export_targets-extras.cmake
[1.913s] -- Symlinking: /home/sora/colcon_ws/install/nav2_pyif/share/nav2_pyif/cmake/nav2_pyifConfig.cmake
[1.916s] -- Symlinking: /home/sora/colcon_ws/install/nav2_pyif/share/nav2_pyif/cmake/nav2_pyifConfig-version.cmake
[1.918s] -- Symlinking: /home/sora/colcon_ws/install/nav2_pyif/share/nav2_pyif/package.xml
[1.921s] -- Installing: /home/sora/colcon_ws/install/nav2_pyif/lib/libnav2_pyif.so
[1.921s] -- Set runtime path of "/home/sora/colcon_ws/install/nav2_pyif/lib/libnav2_pyif.so" to ""
[1.921s] -- Installing: /home/sora/colcon_ws/install/nav2_pyif/share/nav2_pyif/cmake/export_nav2_pyifExport.cmake
[1.921s] -- Installing: /home/sora/colcon_ws/install/nav2_pyif/share/nav2_pyif/cmake/export_nav2_pyifExport-noconfig.cmake
[1.925s] Invoked command in '/home/sora/colcon_ws/build/nav2_pyif' returned '0': CMAKE_PREFIX_PATH=${CMAKE_PREFIX_PATH}:/home/sora/colcon_ws/install/crowdnav_planner:/home/sora/colcon_ws/install/apf_python_example:/opt/ros/humble /home/sora/.local/bin/cmake --install /home/sora/colcon_ws/build/nav2_pyif
