[100%] Built target nav2_pyif
-- Install configuration: ""
-- Up-to-date: /home/sora/colcon_ws/install/nav2_pyif/lib/libnav2_pyif.so
-- Up-to-date: /home/sora/colcon_ws/install/nav2_pyif/include
-- Up-to-date: /home/sora/colcon_ws/install/nav2_pyif/include/nav2_pyif
-- Up-to-date: /home/sora/colcon_ws/install/nav2_pyif/include/nav2_pyif/nav2_pyif_utils.hpp
-- Up-to-date: /home/sora/colcon_ws/install/nav2_pyif/include/nav2_pyif/std_msgs.hpp
-- Up-to-date: /home/sora/colcon_ws/install/nav2_pyif/include/nav2_pyif/python_interface.hpp
-- Up-to-date: /home/sora/colcon_ws/install/nav2_pyif/include/nav2_pyif/geo_msgs.hpp
-- Up-to-date: /home/sora/colcon_ws/install/nav2_pyif/include/nav2_pyif/nav_msgs.hpp
-- Up-to-date: /home/sora/colcon_ws/install/nav2_pyif/share/nav2_pyif/environment/library_path.sh
-- Up-to-date: /home/sora/colcon_ws/install/nav2_pyif/share/nav2_pyif/environment/library_path.dsv
-- Up-to-date: /home/sora/colcon_ws/install/nav2_pyif/share/ament_index/resource_index/package_run_dependencies/nav2_pyif
-- Up-to-date: /home/sora/colcon_ws/install/nav2_pyif/share/ament_index/resource_index/parent_prefix_path/nav2_pyif
-- Up-to-date: /home/sora/colcon_ws/install/nav2_pyif/share/nav2_pyif/environment/ament_prefix_path.sh
-- Up-to-date: /home/sora/colcon_ws/install/nav2_pyif/share/nav2_pyif/environment/ament_prefix_path.dsv
-- Up-to-date: /home/sora/colcon_ws/install/nav2_pyif/share/nav2_pyif/environment/path.sh
-- Up-to-date: /home/sora/colcon_ws/install/nav2_pyif/share/nav2_pyif/environment/path.dsv
-- Up-to-date: /home/sora/colcon_ws/install/nav2_pyif/share/nav2_pyif/local_setup.bash
-- Up-to-date: /home/sora/colcon_ws/install/nav2_pyif/share/nav2_pyif/local_setup.sh
-- Up-to-date: /home/sora/colcon_ws/install/nav2_pyif/share/nav2_pyif/local_setup.zsh
-- Up-to-date: /home/sora/colcon_ws/install/nav2_pyif/share/nav2_pyif/local_setup.dsv
-- Up-to-date: /home/sora/colcon_ws/install/nav2_pyif/share/nav2_pyif/package.dsv
-- Up-to-date: /home/sora/colcon_ws/install/nav2_pyif/share/ament_index/resource_index/packages/nav2_pyif
-- Up-to-date: /home/sora/colcon_ws/install/nav2_pyif/share/nav2_pyif/cmake/export_nav2_pyifExport.cmake
-- Up-to-date: /home/sora/colcon_ws/install/nav2_pyif/share/nav2_pyif/cmake/export_nav2_pyifExport-noconfig.cmake
-- Up-to-date: /home/sora/colcon_ws/install/nav2_pyif/share/nav2_pyif/cmake/ament_cmake_export_include_directories-extras.cmake
-- Up-to-date: /home/sora/colcon_ws/install/nav2_pyif/share/nav2_pyif/cmake/ament_cmake_export_libraries-extras.cmake
-- Up-to-date: /home/sora/colcon_ws/install/nav2_pyif/share/nav2_pyif/cmake/ament_cmake_export_dependencies-extras.cmake
-- Up-to-date: /home/sora/colcon_ws/install/nav2_pyif/share/nav2_pyif/cmake/ament_cmake_export_targets-extras.cmake
-- Up-to-date: /home/sora/colcon_ws/install/nav2_pyif/share/nav2_pyif/cmake/nav2_pyifConfig.cmake
-- Up-to-date: /home/sora/colcon_ws/install/nav2_pyif/share/nav2_pyif/cmake/nav2_pyifConfig-version.cmake
-- Up-to-date: /home/sora/colcon_ws/install/nav2_pyif/share/nav2_pyif/package.xml
