[0.519s] Invoking command in '/home/sora/colcon_ws/build/crowdnav_base': PYTHONPATH=/home/sora/colcon_ws/build/crowdnav_base/prefix_override:/usr/lib/python3/dist-packages/colcon_core/task/python/colcon_distutils_commands:/home/sora/colcon_ws/install/crowdnav_base/lib/python3.10/site-packages:${PYTHONPATH} /usr/bin/python3 -W ignore:setup.py install is deprecated -W ignore:easy_install command is deprecated setup.py develop --editable --build-directory /home/sora/colcon_ws/build/crowdnav_base/build --no-deps symlink_data
[0.660s] running develop
[0.752s] running egg_info
[0.752s] writing crowdnav_base.egg-info/PKG-INFO
[0.752s] writing dependency_links to crowdnav_base.egg-info/dependency_links.txt
[0.752s] writing entry points to crowdnav_base.egg-info/entry_points.txt
[0.752s] writing requirements to crowdnav_base.egg-info/requires.txt
[0.752s] writing top-level names to crowdnav_base.egg-info/top_level.txt
[0.753s] reading manifest file 'crowdnav_base.egg-info/SOURCES.txt'
[0.753s] writing manifest file 'crowdnav_base.egg-info/SOURCES.txt'
[0.777s] running build_ext
[0.777s] Creating /home/sora/colcon_ws/install/crowdnav_base/lib/python3.10/site-packages/crowdnav-base.egg-link (link to .)
[0.778s] Installing test script to /home/sora/colcon_ws/install/crowdnav_base/lib/crowdnav_base
[0.778s] Installing train script to /home/sora/colcon_ws/install/crowdnav_base/lib/crowdnav_base
[0.778s] 
[0.778s] Installed /home/sora/colcon_ws/build/crowdnav_base
[0.778s] running symlink_data
[0.778s] warning: symlink_data: setup script did not provide a directory for 'share/ament_index/resource_index/packages' -- installing right in '/home/sora/colcon_ws/install/crowdnav_base'
[0.778s] 
[0.778s] error: can't copy '/home/sora/colcon_ws/build/crowdnav_base/share/ament_index/resource_index/packages': doesn't exist or not a regular file
[0.794s] Invoked command in '/home/sora/colcon_ws/build/crowdnav_base' returned '1': PYTHONPATH=/home/sora/colcon_ws/build/crowdnav_base/prefix_override:/usr/lib/python3/dist-packages/colcon_core/task/python/colcon_distutils_commands:/home/sora/colcon_ws/install/crowdnav_base/lib/python3.10/site-packages:${PYTHONPATH} /usr/bin/python3 -W ignore:setup.py install is deprecated -W ignore:easy_install command is deprecated setup.py develop --editable --build-directory /home/sora/colcon_ws/build/crowdnav_base/build --no-deps symlink_data
