[0.524s] Invoking command in '/home/sora/colcon_ws/build/crowdnav_base': PYTHONPATH=/home/sora/colcon_ws/build/crowdnav_base/prefix_override:/usr/lib/python3/dist-packages/colcon_core/task/python/colcon_distutils_commands:/home/sora/colcon_ws/install/crowdnav_base/lib/python3.10/site-packages:${PYTHONPATH} /usr/bin/python3 -W ignore:setup.py install is deprecated -W ignore:easy_install command is deprecated setup.py develop --editable --build-directory /home/sora/colcon_ws/build/crowdnav_base/build --no-deps symlink_data
[0.671s] running develop
[0.763s] running egg_info
[0.763s] writing crowdnav_base.egg-info/PKG-INFO
[0.763s] writing dependency_links to crowdnav_base.egg-info/dependency_links.txt
[0.763s] writing entry points to crowdnav_base.egg-info/entry_points.txt
[0.763s] writing requirements to crowdnav_base.egg-info/requires.txt
[0.763s] writing top-level names to crowdnav_base.egg-info/top_level.txt
[0.764s] reading manifest file 'crowdnav_base.egg-info/SOURCES.txt'
[0.765s] writing manifest file 'crowdnav_base.egg-info/SOURCES.txt'
[0.787s] running build_ext
[0.787s] Creating /home/sora/colcon_ws/install/crowdnav_base/lib/python3.10/site-packages/crowdnav-base.egg-link (link to .)
[0.787s] Installing test script to /home/sora/colcon_ws/install/crowdnav_base/lib/crowdnav_base
[0.788s] Installing train script to /home/sora/colcon_ws/install/crowdnav_base/lib/crowdnav_base
[0.788s] 
[0.788s] Installed /home/sora/colcon_ws/build/crowdnav_base
[0.788s] running symlink_data
[0.788s] warning: symlink_data: setup script did not provide a directory for 'crowdnav_base/rl/' -- installing right in '/home/sora/colcon_ws/install/crowdnav_base'
[0.788s] 
[0.788s] error: can't copy '/home/sora/colcon_ws/build/crowdnav_base/crowdnav_base/rl': doesn't exist or not a regular file
[0.803s] Invoked command in '/home/sora/colcon_ws/build/crowdnav_base' returned '1': PYTHONPATH=/home/sora/colcon_ws/build/crowdnav_base/prefix_override:/usr/lib/python3/dist-packages/colcon_core/task/python/colcon_distutils_commands:/home/sora/colcon_ws/install/crowdnav_base/lib/python3.10/site-packages:${PYTHONPATH} /usr/bin/python3 -W ignore:setup.py install is deprecated -W ignore:easy_install command is deprecated setup.py develop --editable --build-directory /home/sora/colcon_ws/build/crowdnav_base/build --no-deps symlink_data
