[0.008s] Invoking command in '/home/sora/colcon_ws/build/nav2_pyif_controller': CMAKE_PREFIX_PATH=/home/sora/colcon_ws/install/nav2_pyif:/home/sora/colcon_ws/install/nav2_pyif_controller:/home/sora/colcon_ws/install/apf_python_example:/opt/ros/humble LD_LIBRARY_PATH=/home/sora/colcon_ws/install/nav2_pyif/lib:/usr/local/cuda/lib64:/home/sora/colcon_ws/install/nav2_pyif_controller/lib:/usr/local/cuda/lib64:/opt/ros/humble/opt/rviz_ogre_vendor/lib:/opt/ros/humble/lib/x86_64-linux-gnu:/opt/ros/humble/lib /home/sora/.local/bin/cmake /home/sora/colcon_ws/src/nav2_pyif/nav2_pyif_controller -DAMENT_CMAKE_SYMLINK_INSTALL=1 -DCMAKE_INSTALL_PREFIX=/home/sora/colcon_ws/install/nav2_pyif_controller
[0.067s] -- The C compiler identification is GNU 11.4.0
[0.109s] -- The CXX compiler identification is GNU 11.4.0
[0.116s] -- Detecting C compiler ABI info
[0.158s] -- Detecting C compiler ABI info - done
[0.163s] -- Check for working C compiler: /usr/bin/cc - skipped
[0.163s] -- Detecting C compile features
[0.163s] -- Detecting C compile features - done
[0.165s] -- Detecting CXX compiler ABI info
[0.213s] -- Detecting CXX compiler ABI info - done
[0.220s] -- Check for working CXX compiler: /usr/bin/c++ - skipped
[0.220s] -- Detecting CXX compile features
[0.220s] -- Detecting CXX compile features - done
[0.220s] -- Found nav2_pyif: 0.0.0 (/home/sora/colcon_ws/install/nav2_pyif/share/nav2_pyif/cmake)
[0.584s] -- Found Python3: /home/sora/.pyenv/versions/3.10.15/bin/python3 (found version "3.10.15") found components: Interpreter 
[0.624s] -- Override CMake install command with custom implementation using symlinks instead of copying resources
[0.661s] -- Found rosidl_generator_c: 3.1.6 (/opt/ros/humble/share/rosidl_generator_c/cmake)
[0.664s] -- Found rosidl_adapter: 3.1.6 (/opt/ros/humble/share/rosidl_adapter/cmake)
[0.669s] -- Found rosidl_generator_cpp: 3.1.6 (/opt/ros/humble/share/rosidl_generator_cpp/cmake)
[0.677s] -- Using all available rosidl_typesupport_c: rosidl_typesupport_fastrtps_c;rosidl_typesupport_introspection_c
[0.686s] -- Using all available rosidl_typesupport_cpp: rosidl_typesupport_fastrtps_cpp;rosidl_typesupport_introspection_cpp
[0.731s] -- Found nav2_common: 1.1.17 (/opt/ros/humble/share/nav2_common/cmake)
[0.732s] -- Found nav2_core: 1.1.17 (/opt/ros/humble/share/nav2_core/cmake)
[0.754s] -- Found rmw_implementation_cmake: 6.1.2 (/opt/ros/humble/share/rmw_implementation_cmake/cmake)
[0.756s] -- Found rmw_cyclonedds_cpp: 1.3.4 (/opt/ros/humble/share/rmw_cyclonedds_cpp/cmake)
[0.767s] -- Using RMW implementation 'rmw_cyclonedds_cpp' as default
[0.772s] -- Performing Test CMAKE_HAVE_LIBC_PTHREAD
[0.813s] -- Performing Test CMAKE_HAVE_LIBC_PTHREAD - Success
[0.814s] -- Found Threads: TRUE  
[0.955s] -- Found Eigen3: TRUE (found version "3.4.0") 
[0.955s] -- Ensuring Eigen3 include directory is part of orocos-kdl CMake target
[1.014s] -- Setting build type to Release as none was specified.
[1.087s] -- Configuring done
[1.123s] -- Generating done
[1.128s] -- Build files have been written to: /home/sora/colcon_ws/build/nav2_pyif_controller
[1.137s] Invoked command in '/home/sora/colcon_ws/build/nav2_pyif_controller' returned '0': CMAKE_PREFIX_PATH=/home/sora/colcon_ws/install/nav2_pyif:/home/sora/colcon_ws/install/nav2_pyif_controller:/home/sora/colcon_ws/install/apf_python_example:/opt/ros/humble LD_LIBRARY_PATH=/home/sora/colcon_ws/install/nav2_pyif/lib:/usr/local/cuda/lib64:/home/sora/colcon_ws/install/nav2_pyif_controller/lib:/usr/local/cuda/lib64:/opt/ros/humble/opt/rviz_ogre_vendor/lib:/opt/ros/humble/lib/x86_64-linux-gnu:/opt/ros/humble/lib /home/sora/.local/bin/cmake /home/sora/colcon_ws/src/nav2_pyif/nav2_pyif_controller -DAMENT_CMAKE_SYMLINK_INSTALL=1 -DCMAKE_INSTALL_PREFIX=/home/sora/colcon_ws/install/nav2_pyif_controller
[1.139s] Invoking command in '/home/sora/colcon_ws/build/nav2_pyif_controller': CMAKE_PREFIX_PATH=/home/sora/colcon_ws/install/nav2_pyif:/home/sora/colcon_ws/install/nav2_pyif_controller:/home/sora/colcon_ws/install/apf_python_example:/opt/ros/humble LD_LIBRARY_PATH=/home/sora/colcon_ws/install/nav2_pyif/lib:/usr/local/cuda/lib64:/home/sora/colcon_ws/install/nav2_pyif_controller/lib:/usr/local/cuda/lib64:/opt/ros/humble/opt/rviz_ogre_vendor/lib:/opt/ros/humble/lib/x86_64-linux-gnu:/opt/ros/humble/lib /home/sora/.local/bin/cmake --build /home/sora/colcon_ws/build/nav2_pyif_controller -- -j32 -l32
[1.174s] [ 20%] [32mBuilding CXX object CMakeFiles/nav2_pyif_controller.dir/src/nav2_pyif_controller.cpp.o[0m
[1.174s] [ 40%] [32mBuilding CXX object CMakeFiles/apf_test.dir/test/apf_test.cpp.o[0m
[1.175s] [ 60%] [32mBuilding CXX object CMakeFiles/apf_test.dir/src/nav2_pyif_controller.cpp.o[0m
[3.781s] [ 80%] [32m[1mLinking CXX executable apf_test[0m
[3.803s] [100%] [32m[1mLinking CXX shared library libnav2_pyif_controller.so[0m
[3.945s] [100%] Built target apf_test
[3.956s] [100%] Built target nav2_pyif_controller
[3.962s] Invoked command in '/home/sora/colcon_ws/build/nav2_pyif_controller' returned '0': CMAKE_PREFIX_PATH=/home/sora/colcon_ws/install/nav2_pyif:/home/sora/colcon_ws/install/nav2_pyif_controller:/home/sora/colcon_ws/install/apf_python_example:/opt/ros/humble LD_LIBRARY_PATH=/home/sora/colcon_ws/install/nav2_pyif/lib:/usr/local/cuda/lib64:/home/sora/colcon_ws/install/nav2_pyif_controller/lib:/usr/local/cuda/lib64:/opt/ros/humble/opt/rviz_ogre_vendor/lib:/opt/ros/humble/lib/x86_64-linux-gnu:/opt/ros/humble/lib /home/sora/.local/bin/cmake --build /home/sora/colcon_ws/build/nav2_pyif_controller -- -j32 -l32
[3.963s] Invoking command in '/home/sora/colcon_ws/build/nav2_pyif_controller': CMAKE_PREFIX_PATH=/home/sora/colcon_ws/install/nav2_pyif:/home/sora/colcon_ws/install/nav2_pyif_controller:/home/sora/colcon_ws/install/apf_python_example:/opt/ros/humble LD_LIBRARY_PATH=/home/sora/colcon_ws/install/nav2_pyif/lib:/usr/local/cuda/lib64:/home/sora/colcon_ws/install/nav2_pyif_controller/lib:/usr/local/cuda/lib64:/opt/ros/humble/opt/rviz_ogre_vendor/lib:/opt/ros/humble/lib/x86_64-linux-gnu:/opt/ros/humble/lib /home/sora/.local/bin/cmake --install /home/sora/colcon_ws/build/nav2_pyif_controller
[3.977s] -- Install configuration: "Release"
[3.978s] -- Execute custom install script
[3.978s] -- Symlinking: /home/sora/colcon_ws/install/nav2_pyif_controller/share/nav2_pyif_controller//nav2_pyif_controller.xml
[3.980s] -- Symlinking: /home/sora/colcon_ws/install/nav2_pyif_controller/include/nav2_pyif_controller/nav2_pyif_controller.hpp
[3.983s] -- Symlinking: /home/sora/colcon_ws/install/nav2_pyif_controller/share/nav2_pyif_controller/environment/library_path.sh
[3.985s] -- Symlinking: /home/sora/colcon_ws/install/nav2_pyif_controller/share/nav2_pyif_controller/environment/library_path.dsv
[3.987s] -- Symlinking: /home/sora/colcon_ws/install/nav2_pyif_controller/share/ament_index/resource_index/package_run_dependencies/nav2_pyif_controller
[3.989s] -- Symlinking: /home/sora/colcon_ws/install/nav2_pyif_controller/share/ament_index/resource_index/parent_prefix_path/nav2_pyif_controller
[3.991s] -- Symlinking: /home/sora/colcon_ws/install/nav2_pyif_controller/share/nav2_pyif_controller/environment/ament_prefix_path.sh
[3.993s] -- Symlinking: /home/sora/colcon_ws/install/nav2_pyif_controller/share/nav2_pyif_controller/environment/ament_prefix_path.dsv
[3.995s] -- Symlinking: /home/sora/colcon_ws/install/nav2_pyif_controller/share/nav2_pyif_controller/environment/path.sh
[3.996s] -- Symlinking: /home/sora/colcon_ws/install/nav2_pyif_controller/share/nav2_pyif_controller/environment/path.dsv
[3.998s] -- Symlinking: /home/sora/colcon_ws/install/nav2_pyif_controller/share/nav2_pyif_controller/local_setup.bash
[4.000s] -- Symlinking: /home/sora/colcon_ws/install/nav2_pyif_controller/share/nav2_pyif_controller/local_setup.sh
[4.003s] -- Symlinking: /home/sora/colcon_ws/install/nav2_pyif_controller/share/nav2_pyif_controller/local_setup.zsh
[4.004s] -- Symlinking: /home/sora/colcon_ws/install/nav2_pyif_controller/share/nav2_pyif_controller/local_setup.dsv
[4.006s] -- Symlinking: /home/sora/colcon_ws/install/nav2_pyif_controller/share/nav2_pyif_controller/package.dsv
[4.008s] -- Symlinking: /home/sora/colcon_ws/install/nav2_pyif_controller/share/ament_index/resource_index/packages/nav2_pyif_controller
[4.010s] -- Symlinking: /home/sora/colcon_ws/install/nav2_pyif_controller/share/ament_index/resource_index/nav2_core__pluginlib__plugin/nav2_pyif_controller
[4.012s] -- Symlinking: /home/sora/colcon_ws/install/nav2_pyif_controller/share/nav2_pyif_controller/cmake/ament_cmake_export_include_directories-extras.cmake
[4.014s] -- Symlinking: /home/sora/colcon_ws/install/nav2_pyif_controller/share/nav2_pyif_controller/cmake/ament_cmake_export_libraries-extras.cmake
[4.015s] -- Symlinking: /home/sora/colcon_ws/install/nav2_pyif_controller/share/nav2_pyif_controller/cmake/ament_cmake_export_dependencies-extras.cmake
[4.017s] -- Symlinking: /home/sora/colcon_ws/install/nav2_pyif_controller/share/nav2_pyif_controller/cmake/ament_cmake_export_targets-extras.cmake
[4.019s] -- Symlinking: /home/sora/colcon_ws/install/nav2_pyif_controller/share/nav2_pyif_controller/cmake/nav2_pyif_controllerConfig.cmake
[4.020s] -- Symlinking: /home/sora/colcon_ws/install/nav2_pyif_controller/share/nav2_pyif_controller/cmake/nav2_pyif_controllerConfig-version.cmake
[4.022s] -- Symlinking: /home/sora/colcon_ws/install/nav2_pyif_controller/share/nav2_pyif_controller/package.xml
[4.024s] -- Installing: /home/sora/colcon_ws/install/nav2_pyif_controller/lib/libnav2_pyif_controller.so
[4.024s] -- Set runtime path of "/home/sora/colcon_ws/install/nav2_pyif_controller/lib/libnav2_pyif_controller.so" to ""
[4.024s] -- Installing: /home/sora/colcon_ws/install/nav2_pyif_controller/share/nav2_pyif_controller/cmake/export_nav2_pyif_controllerExport.cmake
[4.024s] -- Installing: /home/sora/colcon_ws/install/nav2_pyif_controller/share/nav2_pyif_controller/cmake/export_nav2_pyif_controllerExport-release.cmake
[4.028s] Invoked command in '/home/sora/colcon_ws/build/nav2_pyif_controller' returned '0': CMAKE_PREFIX_PATH=/home/sora/colcon_ws/install/nav2_pyif:/home/sora/colcon_ws/install/nav2_pyif_controller:/home/sora/colcon_ws/install/apf_python_example:/opt/ros/humble LD_LIBRARY_PATH=/home/sora/colcon_ws/install/nav2_pyif/lib:/usr/local/cuda/lib64:/home/sora/colcon_ws/install/nav2_pyif_controller/lib:/usr/local/cuda/lib64:/opt/ros/humble/opt/rviz_ogre_vendor/lib:/opt/ros/humble/lib/x86_64-linux-gnu:/opt/ros/humble/lib /home/sora/.local/bin/cmake --install /home/sora/colcon_ws/build/nav2_pyif_controller
