[0.532s] Invoking command in '/home/sora/colcon_ws/build/crowdnav_base': PYTHONPATH=/home/sora/colcon_ws/build/crowdnav_base/prefix_override:/usr/lib/python3/dist-packages/colcon_core/task/python/colcon_distutils_commands:/home/sora/colcon_ws/install/crowdnav_base/lib/python3.10/site-packages:${PYTHONPATH} /usr/bin/python3 -W ignore:setup.py install is deprecated -W ignore:easy_install command is deprecated setup.py develop --editable --build-directory /home/sora/colcon_ws/build/crowdnav_base/build --no-deps symlink_data
[0.678s] running develop
[0.785s] running egg_info
[0.785s] writing crowdnav_base.egg-info/PKG-INFO
[0.785s] writing dependency_links to crowdnav_base.egg-info/dependency_links.txt
[0.785s] writing entry points to crowdnav_base.egg-info/entry_points.txt
[0.785s] writing requirements to crowdnav_base.egg-info/requires.txt
[0.785s] writing top-level names to crowdnav_base.egg-info/top_level.txt
[0.786s] reading manifest file 'crowdnav_base.egg-info/SOURCES.txt'
[0.786s] writing manifest file 'crowdnav_base.egg-info/SOURCES.txt'
[0.809s] running build_ext
[0.809s] Creating /home/sora/colcon_ws/install/crowdnav_base/lib/python3.10/site-packages/crowdnav-base.egg-link (link to .)
[0.810s] Installing test script to /home/sora/colcon_ws/install/crowdnav_base/lib/crowdnav_base
[0.810s] Installing train script to /home/sora/colcon_ws/install/crowdnav_base/lib/crowdnav_base
[0.810s] 
[0.810s] Installed /home/sora/colcon_ws/build/crowdnav_base
[0.810s] running symlink_data
[0.810s] symbolically linking /home/sora/colcon_ws/build/crowdnav_base/package.xml -> /home/sora/colcon_ws/install/crowdnav_base/share/crowdnav_base
[0.810s] creating /home/sora/colcon_ws/install/crowdnav_base/share/crowdnav_base/launch
[0.826s] Invoked command in '/home/sora/colcon_ws/build/crowdnav_base' returned '0': PYTHONPATH=/home/sora/colcon_ws/build/crowdnav_base/prefix_override:/usr/lib/python3/dist-packages/colcon_core/task/python/colcon_distutils_commands:/home/sora/colcon_ws/install/crowdnav_base/lib/python3.10/site-packages:${PYTHONPATH} /usr/bin/python3 -W ignore:setup.py install is deprecated -W ignore:easy_install command is deprecated setup.py develop --editable --build-directory /home/sora/colcon_ws/build/crowdnav_base/build --no-deps symlink_data
