[0.510s] Invoking command in '/home/sora/colcon_ws/build/apf_python_example': PYTHONPATH=/home/sora/colcon_ws/build/apf_python_example/prefix_override:/usr/lib/python3/dist-packages/colcon_core/task/python/colcon_distutils_commands:/home/sora/colcon_ws/install/apf_python_example/lib/python3.10/site-packages:${PYTHONPATH} /usr/bin/python3 -W ignore:setup.py install is deprecated -W ignore:easy_install command is deprecated setup.py develop --editable --build-directory /home/sora/colcon_ws/build/apf_python_example/build --no-deps symlink_data
[0.674s] running develop
[0.774s] running egg_info
[0.774s] creating apf_python_example.egg-info
[0.774s] writing apf_python_example.egg-info/PKG-INFO
[0.774s] writing dependency_links to apf_python_example.egg-info/dependency_links.txt
[0.774s] writing entry points to apf_python_example.egg-info/entry_points.txt
[0.774s] writing requirements to apf_python_example.egg-info/requires.txt
[0.774s] writing top-level names to apf_python_example.egg-info/top_level.txt
[0.774s] writing manifest file 'apf_python_example.egg-info/SOURCES.txt'
[0.775s] reading manifest file 'apf_python_example.egg-info/SOURCES.txt'
[0.775s] writing manifest file 'apf_python_example.egg-info/SOURCES.txt'
[0.801s] running build_ext
[0.801s] Creating /home/sora/colcon_ws/install/apf_python_example/lib/python3.10/site-packages/apf-python-example.egg-link (link to .)
[0.802s] 
[0.802s] Installed /home/sora/colcon_ws/build/apf_python_example
[0.802s] running symlink_data
[0.802s] creating /home/sora/colcon_ws/install/apf_python_example/share/ament_index
[0.802s] creating /home/sora/colcon_ws/install/apf_python_example/share/ament_index/resource_index
[0.802s] creating /home/sora/colcon_ws/install/apf_python_example/share/ament_index/resource_index/packages
[0.802s] symbolically linking /home/sora/colcon_ws/build/apf_python_example/resource/apf_python_example -> /home/sora/colcon_ws/install/apf_python_example/share/ament_index/resource_index/packages
[0.802s] symbolically linking /home/sora/colcon_ws/build/apf_python_example/package.xml -> /home/sora/colcon_ws/install/apf_python_example/share/apf_python_example
