/home/sora/arena4_ws/src/arena/arena-rosnav/.venv/lib/python3.10/site-packages/setuptools/_distutils/dist.py:270: UserWarning: Unknown distribution option: 'tests_require'
  warnings.warn(msg)
Traceback (most recent call last):
  File "/home/sora/colcon_ws/build/apf_python_example/setup.py", line 5, in <module>
    setup(
  File "/home/sora/arena4_ws/src/arena/arena-rosnav/.venv/lib/python3.10/site-packages/setuptools/__init__.py", line 117, in setup
    return distutils.core.setup(**attrs)
  File "/home/sora/arena4_ws/src/arena/arena-rosnav/.venv/lib/python3.10/site-packages/setuptools/_distutils/core.py", line 173, in setup
    ok = dist.parse_command_line()
  File "/home/sora/arena4_ws/src/arena/arena-rosnav/.venv/lib/python3.10/site-packages/setuptools/_distutils/dist.py", line 483, in parse_command_line
    args = self._parse_command_opts(parser, args)
  File "/home/sora/arena4_ws/src/arena/arena-rosnav/.venv/lib/python3.10/site-packages/setuptools/dist.py", line 900, in _parse_command_opts
    nargs = _Distribution._parse_command_opts(self, parser, args)
  File "/home/sora/arena4_ws/src/arena/arena-rosnav/.venv/lib/python3.10/site-packages/setuptools/_distutils/dist.py", line 542, in _parse_command_opts
    cmd_class = self.get_command_class(command)
  File "/home/sora/arena4_ws/src/arena/arena-rosnav/.venv/lib/python3.10/site-packages/setuptools/dist.py", line 741, in get_command_class
    eps = metadata.entry_points(group='distutils.commands', name=command)
  File "/usr/lib/python3.10/importlib/metadata/__init__.py", line 1021, in entry_points
    return SelectableGroups.load(eps).select(**params)
  File "/usr/lib/python3.10/importlib/metadata/__init__.py", line 459, in load
    ordered = sorted(eps, key=by_group)
  File "/usr/lib/python3.10/importlib/metadata/__init__.py", line 1018, in <genexpr>
    eps = itertools.chain.from_iterable(
KeyboardInterrupt
