-- The C compiler identification is GNU 11.4.0
-- The CXX compiler identification is GNU 11.4.0
-- Detecting C compiler ABI info
-- Detecting C compiler ABI info - done
-- Check for working C compiler: /usr/bin/cc - skipped
-- Detecting C compile features
-- Detecting C compile features - done
-- Detecting CXX compiler ABI info
-- Detecting CXX compiler ABI info - done
-- Check for working CXX compiler: /usr/bin/c++ - skipped
-- Detecting CXX compile features
-- Detecting CXX compile features - done
-- Found ament_cmake: 1.3.11 (/opt/ros/humble/share/ament_cmake/cmake)
-- Found Python3: /usr/bin/python3 (found version "3.10.12") found components: Interpreter 
-- Found PythonLibs: /usr/lib/x86_64-linux-gnu/libpython3.10.so (found version "3.10.12") 
-- Found nav_msgs: 4.2.4 (/opt/ros/humble/share/nav_msgs/cmake)
-- Found rosidl_generator_c: 3.1.6 (/opt/ros/humble/share/rosidl_generator_c/cmake)
-- Found rosidl_adapter: 3.1.6 (/opt/ros/humble/share/rosidl_adapter/cmake)
-- Found rosidl_generator_cpp: 3.1.6 (/opt/ros/humble/share/rosidl_generator_cpp/cmake)
-- Using all available rosidl_typesupport_c: rosidl_typesupport_fastrtps_c;rosidl_typesupport_introspection_c
-- Using all available rosidl_typesupport_cpp: rosidl_typesupport_fastrtps_cpp;rosidl_typesupport_introspection_cpp
-- Configuring done
-- Generating done
-- Build files have been written to: /home/sora/colcon_ws/build/nav2_pyif
[ 20%] [32mBuilding CXX object CMakeFiles/nav2_pyif.dir/src/python_interface.cpp.o[0m
[ 40%] [32mBuilding CXX object CMakeFiles/nav2_pyif.dir/src/geo_msgs.cpp.o[0m
[ 80%] [32mBuilding CXX object CMakeFiles/nav2_pyif.dir/src/std_msgs.cpp.o[0m
[ 80%] [32mBuilding CXX object CMakeFiles/nav2_pyif.dir/src/nav_msgs.cpp.o[0m
[100%] [32m[1mLinking CXX shared library libnav2_pyif.so[0m
[100%] Built target nav2_pyif
-- Install configuration: ""
-- Installing: /home/sora/colcon_ws/install/nav2_pyif/lib/libnav2_pyif.so
-- Set runtime path of "/home/sora/colcon_ws/install/nav2_pyif/lib/libnav2_pyif.so" to ""
-- Installing: /home/sora/colcon_ws/install/nav2_pyif/include
-- Installing: /home/sora/colcon_ws/install/nav2_pyif/include/nav2_pyif
-- Installing: /home/sora/colcon_ws/install/nav2_pyif/include/nav2_pyif/nav2_pyif_utils.hpp
-- Installing: /home/sora/colcon_ws/install/nav2_pyif/include/nav2_pyif/std_msgs.hpp
-- Installing: /home/sora/colcon_ws/install/nav2_pyif/include/nav2_pyif/python_interface.hpp
-- Installing: /home/sora/colcon_ws/install/nav2_pyif/include/nav2_pyif/geo_msgs.hpp
-- Installing: /home/sora/colcon_ws/install/nav2_pyif/include/nav2_pyif/nav_msgs.hpp
-- Installing: /home/sora/colcon_ws/install/nav2_pyif/share/nav2_pyif/environment/library_path.sh
-- Installing: /home/sora/colcon_ws/install/nav2_pyif/share/nav2_pyif/environment/library_path.dsv
-- Installing: /home/sora/colcon_ws/install/nav2_pyif/share/ament_index/resource_index/package_run_dependencies/nav2_pyif
-- Installing: /home/sora/colcon_ws/install/nav2_pyif/share/ament_index/resource_index/parent_prefix_path/nav2_pyif
-- Installing: /home/sora/colcon_ws/install/nav2_pyif/share/nav2_pyif/environment/ament_prefix_path.sh
-- Installing: /home/sora/colcon_ws/install/nav2_pyif/share/nav2_pyif/environment/ament_prefix_path.dsv
-- Installing: /home/sora/colcon_ws/install/nav2_pyif/share/nav2_pyif/environment/path.sh
-- Installing: /home/sora/colcon_ws/install/nav2_pyif/share/nav2_pyif/environment/path.dsv
-- Installing: /home/sora/colcon_ws/install/nav2_pyif/share/nav2_pyif/local_setup.bash
-- Installing: /home/sora/colcon_ws/install/nav2_pyif/share/nav2_pyif/local_setup.sh
-- Installing: /home/sora/colcon_ws/install/nav2_pyif/share/nav2_pyif/local_setup.zsh
-- Installing: /home/sora/colcon_ws/install/nav2_pyif/share/nav2_pyif/local_setup.dsv
-- Installing: /home/sora/colcon_ws/install/nav2_pyif/share/nav2_pyif/package.dsv
-- Installing: /home/sora/colcon_ws/install/nav2_pyif/share/ament_index/resource_index/packages/nav2_pyif
-- Installing: /home/sora/colcon_ws/install/nav2_pyif/share/nav2_pyif/cmake/export_nav2_pyifExport.cmake
-- Installing: /home/sora/colcon_ws/install/nav2_pyif/share/nav2_pyif/cmake/export_nav2_pyifExport-noconfig.cmake
-- Installing: /home/sora/colcon_ws/install/nav2_pyif/share/nav2_pyif/cmake/ament_cmake_export_include_directories-extras.cmake
-- Installing: /home/sora/colcon_ws/install/nav2_pyif/share/nav2_pyif/cmake/ament_cmake_export_libraries-extras.cmake
-- Installing: /home/sora/colcon_ws/install/nav2_pyif/share/nav2_pyif/cmake/ament_cmake_export_dependencies-extras.cmake
-- Installing: /home/sora/colcon_ws/install/nav2_pyif/share/nav2_pyif/cmake/ament_cmake_export_targets-extras.cmake
-- Installing: /home/sora/colcon_ws/install/nav2_pyif/share/nav2_pyif/cmake/nav2_pyifConfig.cmake
-- Installing: /home/sora/colcon_ws/install/nav2_pyif/share/nav2_pyif/cmake/nav2_pyifConfig-version.cmake
-- Installing: /home/sora/colcon_ws/install/nav2_pyif/share/nav2_pyif/package.xml
