[0.011s] Invoking command in '/home/sora/colcon_ws/build/nav2_pyif': CMAKE_PREFIX_PATH=/opt/ros/humble /home/sora/.local/bin/cmake /home/sora/colcon_ws/src/nav2_pyif/nav2_pyif -DCMAKE_INSTALL_PREFIX=/home/sora/colcon_ws/install/nav2_pyif
[0.149s] -- The C compiler identification is GNU 11.4.0
[0.153s] -- The CXX compiler identification is GNU 11.4.0
[0.163s] -- Detecting C compiler ABI info
[0.206s] -- Detecting C compiler ABI info - done
[0.211s] -- Check for working C compiler: /usr/bin/cc - skipped
[0.212s] -- Detecting C compile features
[0.212s] -- Detecting C compile features - done
[0.214s] -- Detecting CXX compiler ABI info
[0.262s] -- Detecting CXX compiler ABI info - done
[0.271s] -- Check for working CXX compiler: /usr/bin/c++ - skipped
[0.271s] -- Detecting CXX compile features
[0.271s] -- Detecting CXX compile features - done
[0.276s] -- Found ament_cmake: 1.3.11 (/opt/ros/humble/share/ament_cmake/cmake)
[0.353s] -- Found Python3: /usr/bin/python3 (found version "3.10.12") found components: Interpreter 
[0.436s] -- Found PythonLibs: /usr/lib/x86_64-linux-gnu/libpython3.10.so (found version "3.10.12") 
[0.437s] -- Found nav_msgs: 4.2.4 (/opt/ros/humble/share/nav_msgs/cmake)
[0.467s] -- Found rosidl_generator_c: 3.1.6 (/opt/ros/humble/share/rosidl_generator_c/cmake)
[0.472s] -- Found rosidl_adapter: 3.1.6 (/opt/ros/humble/share/rosidl_adapter/cmake)
[0.481s] -- Found rosidl_generator_cpp: 3.1.6 (/opt/ros/humble/share/rosidl_generator_cpp/cmake)
[0.495s] -- Using all available rosidl_typesupport_c: rosidl_typesupport_fastrtps_c;rosidl_typesupport_introspection_c
[0.512s] -- Using all available rosidl_typesupport_cpp: rosidl_typesupport_fastrtps_cpp;rosidl_typesupport_introspection_cpp
[0.634s] -- Configuring done
[0.640s] -- Generating done
[0.642s] -- Build files have been written to: /home/sora/colcon_ws/build/nav2_pyif
[0.650s] Invoked command in '/home/sora/colcon_ws/build/nav2_pyif' returned '0': CMAKE_PREFIX_PATH=/opt/ros/humble /home/sora/.local/bin/cmake /home/sora/colcon_ws/src/nav2_pyif/nav2_pyif -DCMAKE_INSTALL_PREFIX=/home/sora/colcon_ws/install/nav2_pyif
[0.651s] Invoking command in '/home/sora/colcon_ws/build/nav2_pyif': CMAKE_PREFIX_PATH=/opt/ros/humble /home/sora/.local/bin/cmake --build /home/sora/colcon_ws/build/nav2_pyif -- -j32 -l32
[0.690s] [ 20%] [32mBuilding CXX object CMakeFiles/nav2_pyif.dir/src/python_interface.cpp.o[0m
[0.690s] [ 40%] [32mBuilding CXX object CMakeFiles/nav2_pyif.dir/src/geo_msgs.cpp.o[0m
[0.690s] [ 80%] [32mBuilding CXX object CMakeFiles/nav2_pyif.dir/src/std_msgs.cpp.o[0m
[0.690s] [ 80%] [32mBuilding CXX object CMakeFiles/nav2_pyif.dir/src/nav_msgs.cpp.o[0m
[1.247s] [100%] [32m[1mLinking CXX shared library libnav2_pyif.so[0m
[1.319s] [100%] Built target nav2_pyif
[1.326s] Invoked command in '/home/sora/colcon_ws/build/nav2_pyif' returned '0': CMAKE_PREFIX_PATH=/opt/ros/humble /home/sora/.local/bin/cmake --build /home/sora/colcon_ws/build/nav2_pyif -- -j32 -l32
[1.348s] Invoking command in '/home/sora/colcon_ws/build/nav2_pyif': CMAKE_PREFIX_PATH=/opt/ros/humble /home/sora/.local/bin/cmake --install /home/sora/colcon_ws/build/nav2_pyif
[1.364s] -- Install configuration: ""
[1.364s] -- Installing: /home/sora/colcon_ws/install/nav2_pyif/lib/libnav2_pyif.so
[1.365s] -- Set runtime path of "/home/sora/colcon_ws/install/nav2_pyif/lib/libnav2_pyif.so" to ""
[1.365s] -- Installing: /home/sora/colcon_ws/install/nav2_pyif/include
[1.365s] -- Installing: /home/sora/colcon_ws/install/nav2_pyif/include/nav2_pyif
[1.365s] -- Installing: /home/sora/colcon_ws/install/nav2_pyif/include/nav2_pyif/nav2_pyif_utils.hpp
[1.365s] -- Installing: /home/sora/colcon_ws/install/nav2_pyif/include/nav2_pyif/std_msgs.hpp
[1.365s] -- Installing: /home/sora/colcon_ws/install/nav2_pyif/include/nav2_pyif/python_interface.hpp
[1.365s] -- Installing: /home/sora/colcon_ws/install/nav2_pyif/include/nav2_pyif/geo_msgs.hpp
[1.365s] -- Installing: /home/sora/colcon_ws/install/nav2_pyif/include/nav2_pyif/nav_msgs.hpp
[1.365s] -- Installing: /home/sora/colcon_ws/install/nav2_pyif/share/nav2_pyif/environment/library_path.sh
[1.365s] -- Installing: /home/sora/colcon_ws/install/nav2_pyif/share/nav2_pyif/environment/library_path.dsv
[1.365s] -- Installing: /home/sora/colcon_ws/install/nav2_pyif/share/ament_index/resource_index/package_run_dependencies/nav2_pyif
[1.366s] -- Installing: /home/sora/colcon_ws/install/nav2_pyif/share/ament_index/resource_index/parent_prefix_path/nav2_pyif
[1.366s] -- Installing: /home/sora/colcon_ws/install/nav2_pyif/share/nav2_pyif/environment/ament_prefix_path.sh
[1.366s] -- Installing: /home/sora/colcon_ws/install/nav2_pyif/share/nav2_pyif/environment/ament_prefix_path.dsv
[1.366s] -- Installing: /home/sora/colcon_ws/install/nav2_pyif/share/nav2_pyif/environment/path.sh
[1.366s] -- Installing: /home/sora/colcon_ws/install/nav2_pyif/share/nav2_pyif/environment/path.dsv
[1.366s] -- Installing: /home/sora/colcon_ws/install/nav2_pyif/share/nav2_pyif/local_setup.bash
[1.366s] -- Installing: /home/sora/colcon_ws/install/nav2_pyif/share/nav2_pyif/local_setup.sh
[1.366s] -- Installing: /home/sora/colcon_ws/install/nav2_pyif/share/nav2_pyif/local_setup.zsh
[1.366s] -- Installing: /home/sora/colcon_ws/install/nav2_pyif/share/nav2_pyif/local_setup.dsv
[1.366s] -- Installing: /home/sora/colcon_ws/install/nav2_pyif/share/nav2_pyif/package.dsv
[1.366s] -- Installing: /home/sora/colcon_ws/install/nav2_pyif/share/ament_index/resource_index/packages/nav2_pyif
[1.366s] -- Installing: /home/sora/colcon_ws/install/nav2_pyif/share/nav2_pyif/cmake/export_nav2_pyifExport.cmake
[1.366s] -- Installing: /home/sora/colcon_ws/install/nav2_pyif/share/nav2_pyif/cmake/export_nav2_pyifExport-noconfig.cmake
[1.366s] -- Installing: /home/sora/colcon_ws/install/nav2_pyif/share/nav2_pyif/cmake/ament_cmake_export_include_directories-extras.cmake
[1.366s] -- Installing: /home/sora/colcon_ws/install/nav2_pyif/share/nav2_pyif/cmake/ament_cmake_export_libraries-extras.cmake
[1.366s] -- Installing: /home/sora/colcon_ws/install/nav2_pyif/share/nav2_pyif/cmake/ament_cmake_export_dependencies-extras.cmake
[1.366s] -- Installing: /home/sora/colcon_ws/install/nav2_pyif/share/nav2_pyif/cmake/ament_cmake_export_targets-extras.cmake
[1.367s] -- Installing: /home/sora/colcon_ws/install/nav2_pyif/share/nav2_pyif/cmake/nav2_pyifConfig.cmake
[1.367s] -- Installing: /home/sora/colcon_ws/install/nav2_pyif/share/nav2_pyif/cmake/nav2_pyifConfig-version.cmake
[1.367s] -- Installing: /home/sora/colcon_ws/install/nav2_pyif/share/nav2_pyif/package.xml
[1.370s] Invoked command in '/home/sora/colcon_ws/build/nav2_pyif' returned '0': CMAKE_PREFIX_PATH=/opt/ros/humble /home/sora/.local/bin/cmake --install /home/sora/colcon_ws/build/nav2_pyif
