[0.017s] Invoking command in '/home/sora/colcon_ws/build/RVO': /home/sora/.local/bin/cmake /home/sora/colcon_ws/src/CrowdNav_Prediction_AttnGraph/Python-RVO2 -DCMAKE_INSTALL_PREFIX=/home/sora/colcon_ws/install/RVO
[0.466s] -- The C compiler identification is GNU 11.4.0
[0.466s] -- The CXX compiler identification is GNU 11.4.0
[0.466s] -- Detecting C compiler ABI info
[0.466s] -- Detecting C compiler ABI info - done
[0.467s] -- Check for working C compiler: /usr/bin/cc - skipped
[0.467s] -- Detecting C compile features
[0.467s] -- Detecting C compile features - done
[0.467s] -- Detecting CXX compiler ABI info
[0.467s] -- Detecting CXX compiler ABI info - done
[0.467s] -- Check for working CXX compiler: /usr/bin/c++ - skipped
[0.467s] -- Detecting CXX compile features
[0.467s] -- Detecting CXX compile features - done
[0.467s] -- Configuring done
[0.467s] -- Generating done
[0.467s] -- Build files have been written to: /home/sora/colcon_ws/build/RVO
[0.467s] [0mCMake Deprecation Warning at CMakeLists.txt:33 (cmake_minimum_required):
[0.467s]   Compatibility with CMake < 2.8.12 will be removed from a future version of
[0.467s]   CMake.
[0.467s] 
[0.467s]   Update the VERSION argument <min> value or use a ...<max> suffix to tell
[0.468s]   CMake that the project does not need compatibility with older versions.
[0.468s] 
[0.468s] [0m
[0.696s] Invoked command in '/home/sora/colcon_ws/build/RVO' returned '0': /home/sora/.local/bin/cmake /home/sora/colcon_ws/src/CrowdNav_Prediction_AttnGraph/Python-RVO2 -DCMAKE_INSTALL_PREFIX=/home/sora/colcon_ws/install/RVO
[0.697s] Invoking command in '/home/sora/colcon_ws/build/RVO': /home/sora/.local/bin/cmake --build /home/sora/colcon_ws/build/RVO -- -j32 -l32
[0.741s] [ 18%] [32mBuilding CXX object src/CMakeFiles/RVO.dir/KdTree.cpp.o[0m
[0.741s] [ 18%] [32mBuilding CXX object src/CMakeFiles/RVO.dir/Agent.cpp.o[0m
[0.742s] [ 36%] [32mBuilding CXX object src/CMakeFiles/RVO.dir/Obstacle.cpp.o[0m
[0.742s] [ 36%] [32mBuilding CXX object src/CMakeFiles/RVO.dir/RVOSimulator.cpp.o[0m
[1.240s] [ 45%] [32m[1mLinking CXX static library libRVO.a[0m
[1.297s] [ 45%] Built target RVO
[1.309s] [ 63%] [32mBuilding CXX object examples/CMakeFiles/Blocks.dir/Blocks.cpp.o[0m
[1.309s] [ 63%] [32mBuilding CXX object examples/CMakeFiles/Circle.dir/Circle.cpp.o[0m
[1.309s] [ 72%] [32mBuilding CXX object examples/CMakeFiles/Roadmap.dir/Roadmap.cpp.o[0m
[1.648s] [ 81%] [32m[1mLinking CXX executable Circle[0m
[1.705s] [ 90%] [32m[1mLinking CXX executable Blocks[0m
[1.708s] [ 90%] Built target Circle
[1.757s] [100%] [32m[1mLinking CXX executable Roadmap[0m
[1.759s] [100%] Built target Blocks
[1.815s] [100%] Built target Roadmap
[1.840s] Invoked command in '/home/sora/colcon_ws/build/RVO' returned '0': /home/sora/.local/bin/cmake --build /home/sora/colcon_ws/build/RVO -- -j32 -l32
[1.841s] Invoking command in '/home/sora/colcon_ws/build/RVO': /home/sora/.local/bin/cmake --install /home/sora/colcon_ws/build/RVO
[1.860s] -- Install configuration: ""
[1.860s] -- Installing: /home/sora/colcon_ws/install/RVO/include/RVO.h
[1.860s] -- Installing: /home/sora/colcon_ws/install/RVO/include/RVOSimulator.h
[1.861s] -- Installing: /home/sora/colcon_ws/install/RVO/include/Vector2.h
[1.861s] -- Installing: /home/sora/colcon_ws/install/RVO/lib/libRVO.a
[1.861s] -- Installing: /home/sora/colcon_ws/install/RVO/bin/Blocks
[1.861s] -- Installing: /home/sora/colcon_ws/install/RVO/bin/Circle
[1.861s] -- Installing: /home/sora/colcon_ws/install/RVO/bin/Roadmap
[1.865s] Invoked command in '/home/sora/colcon_ws/build/RVO' returned '0': /home/sora/.local/bin/cmake --install /home/sora/colcon_ws/build/RVO
