[0.013s] Invoking command in '/home/sora/colcon_ws/build/nav2_pyif': CMAKE_PREFIX_PATH=${CMAKE_PREFIX_PATH}:/home/sora/colcon_ws/install/apf_python_example:/opt/ros/humble /home/sora/.local/bin/cmake /home/sora/colcon_ws/src/nav2_pyif/nav2_pyif -DAMENT_CMAKE_SYMLINK_INSTALL=1 -DCMAKE_INSTALL_PREFIX=/home/sora/colcon_ws/install/nav2_pyif
[0.383s] -- The C compiler identification is GNU 11.4.0
[0.383s] -- The CXX compiler identification is GNU 11.4.0
[0.383s] -- Detecting C compiler ABI info
[0.383s] -- Detecting C compiler ABI info - done
[0.383s] -- Check for working C compiler: /usr/bin/cc - skipped
[0.383s] -- Detecting C compile features
[0.383s] -- Detecting C compile features - done
[0.383s] -- Detecting CXX compiler ABI info
[0.383s] -- Detecting CXX compiler ABI info - done
[0.383s] -- Check for working CXX compiler: /usr/bin/c++ - skipped
[0.384s] -- Detecting CXX compile features
[0.384s] -- Detecting CXX compile features - done
[0.384s] -- Found ament_cmake: 1.3.11 (/opt/ros/humble/share/ament_cmake/cmake)
[0.608s] -- Found Python3: /home/sora/.pyenv/versions/3.10.15/bin/python3 (found version "3.10.15") found components: Interpreter 
[0.683s] -- Override CMake install command with custom implementation using symlinks instead of copying resources
[0.738s] -- Found PythonLibs: /usr/lib/x86_64-linux-gnu/libpython3.10.so (found version "3.10.12") 
[0.739s] -- Found nav_msgs: 4.2.4 (/opt/ros/humble/share/nav_msgs/cmake)
[0.766s] -- Found rosidl_generator_c: 3.1.6 (/opt/ros/humble/share/rosidl_generator_c/cmake)
[0.771s] -- Found rosidl_adapter: 3.1.6 (/opt/ros/humble/share/rosidl_adapter/cmake)
[0.778s] -- Found rosidl_generator_cpp: 3.1.6 (/opt/ros/humble/share/rosidl_generator_cpp/cmake)
[0.789s] -- Using all available rosidl_typesupport_c: rosidl_typesupport_fastrtps_c;rosidl_typesupport_introspection_c
[0.803s] -- Using all available rosidl_typesupport_cpp: rosidl_typesupport_fastrtps_cpp;rosidl_typesupport_introspection_cpp
[0.910s] -- Configuring done
[0.915s] -- Generating done
[0.917s] -- Build files have been written to: /home/sora/colcon_ws/build/nav2_pyif
[0.927s] Invoked command in '/home/sora/colcon_ws/build/nav2_pyif' returned '0': CMAKE_PREFIX_PATH=${CMAKE_PREFIX_PATH}:/home/sora/colcon_ws/install/apf_python_example:/opt/ros/humble /home/sora/.local/bin/cmake /home/sora/colcon_ws/src/nav2_pyif/nav2_pyif -DAMENT_CMAKE_SYMLINK_INSTALL=1 -DCMAKE_INSTALL_PREFIX=/home/sora/colcon_ws/install/nav2_pyif
[0.928s] Invoking command in '/home/sora/colcon_ws/build/nav2_pyif': CMAKE_PREFIX_PATH=${CMAKE_PREFIX_PATH}:/home/sora/colcon_ws/install/apf_python_example:/opt/ros/humble /home/sora/.local/bin/cmake --build /home/sora/colcon_ws/build/nav2_pyif -- -j32 -l32
[0.969s] [ 20%] [32mBuilding CXX object CMakeFiles/nav2_pyif.dir/src/python_interface.cpp.o[0m
[0.969s] [ 40%] [32mBuilding CXX object CMakeFiles/nav2_pyif.dir/src/geo_msgs.cpp.o[0m
[0.969s] [ 60%] [32mBuilding CXX object CMakeFiles/nav2_pyif.dir/src/nav_msgs.cpp.o[0m
[0.970s] [ 80%] [32mBuilding CXX object CMakeFiles/nav2_pyif.dir/src/std_msgs.cpp.o[0m
[1.523s] [100%] [32m[1mLinking CXX shared library libnav2_pyif.so[0m
[1.577s] [100%] Built target nav2_pyif
[1.583s] Invoked command in '/home/sora/colcon_ws/build/nav2_pyif' returned '0': CMAKE_PREFIX_PATH=${CMAKE_PREFIX_PATH}:/home/sora/colcon_ws/install/apf_python_example:/opt/ros/humble /home/sora/.local/bin/cmake --build /home/sora/colcon_ws/build/nav2_pyif -- -j32 -l32
[1.584s] Invoking command in '/home/sora/colcon_ws/build/nav2_pyif': CMAKE_PREFIX_PATH=${CMAKE_PREFIX_PATH}:/home/sora/colcon_ws/install/apf_python_example:/opt/ros/humble /home/sora/.local/bin/cmake --install /home/sora/colcon_ws/build/nav2_pyif
[1.601s] -- Install configuration: ""
[1.601s] -- Execute custom install script
[1.602s] -- Symlinking: /home/sora/colcon_ws/install/nav2_pyif/include/nav2_pyif/geo_msgs.hpp
[1.604s] -- Symlinking: /home/sora/colcon_ws/install/nav2_pyif/include/nav2_pyif/nav2_pyif_utils.hpp
[1.606s] -- Symlinking: /home/sora/colcon_ws/install/nav2_pyif/include/nav2_pyif/nav_msgs.hpp
[1.608s] -- Symlinking: /home/sora/colcon_ws/install/nav2_pyif/include/nav2_pyif/python_interface.hpp
[1.611s] -- Symlinking: /home/sora/colcon_ws/install/nav2_pyif/include/nav2_pyif/std_msgs.hpp
[1.613s] -- Symlinking: /home/sora/colcon_ws/install/nav2_pyif/share/nav2_pyif/environment/library_path.sh
[1.616s] -- Symlinking: /home/sora/colcon_ws/install/nav2_pyif/share/nav2_pyif/environment/library_path.dsv
[1.618s] -- Symlinking: /home/sora/colcon_ws/install/nav2_pyif/share/ament_index/resource_index/package_run_dependencies/nav2_pyif
[1.620s] -- Symlinking: /home/sora/colcon_ws/install/nav2_pyif/share/ament_index/resource_index/parent_prefix_path/nav2_pyif
[1.622s] -- Symlinking: /home/sora/colcon_ws/install/nav2_pyif/share/nav2_pyif/environment/ament_prefix_path.sh
[1.624s] -- Symlinking: /home/sora/colcon_ws/install/nav2_pyif/share/nav2_pyif/environment/ament_prefix_path.dsv
[1.626s] -- Symlinking: /home/sora/colcon_ws/install/nav2_pyif/share/nav2_pyif/environment/path.sh
[1.629s] -- Symlinking: /home/sora/colcon_ws/install/nav2_pyif/share/nav2_pyif/environment/path.dsv
[1.631s] -- Symlinking: /home/sora/colcon_ws/install/nav2_pyif/share/nav2_pyif/local_setup.bash
[1.633s] -- Symlinking: /home/sora/colcon_ws/install/nav2_pyif/share/nav2_pyif/local_setup.sh
[1.635s] -- Symlinking: /home/sora/colcon_ws/install/nav2_pyif/share/nav2_pyif/local_setup.zsh
[1.638s] -- Symlinking: /home/sora/colcon_ws/install/nav2_pyif/share/nav2_pyif/local_setup.dsv
[1.640s] -- Symlinking: /home/sora/colcon_ws/install/nav2_pyif/share/nav2_pyif/package.dsv
[1.642s] -- Symlinking: /home/sora/colcon_ws/install/nav2_pyif/share/ament_index/resource_index/packages/nav2_pyif
[1.644s] -- Symlinking: /home/sora/colcon_ws/install/nav2_pyif/share/nav2_pyif/cmake/ament_cmake_export_include_directories-extras.cmake
[1.645s] -- Symlinking: /home/sora/colcon_ws/install/nav2_pyif/share/nav2_pyif/cmake/ament_cmake_export_libraries-extras.cmake
[1.648s] -- Symlinking: /home/sora/colcon_ws/install/nav2_pyif/share/nav2_pyif/cmake/ament_cmake_export_dependencies-extras.cmake
[1.650s] -- Symlinking: /home/sora/colcon_ws/install/nav2_pyif/share/nav2_pyif/cmake/ament_cmake_export_targets-extras.cmake
[1.651s] -- Symlinking: /home/sora/colcon_ws/install/nav2_pyif/share/nav2_pyif/cmake/nav2_pyifConfig.cmake
[1.653s] -- Symlinking: /home/sora/colcon_ws/install/nav2_pyif/share/nav2_pyif/cmake/nav2_pyifConfig-version.cmake
[1.655s] -- Symlinking: /home/sora/colcon_ws/install/nav2_pyif/share/nav2_pyif/package.xml
[1.657s] -- Installing: /home/sora/colcon_ws/install/nav2_pyif/lib/libnav2_pyif.so
[1.657s] -- Set runtime path of "/home/sora/colcon_ws/install/nav2_pyif/lib/libnav2_pyif.so" to ""
[1.657s] -- Installing: /home/sora/colcon_ws/install/nav2_pyif/share/nav2_pyif/cmake/export_nav2_pyifExport.cmake
[1.657s] -- Installing: /home/sora/colcon_ws/install/nav2_pyif/share/nav2_pyif/cmake/export_nav2_pyifExport-noconfig.cmake
[1.661s] Invoked command in '/home/sora/colcon_ws/build/nav2_pyif' returned '0': CMAKE_PREFIX_PATH=${CMAKE_PREFIX_PATH}:/home/sora/colcon_ws/install/apf_python_example:/opt/ros/humble /home/sora/.local/bin/cmake --install /home/sora/colcon_ws/build/nav2_pyif
