[0.011s] Invoking command in '/home/sora/colcon_ws/build/RVO': /home/sora/.local/bin/cmake /home/sora/colcon_ws/src/CrowdNav_Prediction_AttnGraph/Python-RVO2 -DCMAKE_INSTALL_PREFIX=/home/sora/colcon_ws/install/RVO
[0.395s] -- The C compiler identification is GNU 11.4.0
[0.395s] -- The CXX compiler identification is GNU 11.4.0
[0.395s] -- Detecting C compiler ABI info
[0.395s] -- Detecting C compiler ABI info - done
[0.395s] -- Check for working C compiler: /usr/bin/cc - skipped
[0.395s] -- Detecting C compile features
[0.395s] -- Detecting C compile features - done
[0.396s] -- Detecting CXX compiler ABI info
[0.397s] -- Detecting CXX compiler ABI info - done
[0.397s] -- Check for working CXX compiler: /usr/bin/c++ - skipped
[0.397s] -- Detecting CXX compile features
[0.397s] -- Detecting CXX compile features - done
[0.397s] -- Configuring done
[0.397s] -- Generating done
[0.397s] -- Build files have been written to: /home/sora/colcon_ws/build/RVO
[0.397s] [0mCMake Deprecation Warning at CMakeLists.txt:33 (cmake_minimum_required):
[0.398s]   Compatibility with CMake < 2.8.12 will be removed from a future version of
[0.398s]   CMake.
[0.398s] 
[0.398s]   Update the VERSION argument <min> value or use a ...<max> suffix to tell
[0.398s]   CMake that the project does not need compatibility with older versions.
[0.398s] 
[0.398s] [0m
[0.538s] Invoked command in '/home/sora/colcon_ws/build/RVO' returned '0': /home/sora/.local/bin/cmake /home/sora/colcon_ws/src/CrowdNav_Prediction_AttnGraph/Python-RVO2 -DCMAKE_INSTALL_PREFIX=/home/sora/colcon_ws/install/RVO
[0.539s] Invoking command in '/home/sora/colcon_ws/build/RVO': /home/sora/.local/bin/cmake --build /home/sora/colcon_ws/build/RVO -- -j32 -l32
[0.577s] [  9%] [32mBuilding CXX object src/CMakeFiles/RVO.dir/Agent.cpp.o[0m
[0.577s] [ 18%] [32mBuilding CXX object src/CMakeFiles/RVO.dir/KdTree.cpp.o[0m
[0.578s] [ 27%] [32mBuilding CXX object src/CMakeFiles/RVO.dir/Obstacle.cpp.o[0m
[0.578s] [ 36%] [32mBuilding CXX object src/CMakeFiles/RVO.dir/RVOSimulator.cpp.o[0m
[1.001s] [ 45%] [32m[1mLinking CXX static library libRVO.a[0m
[1.046s] [ 45%] Built target RVO
[1.056s] [ 63%] [32mBuilding CXX object examples/CMakeFiles/Blocks.dir/Blocks.cpp.o[0m
[1.057s] [ 63%] [32mBuilding CXX object examples/CMakeFiles/Circle.dir/Circle.cpp.o[0m
[1.057s] [ 72%] [32mBuilding CXX object examples/CMakeFiles/Roadmap.dir/Roadmap.cpp.o[0m
[1.340s] [ 81%] [32m[1mLinking CXX executable Blocks[0m
[1.384s] [ 90%] [32m[1mLinking CXX executable Circle[0m
[1.403s] [ 90%] Built target Blocks
[1.444s] [ 90%] Built target Circle
[1.565s] [100%] [32m[1mLinking CXX executable Roadmap[0m
[1.620s] [100%] Built target Roadmap
[1.628s] Invoked command in '/home/sora/colcon_ws/build/RVO' returned '0': /home/sora/.local/bin/cmake --build /home/sora/colcon_ws/build/RVO -- -j32 -l32
[1.630s] Invoking command in '/home/sora/colcon_ws/build/RVO': /home/sora/.local/bin/cmake --install /home/sora/colcon_ws/build/RVO
[1.649s] -- Install configuration: ""
[1.650s] -- Installing: /home/sora/colcon_ws/install/RVO/include/RVO.h
[1.650s] -- Installing: /home/sora/colcon_ws/install/RVO/include/RVOSimulator.h
[1.650s] -- Installing: /home/sora/colcon_ws/install/RVO/include/Vector2.h
[1.650s] -- Installing: /home/sora/colcon_ws/install/RVO/lib/libRVO.a
[1.650s] -- Installing: /home/sora/colcon_ws/install/RVO/bin/Blocks
[1.650s] -- Installing: /home/sora/colcon_ws/install/RVO/bin/Circle
[1.650s] -- Installing: /home/sora/colcon_ws/install/RVO/bin/Roadmap
[1.655s] Invoked command in '/home/sora/colcon_ws/build/RVO' returned '0': /home/sora/.local/bin/cmake --install /home/sora/colcon_ws/build/RVO
