[0.062s] DEBUG:colcon:Command line arguments: ['/usr/bin/colcon', 'build', '--symlink-install']
[0.062s] DEBUG:colcon:Parsed command line arguments: Namespace(log_base=None, log_level=None, verb_name='build', build_base='build', install_base='install', merge_install=False, symlink_install=True, test_result_base=None, continue_on_error=False, executor='parallel', parallel_workers=32, event_handlers=None, ignore_user_meta=False, metas=['./colcon.meta'], base_paths=['.'], packages_ignore=None, packages_ignore_regex=None, paths=None, packages_up_to=None, packages_up_to_regex=None, packages_above=None, packages_above_and_dependencies=None, packages_above_depth=None, packages_select_by_dep=None, packages_skip_by_dep=None, packages_skip_up_to=None, packages_select_build_failed=False, packages_skip_build_finished=False, packages_select_test_failures=False, packages_skip_test_passed=False, packages_select=None, packages_skip=None, packages_select_regex=None, packages_skip_regex=None, packages_start=None, packages_end=None, allow_overriding=[], cmake_args=None, cmake_target=None, cmake_target_skip_unavailable=False, cmake_clean_cache=False, cmake_clean_first=False, cmake_force_configure=False, ament_cmake_args=None, catkin_cmake_args=None, catkin_skip_building_tests=False, mixin_files=None, mixin=None, verb_parser=<colcon_mixin.mixin.mixin_argument.MixinArgumentDecorator object at 0x708298a20310>, verb_extension=<colcon_core.verb.build.BuildVerb object at 0x708298bb93f0>, main=<bound method BuildVerb.main of <colcon_core.verb.build.BuildVerb object at 0x708298bb93f0>>, mixin_verb=('build',))
[0.163s] Level 1:colcon.colcon_core.package_discovery:discover_packages(colcon_meta) check parameters
[0.163s] Level 1:colcon.colcon_core.package_discovery:discover_packages(recursive) check parameters
[0.163s] Level 1:colcon.colcon_core.package_discovery:discover_packages(ignore) check parameters
[0.164s] Level 1:colcon.colcon_core.package_discovery:discover_packages(path) check parameters
[0.164s] Level 1:colcon.colcon_core.package_discovery:discover_packages(colcon_meta) discover
[0.164s] Level 1:colcon.colcon_core.package_discovery:discover_packages(recursive) discover
[0.164s] INFO:colcon.colcon_core.package_discovery:Crawling recursively for packages in '/home/sora/colcon_ws'
[0.164s] Level 1:colcon.colcon_core.package_identification:_identify(.) by extensions ['ignore', 'ignore_ament_install']
[0.164s] Level 1:colcon.colcon_core.package_identification:_identify(.) by extension 'ignore'
[0.164s] Level 1:colcon.colcon_core.package_identification:_identify(.) by extension 'ignore_ament_install'
[0.164s] Level 1:colcon.colcon_core.package_identification:_identify(.) by extensions ['colcon_pkg']
[0.164s] Level 1:colcon.colcon_core.package_identification:_identify(.) by extension 'colcon_pkg'
[0.164s] Level 1:colcon.colcon_core.package_identification:_identify(.) by extensions ['colcon_meta']
[0.164s] Level 1:colcon.colcon_core.package_identification:_identify(.) by extension 'colcon_meta'
[0.164s] Level 1:colcon.colcon_core.package_identification:_identify(.) by extensions ['ros']
[0.164s] Level 1:colcon.colcon_core.package_identification:_identify(.) by extension 'ros'
[0.176s] Level 1:colcon.colcon_core.package_identification:_identify(.) by extensions ['cmake', 'python']
[0.176s] Level 1:colcon.colcon_core.package_identification:_identify(.) by extension 'cmake'
[0.176s] Level 1:colcon.colcon_core.package_identification:_identify(.) by extension 'python'
[0.176s] Level 1:colcon.colcon_core.package_identification:_identify(.) by extensions ['python_setup_py']
[0.176s] Level 1:colcon.colcon_core.package_identification:_identify(.) by extension 'python_setup_py'
[0.176s] Level 1:colcon.colcon_core.package_identification:_identify(build) by extensions ['ignore', 'ignore_ament_install']
[0.176s] Level 1:colcon.colcon_core.package_identification:_identify(build) by extension 'ignore'
[0.176s] Level 1:colcon.colcon_core.package_identification:_identify(build) ignored
[0.176s] Level 1:colcon.colcon_core.package_identification:_identify(install) by extensions ['ignore', 'ignore_ament_install']
[0.176s] Level 1:colcon.colcon_core.package_identification:_identify(install) by extension 'ignore'
[0.176s] Level 1:colcon.colcon_core.package_identification:_identify(install) ignored
[0.176s] Level 1:colcon.colcon_core.package_identification:_identify(log) by extensions ['ignore', 'ignore_ament_install']
[0.176s] Level 1:colcon.colcon_core.package_identification:_identify(log) by extension 'ignore'
[0.177s] Level 1:colcon.colcon_core.package_identification:_identify(log) ignored
[0.177s] Level 1:colcon.colcon_core.package_identification:_identify(src) by extensions ['ignore', 'ignore_ament_install']
[0.177s] Level 1:colcon.colcon_core.package_identification:_identify(src) by extension 'ignore'
[0.177s] Level 1:colcon.colcon_core.package_identification:_identify(src) by extension 'ignore_ament_install'
[0.177s] Level 1:colcon.colcon_core.package_identification:_identify(src) by extensions ['colcon_pkg']
[0.177s] Level 1:colcon.colcon_core.package_identification:_identify(src) by extension 'colcon_pkg'
[0.177s] Level 1:colcon.colcon_core.package_identification:_identify(src) by extensions ['colcon_meta']
[0.177s] Level 1:colcon.colcon_core.package_identification:_identify(src) by extension 'colcon_meta'
[0.177s] Level 1:colcon.colcon_core.package_identification:_identify(src) by extensions ['ros']
[0.177s] Level 1:colcon.colcon_core.package_identification:_identify(src) by extension 'ros'
[0.177s] Level 1:colcon.colcon_core.package_identification:_identify(src) by extensions ['cmake', 'python']
[0.177s] Level 1:colcon.colcon_core.package_identification:_identify(src) by extension 'cmake'
[0.177s] Level 1:colcon.colcon_core.package_identification:_identify(src) by extension 'python'
[0.177s] Level 1:colcon.colcon_core.package_identification:_identify(src) by extensions ['python_setup_py']
[0.177s] Level 1:colcon.colcon_core.package_identification:_identify(src) by extension 'python_setup_py'
[0.177s] Level 1:colcon.colcon_core.package_identification:_identify(src/CrowdNav_Prediction_AttnGraph) by extensions ['ignore', 'ignore_ament_install']
[0.177s] Level 1:colcon.colcon_core.package_identification:_identify(src/CrowdNav_Prediction_AttnGraph) by extension 'ignore'
[0.177s] Level 1:colcon.colcon_core.package_identification:_identify(src/CrowdNav_Prediction_AttnGraph) by extension 'ignore_ament_install'
[0.177s] Level 1:colcon.colcon_core.package_identification:_identify(src/CrowdNav_Prediction_AttnGraph) by extensions ['colcon_pkg']
[0.177s] Level 1:colcon.colcon_core.package_identification:_identify(src/CrowdNav_Prediction_AttnGraph) by extension 'colcon_pkg'
[0.177s] Level 1:colcon.colcon_core.package_identification:_identify(src/CrowdNav_Prediction_AttnGraph) by extensions ['colcon_meta']
[0.177s] Level 1:colcon.colcon_core.package_identification:_identify(src/CrowdNav_Prediction_AttnGraph) by extension 'colcon_meta'
[0.177s] Level 1:colcon.colcon_core.package_identification:_identify(src/CrowdNav_Prediction_AttnGraph) by extensions ['ros']
[0.177s] Level 1:colcon.colcon_core.package_identification:_identify(src/CrowdNav_Prediction_AttnGraph) by extension 'ros'
[0.178s] DEBUG:colcon.colcon_core.package_identification:Package 'src/CrowdNav_Prediction_AttnGraph' with type 'ros.ament_python' and name 'crowdnav_base'
[0.179s] Level 1:colcon.colcon_core.package_identification:_identify(src/crowdnav_planners) by extensions ['ignore', 'ignore_ament_install']
[0.179s] Level 1:colcon.colcon_core.package_identification:_identify(src/crowdnav_planners) by extension 'ignore'
[0.179s] Level 1:colcon.colcon_core.package_identification:_identify(src/crowdnav_planners) by extension 'ignore_ament_install'
[0.179s] Level 1:colcon.colcon_core.package_identification:_identify(src/crowdnav_planners) by extensions ['colcon_pkg']
[0.179s] Level 1:colcon.colcon_core.package_identification:_identify(src/crowdnav_planners) by extension 'colcon_pkg'
[0.179s] Level 1:colcon.colcon_core.package_identification:_identify(src/crowdnav_planners) by extensions ['colcon_meta']
[0.179s] Level 1:colcon.colcon_core.package_identification:_identify(src/crowdnav_planners) by extension 'colcon_meta'
[0.179s] Level 1:colcon.colcon_core.package_identification:_identify(src/crowdnav_planners) by extensions ['ros']
[0.179s] Level 1:colcon.colcon_core.package_identification:_identify(src/crowdnav_planners) by extension 'ros'
[0.179s] DEBUG:colcon.colcon_core.package_identification:Package 'src/crowdnav_planners' with type 'ros.ament_python' and name 'crowdnav_planner'
[0.179s] Level 1:colcon.colcon_core.package_identification:_identify(src/nav2_pyif) by extensions ['ignore', 'ignore_ament_install']
[0.179s] Level 1:colcon.colcon_core.package_identification:_identify(src/nav2_pyif) by extension 'ignore'
[0.179s] Level 1:colcon.colcon_core.package_identification:_identify(src/nav2_pyif) by extension 'ignore_ament_install'
[0.179s] Level 1:colcon.colcon_core.package_identification:_identify(src/nav2_pyif) by extensions ['colcon_pkg']
[0.179s] Level 1:colcon.colcon_core.package_identification:_identify(src/nav2_pyif) by extension 'colcon_pkg'
[0.179s] Level 1:colcon.colcon_core.package_identification:_identify(src/nav2_pyif) by extensions ['colcon_meta']
[0.179s] Level 1:colcon.colcon_core.package_identification:_identify(src/nav2_pyif) by extension 'colcon_meta'
[0.179s] Level 1:colcon.colcon_core.package_identification:_identify(src/nav2_pyif) by extensions ['ros']
[0.179s] Level 1:colcon.colcon_core.package_identification:_identify(src/nav2_pyif) by extension 'ros'
[0.179s] Level 1:colcon.colcon_core.package_identification:_identify(src/nav2_pyif) by extensions ['cmake', 'python']
[0.179s] Level 1:colcon.colcon_core.package_identification:_identify(src/nav2_pyif) by extension 'cmake'
[0.179s] Level 1:colcon.colcon_core.package_identification:_identify(src/nav2_pyif) by extension 'python'
[0.179s] Level 1:colcon.colcon_core.package_identification:_identify(src/nav2_pyif) by extensions ['python_setup_py']
[0.180s] Level 1:colcon.colcon_core.package_identification:_identify(src/nav2_pyif) by extension 'python_setup_py'
[0.180s] Level 1:colcon.colcon_core.package_identification:_identify(src/nav2_pyif/apf_python_example) by extensions ['ignore', 'ignore_ament_install']
[0.180s] Level 1:colcon.colcon_core.package_identification:_identify(src/nav2_pyif/apf_python_example) by extension 'ignore'
[0.180s] Level 1:colcon.colcon_core.package_identification:_identify(src/nav2_pyif/apf_python_example) by extension 'ignore_ament_install'
[0.180s] Level 1:colcon.colcon_core.package_identification:_identify(src/nav2_pyif/apf_python_example) by extensions ['colcon_pkg']
[0.180s] Level 1:colcon.colcon_core.package_identification:_identify(src/nav2_pyif/apf_python_example) by extension 'colcon_pkg'
[0.180s] Level 1:colcon.colcon_core.package_identification:_identify(src/nav2_pyif/apf_python_example) by extensions ['colcon_meta']
[0.180s] Level 1:colcon.colcon_core.package_identification:_identify(src/nav2_pyif/apf_python_example) by extension 'colcon_meta'
[0.180s] Level 1:colcon.colcon_core.package_identification:_identify(src/nav2_pyif/apf_python_example) by extensions ['ros']
[0.180s] Level 1:colcon.colcon_core.package_identification:_identify(src/nav2_pyif/apf_python_example) by extension 'ros'
[0.180s] DEBUG:colcon.colcon_core.package_identification:Package 'src/nav2_pyif/apf_python_example' with type 'ros.ament_python' and name 'apf_python_example'
[0.180s] Level 1:colcon.colcon_core.package_identification:_identify(src/nav2_pyif/nav2_pyif) by extensions ['ignore', 'ignore_ament_install']
[0.180s] Level 1:colcon.colcon_core.package_identification:_identify(src/nav2_pyif/nav2_pyif) by extension 'ignore'
[0.180s] Level 1:colcon.colcon_core.package_identification:_identify(src/nav2_pyif/nav2_pyif) by extension 'ignore_ament_install'
[0.180s] Level 1:colcon.colcon_core.package_identification:_identify(src/nav2_pyif/nav2_pyif) by extensions ['colcon_pkg']
[0.180s] Level 1:colcon.colcon_core.package_identification:_identify(src/nav2_pyif/nav2_pyif) by extension 'colcon_pkg'
[0.180s] Level 1:colcon.colcon_core.package_identification:_identify(src/nav2_pyif/nav2_pyif) by extensions ['colcon_meta']
[0.180s] Level 1:colcon.colcon_core.package_identification:_identify(src/nav2_pyif/nav2_pyif) by extension 'colcon_meta'
[0.180s] Level 1:colcon.colcon_core.package_identification:_identify(src/nav2_pyif/nav2_pyif) by extensions ['ros']
[0.180s] Level 1:colcon.colcon_core.package_identification:_identify(src/nav2_pyif/nav2_pyif) by extension 'ros'
[0.181s] DEBUG:colcon.colcon_core.package_identification:Package 'src/nav2_pyif/nav2_pyif' with type 'ros.ament_cmake' and name 'nav2_pyif'
[0.181s] Level 1:colcon.colcon_core.package_identification:_identify(src/nav2_pyif/nav2_pyif_controller) by extensions ['ignore', 'ignore_ament_install']
[0.181s] Level 1:colcon.colcon_core.package_identification:_identify(src/nav2_pyif/nav2_pyif_controller) by extension 'ignore'
[0.181s] Level 1:colcon.colcon_core.package_identification:_identify(src/nav2_pyif/nav2_pyif_controller) by extension 'ignore_ament_install'
[0.181s] Level 1:colcon.colcon_core.package_identification:_identify(src/nav2_pyif/nav2_pyif_controller) by extensions ['colcon_pkg']
[0.181s] Level 1:colcon.colcon_core.package_identification:_identify(src/nav2_pyif/nav2_pyif_controller) by extension 'colcon_pkg'
[0.181s] Level 1:colcon.colcon_core.package_identification:_identify(src/nav2_pyif/nav2_pyif_controller) by extensions ['colcon_meta']
[0.181s] Level 1:colcon.colcon_core.package_identification:_identify(src/nav2_pyif/nav2_pyif_controller) by extension 'colcon_meta'
[0.181s] Level 1:colcon.colcon_core.package_identification:_identify(src/nav2_pyif/nav2_pyif_controller) by extensions ['ros']
[0.181s] Level 1:colcon.colcon_core.package_identification:_identify(src/nav2_pyif/nav2_pyif_controller) by extension 'ros'
[0.181s] DEBUG:colcon.colcon_core.package_identification:Package 'src/nav2_pyif/nav2_pyif_controller' with type 'ros.ament_cmake' and name 'nav2_pyif_controller'
[0.181s] Level 1:colcon.colcon_core.package_discovery:discover_packages(recursive) using defaults
[0.181s] Level 1:colcon.colcon_core.package_discovery:discover_packages(ignore) discover
[0.181s] Level 1:colcon.colcon_core.package_discovery:discover_packages(ignore) using defaults
[0.181s] Level 1:colcon.colcon_core.package_discovery:discover_packages(path) discover
[0.181s] Level 1:colcon.colcon_core.package_discovery:discover_packages(path) using defaults
[0.193s] Level 1:colcon.colcon_core.package_discovery:discover_packages(prefix_path) check parameters
[0.193s] Level 1:colcon.colcon_core.package_discovery:discover_packages(prefix_path) discover
[0.194s] DEBUG:colcon.colcon_installed_package_information.package_discovery:Found 5 installed packages in /home/sora/colcon_ws/install
[0.195s] DEBUG:colcon.colcon_installed_package_information.package_discovery:Found 393 installed packages in /opt/ros/humble
[0.197s] Level 1:colcon.colcon_core.package_discovery:discover_packages(prefix_path) using defaults
[0.219s] Level 5:colcon.colcon_core.verb:set package 'apf_python_example' build argument 'cmake_args' from command line to 'None'
[0.219s] Level 5:colcon.colcon_core.verb:set package 'apf_python_example' build argument 'cmake_target' from command line to 'None'
[0.219s] Level 5:colcon.colcon_core.verb:set package 'apf_python_example' build argument 'cmake_target_skip_unavailable' from command line to 'False'
[0.219s] Level 5:colcon.colcon_core.verb:set package 'apf_python_example' build argument 'cmake_clean_cache' from command line to 'False'
[0.219s] Level 5:colcon.colcon_core.verb:set package 'apf_python_example' build argument 'cmake_clean_first' from command line to 'False'
[0.219s] Level 5:colcon.colcon_core.verb:set package 'apf_python_example' build argument 'cmake_force_configure' from command line to 'False'
[0.219s] Level 5:colcon.colcon_core.verb:set package 'apf_python_example' build argument 'ament_cmake_args' from command line to 'None'
[0.219s] Level 5:colcon.colcon_core.verb:set package 'apf_python_example' build argument 'catkin_cmake_args' from command line to 'None'
[0.219s] Level 5:colcon.colcon_core.verb:set package 'apf_python_example' build argument 'catkin_skip_building_tests' from command line to 'False'
[0.220s] DEBUG:colcon.colcon_core.verb:Building package 'apf_python_example' with the following arguments: {'ament_cmake_args': None, 'build_base': '/home/sora/colcon_ws/build/apf_python_example', 'catkin_cmake_args': None, 'catkin_skip_building_tests': False, 'cmake_args': None, 'cmake_clean_cache': False, 'cmake_clean_first': False, 'cmake_force_configure': False, 'cmake_target': None, 'cmake_target_skip_unavailable': False, 'install_base': '/home/sora/colcon_ws/install/apf_python_example', 'merge_install': False, 'path': '/home/sora/colcon_ws/src/nav2_pyif/apf_python_example', 'symlink_install': True, 'test_result_base': None}
[0.220s] Level 5:colcon.colcon_core.verb:set package 'crowdnav_base' build argument 'cmake_args' from command line to 'None'
[0.220s] Level 5:colcon.colcon_core.verb:set package 'crowdnav_base' build argument 'cmake_target' from command line to 'None'
[0.220s] Level 5:colcon.colcon_core.verb:set package 'crowdnav_base' build argument 'cmake_target_skip_unavailable' from command line to 'False'
[0.220s] Level 5:colcon.colcon_core.verb:set package 'crowdnav_base' build argument 'cmake_clean_cache' from command line to 'False'
[0.220s] Level 5:colcon.colcon_core.verb:set package 'crowdnav_base' build argument 'cmake_clean_first' from command line to 'False'
[0.220s] Level 5:colcon.colcon_core.verb:set package 'crowdnav_base' build argument 'cmake_force_configure' from command line to 'False'
[0.220s] Level 5:colcon.colcon_core.verb:set package 'crowdnav_base' build argument 'ament_cmake_args' from command line to 'None'
[0.220s] Level 5:colcon.colcon_core.verb:set package 'crowdnav_base' build argument 'catkin_cmake_args' from command line to 'None'
[0.220s] Level 5:colcon.colcon_core.verb:set package 'crowdnav_base' build argument 'catkin_skip_building_tests' from command line to 'False'
[0.220s] DEBUG:colcon.colcon_core.verb:Building package 'crowdnav_base' with the following arguments: {'ament_cmake_args': None, 'build_base': '/home/sora/colcon_ws/build/crowdnav_base', 'catkin_cmake_args': None, 'catkin_skip_building_tests': False, 'cmake_args': None, 'cmake_clean_cache': False, 'cmake_clean_first': False, 'cmake_force_configure': False, 'cmake_target': None, 'cmake_target_skip_unavailable': False, 'install_base': '/home/sora/colcon_ws/install/crowdnav_base', 'merge_install': False, 'path': '/home/sora/colcon_ws/src/CrowdNav_Prediction_AttnGraph', 'symlink_install': True, 'test_result_base': None}
[0.220s] Level 5:colcon.colcon_core.verb:set package 'nav2_pyif' build argument 'cmake_args' from command line to 'None'
[0.220s] Level 5:colcon.colcon_core.verb:set package 'nav2_pyif' build argument 'cmake_target' from command line to 'None'
[0.220s] Level 5:colcon.colcon_core.verb:set package 'nav2_pyif' build argument 'cmake_target_skip_unavailable' from command line to 'False'
[0.220s] Level 5:colcon.colcon_core.verb:set package 'nav2_pyif' build argument 'cmake_clean_cache' from command line to 'False'
[0.220s] Level 5:colcon.colcon_core.verb:set package 'nav2_pyif' build argument 'cmake_clean_first' from command line to 'False'
[0.220s] Level 5:colcon.colcon_core.verb:set package 'nav2_pyif' build argument 'cmake_force_configure' from command line to 'False'
[0.220s] Level 5:colcon.colcon_core.verb:set package 'nav2_pyif' build argument 'ament_cmake_args' from command line to 'None'
[0.220s] Level 5:colcon.colcon_core.verb:set package 'nav2_pyif' build argument 'catkin_cmake_args' from command line to 'None'
[0.220s] Level 5:colcon.colcon_core.verb:set package 'nav2_pyif' build argument 'catkin_skip_building_tests' from command line to 'False'
[0.220s] DEBUG:colcon.colcon_core.verb:Building package 'nav2_pyif' with the following arguments: {'ament_cmake_args': None, 'build_base': '/home/sora/colcon_ws/build/nav2_pyif', 'catkin_cmake_args': None, 'catkin_skip_building_tests': False, 'cmake_args': None, 'cmake_clean_cache': False, 'cmake_clean_first': False, 'cmake_force_configure': False, 'cmake_target': None, 'cmake_target_skip_unavailable': False, 'install_base': '/home/sora/colcon_ws/install/nav2_pyif', 'merge_install': False, 'path': '/home/sora/colcon_ws/src/nav2_pyif/nav2_pyif', 'symlink_install': True, 'test_result_base': None}
[0.220s] Level 5:colcon.colcon_core.verb:set package 'crowdnav_planner' build argument 'cmake_args' from command line to 'None'
[0.220s] Level 5:colcon.colcon_core.verb:set package 'crowdnav_planner' build argument 'cmake_target' from command line to 'None'
[0.220s] Level 5:colcon.colcon_core.verb:set package 'crowdnav_planner' build argument 'cmake_target_skip_unavailable' from command line to 'False'
[0.220s] Level 5:colcon.colcon_core.verb:set package 'crowdnav_planner' build argument 'cmake_clean_cache' from command line to 'False'
[0.220s] Level 5:colcon.colcon_core.verb:set package 'crowdnav_planner' build argument 'cmake_clean_first' from command line to 'False'
[0.220s] Level 5:colcon.colcon_core.verb:set package 'crowdnav_planner' build argument 'cmake_force_configure' from command line to 'False'
[0.220s] Level 5:colcon.colcon_core.verb:set package 'crowdnav_planner' build argument 'ament_cmake_args' from command line to 'None'
[0.220s] Level 5:colcon.colcon_core.verb:set package 'crowdnav_planner' build argument 'catkin_cmake_args' from command line to 'None'
[0.220s] Level 5:colcon.colcon_core.verb:set package 'crowdnav_planner' build argument 'catkin_skip_building_tests' from command line to 'False'
[0.220s] DEBUG:colcon.colcon_core.verb:Building package 'crowdnav_planner' with the following arguments: {'ament_cmake_args': None, 'build_base': '/home/sora/colcon_ws/build/crowdnav_planner', 'catkin_cmake_args': None, 'catkin_skip_building_tests': False, 'cmake_args': None, 'cmake_clean_cache': False, 'cmake_clean_first': False, 'cmake_force_configure': False, 'cmake_target': None, 'cmake_target_skip_unavailable': False, 'install_base': '/home/sora/colcon_ws/install/crowdnav_planner', 'merge_install': False, 'path': '/home/sora/colcon_ws/src/crowdnav_planners', 'symlink_install': True, 'test_result_base': None}
[0.221s] Level 5:colcon.colcon_core.verb:set package 'nav2_pyif_controller' build argument 'cmake_args' from command line to 'None'
[0.221s] Level 5:colcon.colcon_core.verb:set package 'nav2_pyif_controller' build argument 'cmake_target' from command line to 'None'
[0.221s] Level 5:colcon.colcon_core.verb:set package 'nav2_pyif_controller' build argument 'cmake_target_skip_unavailable' from command line to 'False'
[0.221s] Level 5:colcon.colcon_core.verb:set package 'nav2_pyif_controller' build argument 'cmake_clean_cache' from command line to 'False'
[0.221s] Level 5:colcon.colcon_core.verb:set package 'nav2_pyif_controller' build argument 'cmake_clean_first' from command line to 'False'
[0.221s] Level 5:colcon.colcon_core.verb:set package 'nav2_pyif_controller' build argument 'cmake_force_configure' from command line to 'False'
[0.221s] Level 5:colcon.colcon_core.verb:set package 'nav2_pyif_controller' build argument 'ament_cmake_args' from command line to 'None'
[0.221s] Level 5:colcon.colcon_core.verb:set package 'nav2_pyif_controller' build argument 'catkin_cmake_args' from command line to 'None'
[0.221s] Level 5:colcon.colcon_core.verb:set package 'nav2_pyif_controller' build argument 'catkin_skip_building_tests' from command line to 'False'
[0.221s] DEBUG:colcon.colcon_core.verb:Building package 'nav2_pyif_controller' with the following arguments: {'ament_cmake_args': None, 'build_base': '/home/sora/colcon_ws/build/nav2_pyif_controller', 'catkin_cmake_args': None, 'catkin_skip_building_tests': False, 'cmake_args': None, 'cmake_clean_cache': False, 'cmake_clean_first': False, 'cmake_force_configure': False, 'cmake_target': None, 'cmake_target_skip_unavailable': False, 'install_base': '/home/sora/colcon_ws/install/nav2_pyif_controller', 'merge_install': False, 'path': '/home/sora/colcon_ws/src/nav2_pyif/nav2_pyif_controller', 'symlink_install': True, 'test_result_base': None}
[0.221s] INFO:colcon.colcon_core.executor:Executing jobs using 'parallel' executor
[0.222s] DEBUG:colcon.colcon_parallel_executor.executor.parallel:run_until_complete
[0.222s] INFO:colcon.colcon_ros.task.ament_python.build:Building ROS package in '/home/sora/colcon_ws/src/CrowdNav_Prediction_AttnGraph' with build type 'ament_python'
[0.222s] Level 1:colcon.colcon_core.shell:create_environment_hook('crowdnav_base', 'ament_prefix_path')
[0.223s] INFO:colcon.colcon_core.plugin_system:Skipping extension 'colcon_core.shell.bat': Not used on non-Windows systems
[0.223s] INFO:colcon.colcon_core.shell:Creating environment hook '/home/sora/colcon_ws/install/crowdnav_base/share/crowdnav_base/hook/ament_prefix_path.ps1'
[0.224s] INFO:colcon.colcon_core.shell:Creating environment descriptor '/home/sora/colcon_ws/install/crowdnav_base/share/crowdnav_base/hook/ament_prefix_path.dsv'
[0.224s] INFO:colcon.colcon_core.shell:Creating environment hook '/home/sora/colcon_ws/install/crowdnav_base/share/crowdnav_base/hook/ament_prefix_path.sh'
[0.224s] INFO:colcon.colcon_core.shell:Skip shell extension 'powershell' for command environment: Not usable outside of PowerShell
[0.224s] DEBUG:colcon.colcon_core.shell:Skip shell extension 'dsv' for command environment
[0.227s] INFO:colcon.colcon_ros.task.ament_cmake.build:Building ROS package in '/home/sora/colcon_ws/src/nav2_pyif/nav2_pyif' with build type 'ament_cmake'
[0.227s] INFO:colcon.colcon_cmake.task.cmake.build:Building CMake package in '/home/sora/colcon_ws/src/nav2_pyif/nav2_pyif'
[0.227s] INFO:colcon.colcon_core.shell:Skip shell extension 'powershell' for command environment: Not usable outside of PowerShell
[0.227s] DEBUG:colcon.colcon_core.shell:Skip shell extension 'dsv' for command environment
[0.229s] INFO:colcon.colcon_ros.task.ament_python.build:Building ROS package in '/home/sora/colcon_ws/src/nav2_pyif/apf_python_example' with build type 'ament_python'
[0.229s] Level 1:colcon.colcon_core.shell:create_environment_hook('apf_python_example', 'ament_prefix_path')
[0.230s] INFO:colcon.colcon_core.shell:Creating environment hook '/home/sora/colcon_ws/install/apf_python_example/share/apf_python_example/hook/ament_prefix_path.ps1'
[0.230s] INFO:colcon.colcon_core.shell:Creating environment descriptor '/home/sora/colcon_ws/install/apf_python_example/share/apf_python_example/hook/ament_prefix_path.dsv'
[0.230s] INFO:colcon.colcon_core.shell:Creating environment hook '/home/sora/colcon_ws/install/apf_python_example/share/apf_python_example/hook/ament_prefix_path.sh'
[0.230s] INFO:colcon.colcon_core.shell:Skip shell extension 'powershell' for command environment: Not usable outside of PowerShell
[0.230s] DEBUG:colcon.colcon_core.shell:Skip shell extension 'dsv' for command environment
[0.406s] WARNING:colcon.colcon_ros.task.ament_python.build:Package 'crowdnav_base' doesn't explicitly install a marker in the package index (colcon-ros currently does it implicitly but that fallback will be removed in the future)
[0.406s] INFO:colcon.colcon_core.task.python.build:Building Python package in '/home/sora/colcon_ws/src/CrowdNav_Prediction_AttnGraph'
[0.406s] INFO:colcon.colcon_core.shell:Skip shell extension 'powershell' for command environment: Not usable outside of PowerShell
[0.406s] DEBUG:colcon.colcon_core.shell:Skip shell extension 'dsv' for command environment
[0.412s] DEBUG:colcon.colcon_core.event_handler.log_command:Invoking command in '/home/sora/colcon_ws/build/nav2_pyif': CMAKE_PREFIX_PATH=${CMAKE_PREFIX_PATH}:/home/sora/colcon_ws/install/crowdnav_base:/home/sora/colcon_ws/install/crowdnav_planner:/home/sora/colcon_ws/install/apf_python_example:/opt/ros/humble /home/sora/.local/bin/cmake --build /home/sora/colcon_ws/build/nav2_pyif -- -j32 -l32
[0.581s] INFO:colcon.colcon_core.task.python.build:Building Python package in '/home/sora/colcon_ws/src/nav2_pyif/apf_python_example'
[0.582s] INFO:colcon.colcon_core.shell:Skip shell extension 'powershell' for command environment: Not usable outside of PowerShell
[0.582s] DEBUG:colcon.colcon_core.shell:Skip shell extension 'dsv' for command environment
[0.589s] DEBUG:colcon.colcon_core.event_handler.log_command:Invoked command in '/home/sora/colcon_ws/build/nav2_pyif' returned '0': CMAKE_PREFIX_PATH=${CMAKE_PREFIX_PATH}:/home/sora/colcon_ws/install/crowdnav_base:/home/sora/colcon_ws/install/crowdnav_planner:/home/sora/colcon_ws/install/apf_python_example:/opt/ros/humble /home/sora/.local/bin/cmake --build /home/sora/colcon_ws/build/nav2_pyif -- -j32 -l32
[0.614s] DEBUG:colcon.colcon_core.event_handler.log_command:Invoking command in '/home/sora/colcon_ws/build/nav2_pyif': CMAKE_PREFIX_PATH=${CMAKE_PREFIX_PATH}:/home/sora/colcon_ws/install/crowdnav_base:/home/sora/colcon_ws/install/crowdnav_planner:/home/sora/colcon_ws/install/apf_python_example:/opt/ros/humble /home/sora/.local/bin/cmake --install /home/sora/colcon_ws/build/nav2_pyif
[0.652s] Level 1:colcon.colcon_core.environment:create_environment_scripts_only(nav2_pyif)
[0.653s] DEBUG:colcon.colcon_core.event_handler.log_command:Invoked command in '/home/sora/colcon_ws/build/nav2_pyif' returned '0': CMAKE_PREFIX_PATH=${CMAKE_PREFIX_PATH}:/home/sora/colcon_ws/install/crowdnav_base:/home/sora/colcon_ws/install/crowdnav_planner:/home/sora/colcon_ws/install/apf_python_example:/opt/ros/humble /home/sora/.local/bin/cmake --install /home/sora/colcon_ws/build/nav2_pyif
[0.654s] Level 1:colcon.colcon_core.environment:checking '/home/sora/colcon_ws/install/nav2_pyif' for CMake module files
[0.654s] Level 1:colcon.colcon_core.environment:checking '/home/sora/colcon_ws/install/nav2_pyif' for CMake config files
[0.654s] Level 1:colcon.colcon_core.shell:create_environment_hook('nav2_pyif', 'cmake_prefix_path')
[0.655s] INFO:colcon.colcon_core.shell:Creating environment hook '/home/sora/colcon_ws/install/nav2_pyif/share/nav2_pyif/hook/cmake_prefix_path.ps1'
[0.655s] INFO:colcon.colcon_core.shell:Creating environment descriptor '/home/sora/colcon_ws/install/nav2_pyif/share/nav2_pyif/hook/cmake_prefix_path.dsv'
[0.655s] INFO:colcon.colcon_core.shell:Creating environment hook '/home/sora/colcon_ws/install/nav2_pyif/share/nav2_pyif/hook/cmake_prefix_path.sh'
[0.656s] Level 1:colcon.colcon_core.environment:checking '/home/sora/colcon_ws/install/nav2_pyif/lib'
[0.656s] Level 1:colcon.colcon_core.shell:create_environment_hook('nav2_pyif', 'ld_library_path_lib')
[0.656s] INFO:colcon.colcon_core.shell:Creating environment hook '/home/sora/colcon_ws/install/nav2_pyif/share/nav2_pyif/hook/ld_library_path_lib.ps1'
[0.656s] INFO:colcon.colcon_core.shell:Creating environment descriptor '/home/sora/colcon_ws/install/nav2_pyif/share/nav2_pyif/hook/ld_library_path_lib.dsv'
[0.656s] INFO:colcon.colcon_core.shell:Creating environment hook '/home/sora/colcon_ws/install/nav2_pyif/share/nav2_pyif/hook/ld_library_path_lib.sh'
[0.656s] Level 1:colcon.colcon_core.environment:checking '/home/sora/colcon_ws/install/nav2_pyif/bin'
[0.656s] Level 1:colcon.colcon_core.environment:checking '/home/sora/colcon_ws/install/nav2_pyif/lib/pkgconfig/nav2_pyif.pc'
[0.657s] Level 1:colcon.colcon_core.environment:checking '/home/sora/colcon_ws/install/nav2_pyif/lib/python3.10/site-packages'
[0.657s] Level 1:colcon.colcon_core.environment:checking '/home/sora/colcon_ws/install/nav2_pyif/bin'
[0.657s] INFO:colcon.colcon_core.shell:Creating package script '/home/sora/colcon_ws/install/nav2_pyif/share/nav2_pyif/package.ps1'
[0.657s] INFO:colcon.colcon_core.shell:Creating package descriptor '/home/sora/colcon_ws/install/nav2_pyif/share/nav2_pyif/package.dsv'
[0.658s] INFO:colcon.colcon_core.shell:Creating package script '/home/sora/colcon_ws/install/nav2_pyif/share/nav2_pyif/package.sh'
[0.658s] INFO:colcon.colcon_core.shell:Creating package script '/home/sora/colcon_ws/install/nav2_pyif/share/nav2_pyif/package.bash'
[0.659s] INFO:colcon.colcon_core.shell:Creating package script '/home/sora/colcon_ws/install/nav2_pyif/share/nav2_pyif/package.zsh'
[0.659s] Level 1:colcon.colcon_core.environment:create_file_with_runtime_dependencies(/home/sora/colcon_ws/install/nav2_pyif/share/colcon-core/packages/nav2_pyif)
[0.659s] Level 1:colcon.colcon_core.environment:create_environment_scripts_only(nav2_pyif)
[0.659s] Level 1:colcon.colcon_core.environment:checking '/home/sora/colcon_ws/install/nav2_pyif' for CMake module files
[0.660s] Level 1:colcon.colcon_core.environment:checking '/home/sora/colcon_ws/install/nav2_pyif' for CMake config files
[0.660s] Level 1:colcon.colcon_core.shell:create_environment_hook('nav2_pyif', 'cmake_prefix_path')
[0.660s] INFO:colcon.colcon_core.shell:Creating environment hook '/home/sora/colcon_ws/install/nav2_pyif/share/nav2_pyif/hook/cmake_prefix_path.ps1'
[0.660s] INFO:colcon.colcon_core.shell:Creating environment descriptor '/home/sora/colcon_ws/install/nav2_pyif/share/nav2_pyif/hook/cmake_prefix_path.dsv'
[0.660s] INFO:colcon.colcon_core.shell:Creating environment hook '/home/sora/colcon_ws/install/nav2_pyif/share/nav2_pyif/hook/cmake_prefix_path.sh'
[0.661s] Level 1:colcon.colcon_core.environment:checking '/home/sora/colcon_ws/install/nav2_pyif/lib'
[0.661s] Level 1:colcon.colcon_core.shell:create_environment_hook('nav2_pyif', 'ld_library_path_lib')
[0.661s] INFO:colcon.colcon_core.shell:Creating environment hook '/home/sora/colcon_ws/install/nav2_pyif/share/nav2_pyif/hook/ld_library_path_lib.ps1'
[0.661s] INFO:colcon.colcon_core.shell:Creating environment descriptor '/home/sora/colcon_ws/install/nav2_pyif/share/nav2_pyif/hook/ld_library_path_lib.dsv'
[0.661s] INFO:colcon.colcon_core.shell:Creating environment hook '/home/sora/colcon_ws/install/nav2_pyif/share/nav2_pyif/hook/ld_library_path_lib.sh'
[0.661s] Level 1:colcon.colcon_core.environment:checking '/home/sora/colcon_ws/install/nav2_pyif/bin'
[0.661s] Level 1:colcon.colcon_core.environment:checking '/home/sora/colcon_ws/install/nav2_pyif/lib/pkgconfig/nav2_pyif.pc'
[0.662s] Level 1:colcon.colcon_core.environment:checking '/home/sora/colcon_ws/install/nav2_pyif/lib/python3.10/site-packages'
[0.662s] Level 1:colcon.colcon_core.environment:checking '/home/sora/colcon_ws/install/nav2_pyif/bin'
[0.662s] INFO:colcon.colcon_core.shell:Creating package script '/home/sora/colcon_ws/install/nav2_pyif/share/nav2_pyif/package.ps1'
[0.662s] INFO:colcon.colcon_core.shell:Creating package descriptor '/home/sora/colcon_ws/install/nav2_pyif/share/nav2_pyif/package.dsv'
[0.662s] INFO:colcon.colcon_core.shell:Creating package script '/home/sora/colcon_ws/install/nav2_pyif/share/nav2_pyif/package.sh'
[0.663s] INFO:colcon.colcon_core.shell:Creating package script '/home/sora/colcon_ws/install/nav2_pyif/share/nav2_pyif/package.bash'
[0.663s] INFO:colcon.colcon_core.shell:Creating package script '/home/sora/colcon_ws/install/nav2_pyif/share/nav2_pyif/package.zsh'
[0.663s] Level 1:colcon.colcon_core.environment:create_file_with_runtime_dependencies(/home/sora/colcon_ws/install/nav2_pyif/share/colcon-core/packages/nav2_pyif)
[0.663s] INFO:colcon.colcon_ros.task.ament_cmake.build:Building ROS package in '/home/sora/colcon_ws/src/nav2_pyif/nav2_pyif_controller' with build type 'ament_cmake'
[0.663s] INFO:colcon.colcon_cmake.task.cmake.build:Building CMake package in '/home/sora/colcon_ws/src/nav2_pyif/nav2_pyif_controller'
[0.663s] INFO:colcon.colcon_core.shell:Skip shell extension 'powershell' for command environment: Not usable outside of PowerShell
[0.663s] DEBUG:colcon.colcon_core.shell:Skip shell extension 'dsv' for command environment
[0.674s] DEBUG:colcon.colcon_core.event_handler.log_command:Invoking command in '/home/sora/colcon_ws/build/nav2_pyif_controller': CMAKE_PREFIX_PATH=/home/sora/colcon_ws/install/nav2_pyif:/home/sora/colcon_ws/install/nav2_pyif_controller:/home/sora/colcon_ws/install/crowdnav_base:/home/sora/colcon_ws/install/crowdnav_planner:/home/sora/colcon_ws/install/apf_python_example:/opt/ros/humble LD_LIBRARY_PATH=/home/sora/colcon_ws/install/nav2_pyif/lib:/usr/local/cuda/lib64:/home/sora/colcon_ws/install/nav2_pyif_controller/lib:/usr/local/cuda/lib64:/opt/ros/humble/opt/rviz_ogre_vendor/lib:/opt/ros/humble/lib/x86_64-linux-gnu:/opt/ros/humble/lib /home/sora/.local/bin/cmake --build /home/sora/colcon_ws/build/nav2_pyif_controller -- -j32 -l32
[0.741s] DEBUG:colcon.colcon_core.event_handler.log_command:Invoked command in '/home/sora/colcon_ws/build/nav2_pyif_controller' returned '0': CMAKE_PREFIX_PATH=/home/sora/colcon_ws/install/nav2_pyif:/home/sora/colcon_ws/install/nav2_pyif_controller:/home/sora/colcon_ws/install/crowdnav_base:/home/sora/colcon_ws/install/crowdnav_planner:/home/sora/colcon_ws/install/apf_python_example:/opt/ros/humble LD_LIBRARY_PATH=/home/sora/colcon_ws/install/nav2_pyif/lib:/usr/local/cuda/lib64:/home/sora/colcon_ws/install/nav2_pyif_controller/lib:/usr/local/cuda/lib64:/opt/ros/humble/opt/rviz_ogre_vendor/lib:/opt/ros/humble/lib/x86_64-linux-gnu:/opt/ros/humble/lib /home/sora/.local/bin/cmake --build /home/sora/colcon_ws/build/nav2_pyif_controller -- -j32 -l32
[0.742s] DEBUG:colcon.colcon_core.event_handler.log_command:Invoking command in '/home/sora/colcon_ws/build/nav2_pyif_controller': CMAKE_PREFIX_PATH=/home/sora/colcon_ws/install/nav2_pyif:/home/sora/colcon_ws/install/nav2_pyif_controller:/home/sora/colcon_ws/install/crowdnav_base:/home/sora/colcon_ws/install/crowdnav_planner:/home/sora/colcon_ws/install/apf_python_example:/opt/ros/humble LD_LIBRARY_PATH=/home/sora/colcon_ws/install/nav2_pyif/lib:/usr/local/cuda/lib64:/home/sora/colcon_ws/install/nav2_pyif_controller/lib:/usr/local/cuda/lib64:/opt/ros/humble/opt/rviz_ogre_vendor/lib:/opt/ros/humble/lib/x86_64-linux-gnu:/opt/ros/humble/lib /home/sora/.local/bin/cmake --install /home/sora/colcon_ws/build/nav2_pyif_controller
[0.779s] Level 1:colcon.colcon_core.environment:create_environment_scripts_only(nav2_pyif_controller)
[0.779s] Level 1:colcon.colcon_core.environment:checking '/home/sora/colcon_ws/install/nav2_pyif_controller' for CMake module files
[0.779s] DEBUG:colcon.colcon_core.event_handler.log_command:Invoked command in '/home/sora/colcon_ws/build/nav2_pyif_controller' returned '0': CMAKE_PREFIX_PATH=/home/sora/colcon_ws/install/nav2_pyif:/home/sora/colcon_ws/install/nav2_pyif_controller:/home/sora/colcon_ws/install/crowdnav_base:/home/sora/colcon_ws/install/crowdnav_planner:/home/sora/colcon_ws/install/apf_python_example:/opt/ros/humble LD_LIBRARY_PATH=/home/sora/colcon_ws/install/nav2_pyif/lib:/usr/local/cuda/lib64:/home/sora/colcon_ws/install/nav2_pyif_controller/lib:/usr/local/cuda/lib64:/opt/ros/humble/opt/rviz_ogre_vendor/lib:/opt/ros/humble/lib/x86_64-linux-gnu:/opt/ros/humble/lib /home/sora/.local/bin/cmake --install /home/sora/colcon_ws/build/nav2_pyif_controller
[0.780s] Level 1:colcon.colcon_core.environment:checking '/home/sora/colcon_ws/install/nav2_pyif_controller' for CMake config files
[0.780s] Level 1:colcon.colcon_core.shell:create_environment_hook('nav2_pyif_controller', 'cmake_prefix_path')
[0.780s] INFO:colcon.colcon_core.shell:Creating environment hook '/home/sora/colcon_ws/install/nav2_pyif_controller/share/nav2_pyif_controller/hook/cmake_prefix_path.ps1'
[0.780s] INFO:colcon.colcon_core.shell:Creating environment descriptor '/home/sora/colcon_ws/install/nav2_pyif_controller/share/nav2_pyif_controller/hook/cmake_prefix_path.dsv'
[0.781s] INFO:colcon.colcon_core.shell:Creating environment hook '/home/sora/colcon_ws/install/nav2_pyif_controller/share/nav2_pyif_controller/hook/cmake_prefix_path.sh'
[0.781s] Level 1:colcon.colcon_core.environment:checking '/home/sora/colcon_ws/install/nav2_pyif_controller/lib'
[0.781s] Level 1:colcon.colcon_core.shell:create_environment_hook('nav2_pyif_controller', 'ld_library_path_lib')
[0.781s] INFO:colcon.colcon_core.shell:Creating environment hook '/home/sora/colcon_ws/install/nav2_pyif_controller/share/nav2_pyif_controller/hook/ld_library_path_lib.ps1'
[0.781s] INFO:colcon.colcon_core.shell:Creating environment descriptor '/home/sora/colcon_ws/install/nav2_pyif_controller/share/nav2_pyif_controller/hook/ld_library_path_lib.dsv'
[0.782s] INFO:colcon.colcon_core.shell:Creating environment hook '/home/sora/colcon_ws/install/nav2_pyif_controller/share/nav2_pyif_controller/hook/ld_library_path_lib.sh'
[0.782s] Level 1:colcon.colcon_core.environment:checking '/home/sora/colcon_ws/install/nav2_pyif_controller/bin'
[0.782s] Level 1:colcon.colcon_core.environment:checking '/home/sora/colcon_ws/install/nav2_pyif_controller/lib/pkgconfig/nav2_pyif_controller.pc'
[0.782s] Level 1:colcon.colcon_core.environment:checking '/home/sora/colcon_ws/install/nav2_pyif_controller/lib/python3.10/site-packages'
[0.782s] Level 1:colcon.colcon_core.environment:checking '/home/sora/colcon_ws/install/nav2_pyif_controller/bin'
[0.783s] INFO:colcon.colcon_core.shell:Creating package script '/home/sora/colcon_ws/install/nav2_pyif_controller/share/nav2_pyif_controller/package.ps1'
[0.783s] INFO:colcon.colcon_core.shell:Creating package descriptor '/home/sora/colcon_ws/install/nav2_pyif_controller/share/nav2_pyif_controller/package.dsv'
[0.783s] INFO:colcon.colcon_core.shell:Creating package script '/home/sora/colcon_ws/install/nav2_pyif_controller/share/nav2_pyif_controller/package.sh'
[0.783s] INFO:colcon.colcon_core.shell:Creating package script '/home/sora/colcon_ws/install/nav2_pyif_controller/share/nav2_pyif_controller/package.bash'
[0.784s] INFO:colcon.colcon_core.shell:Creating package script '/home/sora/colcon_ws/install/nav2_pyif_controller/share/nav2_pyif_controller/package.zsh'
[0.784s] Level 1:colcon.colcon_core.environment:create_file_with_runtime_dependencies(/home/sora/colcon_ws/install/nav2_pyif_controller/share/colcon-core/packages/nav2_pyif_controller)
[0.784s] Level 1:colcon.colcon_core.environment:create_environment_scripts_only(nav2_pyif_controller)
[0.785s] Level 1:colcon.colcon_core.environment:checking '/home/sora/colcon_ws/install/nav2_pyif_controller' for CMake module files
[0.785s] Level 1:colcon.colcon_core.environment:checking '/home/sora/colcon_ws/install/nav2_pyif_controller' for CMake config files
[0.785s] Level 1:colcon.colcon_core.shell:create_environment_hook('nav2_pyif_controller', 'cmake_prefix_path')
[0.785s] INFO:colcon.colcon_core.shell:Creating environment hook '/home/sora/colcon_ws/install/nav2_pyif_controller/share/nav2_pyif_controller/hook/cmake_prefix_path.ps1'
[0.785s] INFO:colcon.colcon_core.shell:Creating environment descriptor '/home/sora/colcon_ws/install/nav2_pyif_controller/share/nav2_pyif_controller/hook/cmake_prefix_path.dsv'
[0.786s] INFO:colcon.colcon_core.shell:Creating environment hook '/home/sora/colcon_ws/install/nav2_pyif_controller/share/nav2_pyif_controller/hook/cmake_prefix_path.sh'
[0.786s] Level 1:colcon.colcon_core.environment:checking '/home/sora/colcon_ws/install/nav2_pyif_controller/lib'
[0.786s] Level 1:colcon.colcon_core.shell:create_environment_hook('nav2_pyif_controller', 'ld_library_path_lib')
[0.786s] INFO:colcon.colcon_core.shell:Creating environment hook '/home/sora/colcon_ws/install/nav2_pyif_controller/share/nav2_pyif_controller/hook/ld_library_path_lib.ps1'
[0.786s] INFO:colcon.colcon_core.shell:Creating environment descriptor '/home/sora/colcon_ws/install/nav2_pyif_controller/share/nav2_pyif_controller/hook/ld_library_path_lib.dsv'
[0.787s] INFO:colcon.colcon_core.shell:Creating environment hook '/home/sora/colcon_ws/install/nav2_pyif_controller/share/nav2_pyif_controller/hook/ld_library_path_lib.sh'
[0.787s] Level 1:colcon.colcon_core.environment:checking '/home/sora/colcon_ws/install/nav2_pyif_controller/bin'
[0.787s] Level 1:colcon.colcon_core.environment:checking '/home/sora/colcon_ws/install/nav2_pyif_controller/lib/pkgconfig/nav2_pyif_controller.pc'
[0.787s] Level 1:colcon.colcon_core.environment:checking '/home/sora/colcon_ws/install/nav2_pyif_controller/lib/python3.10/site-packages'
[0.787s] Level 1:colcon.colcon_core.environment:checking '/home/sora/colcon_ws/install/nav2_pyif_controller/bin'
[0.787s] INFO:colcon.colcon_core.shell:Creating package script '/home/sora/colcon_ws/install/nav2_pyif_controller/share/nav2_pyif_controller/package.ps1'
[0.788s] INFO:colcon.colcon_core.shell:Creating package descriptor '/home/sora/colcon_ws/install/nav2_pyif_controller/share/nav2_pyif_controller/package.dsv'
[0.788s] INFO:colcon.colcon_core.shell:Creating package script '/home/sora/colcon_ws/install/nav2_pyif_controller/share/nav2_pyif_controller/package.sh'
[0.788s] INFO:colcon.colcon_core.shell:Creating package script '/home/sora/colcon_ws/install/nav2_pyif_controller/share/nav2_pyif_controller/package.bash'
[0.788s] INFO:colcon.colcon_core.shell:Creating package script '/home/sora/colcon_ws/install/nav2_pyif_controller/share/nav2_pyif_controller/package.zsh'
[0.789s] Level 1:colcon.colcon_core.environment:create_file_with_runtime_dependencies(/home/sora/colcon_ws/install/nav2_pyif_controller/share/colcon-core/packages/nav2_pyif_controller)
[0.894s] DEBUG:colcon.colcon_core.event_handler.log_command:Invoking command in '/home/sora/colcon_ws/build/apf_python_example': PYTHONPATH=/home/sora/colcon_ws/build/apf_python_example/prefix_override:/usr/lib/python3/dist-packages/colcon_core/task/python/colcon_distutils_commands:/home/sora/colcon_ws/install/apf_python_example/lib/python3.10/site-packages:${PYTHONPATH} /usr/bin/python3 -W ignore:setup.py install is deprecated -W ignore:easy_install command is deprecated setup.py develop --editable --build-directory /home/sora/colcon_ws/build/apf_python_example/build --no-deps symlink_data
[0.921s] DEBUG:colcon.colcon_core.event_handler.log_command:Invoking command in '/home/sora/colcon_ws/build/crowdnav_base': PYTHONPATH=/home/sora/colcon_ws/build/crowdnav_base/prefix_override:/usr/lib/python3/dist-packages/colcon_core/task/python/colcon_distutils_commands:/home/sora/colcon_ws/install/crowdnav_base/lib/python3.10/site-packages:${PYTHONPATH} /usr/bin/python3 -W ignore:setup.py install is deprecated -W ignore:easy_install command is deprecated setup.py develop --editable --build-directory /home/sora/colcon_ws/build/crowdnav_base/build --no-deps symlink_data
[1.259s] Level 1:colcon.colcon_core.shell:create_environment_hook('apf_python_example', 'pythonpath_develop')
[1.260s] INFO:colcon.colcon_core.shell:Creating environment hook '/home/sora/colcon_ws/build/apf_python_example/share/apf_python_example/hook/pythonpath_develop.ps1'
[1.260s] DEBUG:colcon.colcon_core.event_handler.log_command:Invoked command in '/home/sora/colcon_ws/build/apf_python_example' returned '0': PYTHONPATH=/home/sora/colcon_ws/build/apf_python_example/prefix_override:/usr/lib/python3/dist-packages/colcon_core/task/python/colcon_distutils_commands:/home/sora/colcon_ws/install/apf_python_example/lib/python3.10/site-packages:${PYTHONPATH} /usr/bin/python3 -W ignore:setup.py install is deprecated -W ignore:easy_install command is deprecated setup.py develop --editable --build-directory /home/sora/colcon_ws/build/apf_python_example/build --no-deps symlink_data
[1.261s] INFO:colcon.colcon_core.shell:Creating environment descriptor '/home/sora/colcon_ws/build/apf_python_example/share/apf_python_example/hook/pythonpath_develop.dsv'
[1.261s] INFO:colcon.colcon_core.shell:Creating environment hook '/home/sora/colcon_ws/build/apf_python_example/share/apf_python_example/hook/pythonpath_develop.sh'
[1.262s] Level 1:colcon.colcon_core.environment:checking '/home/sora/colcon_ws/install/apf_python_example' for CMake module files
[1.262s] Level 1:colcon.colcon_core.environment:checking '/home/sora/colcon_ws/install/apf_python_example' for CMake config files
[1.263s] Level 1:colcon.colcon_core.environment:checking '/home/sora/colcon_ws/install/apf_python_example/lib'
[1.263s] Level 1:colcon.colcon_core.environment:checking '/home/sora/colcon_ws/install/apf_python_example/bin'
[1.263s] Level 1:colcon.colcon_core.environment:checking '/home/sora/colcon_ws/install/apf_python_example/lib/pkgconfig/apf_python_example.pc'
[1.263s] Level 1:colcon.colcon_core.environment:checking '/home/sora/colcon_ws/install/apf_python_example/lib/python3.10/site-packages'
[1.263s] Level 1:colcon.colcon_core.shell:create_environment_hook('apf_python_example', 'pythonpath')
[1.263s] INFO:colcon.colcon_core.shell:Creating environment hook '/home/sora/colcon_ws/install/apf_python_example/share/apf_python_example/hook/pythonpath.ps1'
[1.264s] INFO:colcon.colcon_core.shell:Creating environment descriptor '/home/sora/colcon_ws/install/apf_python_example/share/apf_python_example/hook/pythonpath.dsv'
[1.264s] INFO:colcon.colcon_core.shell:Creating environment hook '/home/sora/colcon_ws/install/apf_python_example/share/apf_python_example/hook/pythonpath.sh'
[1.265s] Level 1:colcon.colcon_core.environment:checking '/home/sora/colcon_ws/install/apf_python_example/bin'
[1.265s] Level 1:colcon.colcon_core.environment:create_environment_scripts_only(apf_python_example)
[1.265s] INFO:colcon.colcon_core.shell:Creating package script '/home/sora/colcon_ws/install/apf_python_example/share/apf_python_example/package.ps1'
[1.266s] INFO:colcon.colcon_core.shell:Creating package descriptor '/home/sora/colcon_ws/install/apf_python_example/share/apf_python_example/package.dsv'
[1.267s] INFO:colcon.colcon_core.shell:Creating package script '/home/sora/colcon_ws/install/apf_python_example/share/apf_python_example/package.sh'
[1.267s] INFO:colcon.colcon_core.shell:Creating package script '/home/sora/colcon_ws/install/apf_python_example/share/apf_python_example/package.bash'
[1.268s] INFO:colcon.colcon_core.shell:Creating package script '/home/sora/colcon_ws/install/apf_python_example/share/apf_python_example/package.zsh'
[1.269s] Level 1:colcon.colcon_core.environment:create_file_with_runtime_dependencies(/home/sora/colcon_ws/install/apf_python_example/share/colcon-core/packages/apf_python_example)
[1.287s] Level 1:colcon.colcon_core.shell:create_environment_hook('crowdnav_base', 'pythonpath_develop')
[1.287s] INFO:colcon.colcon_core.shell:Creating environment hook '/home/sora/colcon_ws/build/crowdnav_base/share/crowdnav_base/hook/pythonpath_develop.ps1'
[1.288s] DEBUG:colcon.colcon_core.event_handler.log_command:Invoked command in '/home/sora/colcon_ws/build/crowdnav_base' returned '0': PYTHONPATH=/home/sora/colcon_ws/build/crowdnav_base/prefix_override:/usr/lib/python3/dist-packages/colcon_core/task/python/colcon_distutils_commands:/home/sora/colcon_ws/install/crowdnav_base/lib/python3.10/site-packages:${PYTHONPATH} /usr/bin/python3 -W ignore:setup.py install is deprecated -W ignore:easy_install command is deprecated setup.py develop --editable --build-directory /home/sora/colcon_ws/build/crowdnav_base/build --no-deps symlink_data
[1.288s] INFO:colcon.colcon_core.shell:Creating environment descriptor '/home/sora/colcon_ws/build/crowdnav_base/share/crowdnav_base/hook/pythonpath_develop.dsv'
[1.288s] INFO:colcon.colcon_core.shell:Creating environment hook '/home/sora/colcon_ws/build/crowdnav_base/share/crowdnav_base/hook/pythonpath_develop.sh'
[1.289s] Level 1:colcon.colcon_core.environment:checking '/home/sora/colcon_ws/install/crowdnav_base' for CMake module files
[1.289s] Level 1:colcon.colcon_core.environment:checking '/home/sora/colcon_ws/install/crowdnav_base' for CMake config files
[1.289s] Level 1:colcon.colcon_core.environment:checking '/home/sora/colcon_ws/install/crowdnav_base/lib'
[1.289s] Level 1:colcon.colcon_core.environment:checking '/home/sora/colcon_ws/install/crowdnav_base/bin'
[1.289s] Level 1:colcon.colcon_core.environment:checking '/home/sora/colcon_ws/install/crowdnav_base/lib/pkgconfig/crowdnav_base.pc'
[1.289s] Level 1:colcon.colcon_core.environment:checking '/home/sora/colcon_ws/install/crowdnav_base/lib/python3.10/site-packages'
[1.289s] Level 1:colcon.colcon_core.shell:create_environment_hook('crowdnav_base', 'pythonpath')
[1.289s] INFO:colcon.colcon_core.shell:Creating environment hook '/home/sora/colcon_ws/install/crowdnav_base/share/crowdnav_base/hook/pythonpath.ps1'
[1.290s] INFO:colcon.colcon_core.shell:Creating environment descriptor '/home/sora/colcon_ws/install/crowdnav_base/share/crowdnav_base/hook/pythonpath.dsv'
[1.290s] INFO:colcon.colcon_core.shell:Creating environment hook '/home/sora/colcon_ws/install/crowdnav_base/share/crowdnav_base/hook/pythonpath.sh'
[1.290s] Level 1:colcon.colcon_core.environment:checking '/home/sora/colcon_ws/install/crowdnav_base/bin'
[1.290s] Level 1:colcon.colcon_core.environment:create_environment_scripts_only(crowdnav_base)
[1.290s] INFO:colcon.colcon_core.shell:Creating package script '/home/sora/colcon_ws/install/crowdnav_base/share/crowdnav_base/package.ps1'
[1.291s] INFO:colcon.colcon_core.shell:Creating package descriptor '/home/sora/colcon_ws/install/crowdnav_base/share/crowdnav_base/package.dsv'
[1.291s] INFO:colcon.colcon_core.shell:Creating package script '/home/sora/colcon_ws/install/crowdnav_base/share/crowdnav_base/package.sh'
[1.291s] INFO:colcon.colcon_core.shell:Creating package script '/home/sora/colcon_ws/install/crowdnav_base/share/crowdnav_base/package.bash'
[1.291s] INFO:colcon.colcon_core.shell:Creating package script '/home/sora/colcon_ws/install/crowdnav_base/share/crowdnav_base/package.zsh'
[1.292s] Level 1:colcon.colcon_core.environment:create_file_with_runtime_dependencies(/home/sora/colcon_ws/install/crowdnav_base/share/colcon-core/packages/crowdnav_base)
[1.292s] INFO:colcon.colcon_ros.task.ament_python.build:Building ROS package in '/home/sora/colcon_ws/src/crowdnav_planners' with build type 'ament_python'
[1.292s] Level 1:colcon.colcon_core.shell:create_environment_hook('crowdnav_planner', 'ament_prefix_path')
[1.292s] INFO:colcon.colcon_core.shell:Creating environment hook '/home/sora/colcon_ws/install/crowdnav_planner/share/crowdnav_planner/hook/ament_prefix_path.ps1'
[1.292s] INFO:colcon.colcon_core.shell:Creating environment descriptor '/home/sora/colcon_ws/install/crowdnav_planner/share/crowdnav_planner/hook/ament_prefix_path.dsv'
[1.292s] INFO:colcon.colcon_core.shell:Creating environment hook '/home/sora/colcon_ws/install/crowdnav_planner/share/crowdnav_planner/hook/ament_prefix_path.sh'
[1.293s] INFO:colcon.colcon_core.shell:Skip shell extension 'powershell' for command environment: Not usable outside of PowerShell
[1.293s] DEBUG:colcon.colcon_core.shell:Skip shell extension 'dsv' for command environment
[1.465s] WARNING:colcon.colcon_ros.task.ament_python.build:Package 'crowdnav_planner' doesn't explicitly install a marker in the package index (colcon-ros currently does it implicitly but that fallback will be removed in the future)
[1.465s] WARNING:colcon.colcon_ros.task.ament_python.build:Package 'crowdnav_planner' doesn't explicitly install the 'package.xml' file (colcon-ros currently does it implicitly but that fallback will be removed in the future)
[1.465s] INFO:colcon.colcon_core.task.python.build:Building Python package in '/home/sora/colcon_ws/src/crowdnav_planners'
[1.466s] INFO:colcon.colcon_core.shell:Skip shell extension 'powershell' for command environment: Not usable outside of PowerShell
[1.466s] DEBUG:colcon.colcon_core.shell:Skip shell extension 'dsv' for command environment
[1.743s] DEBUG:colcon.colcon_core.event_handler.log_command:Invoking command in '/home/sora/colcon_ws/build/crowdnav_planner': PYTHONPATH=/home/sora/colcon_ws/build/crowdnav_planner/prefix_override:/usr/lib/python3/dist-packages/colcon_core/task/python/colcon_distutils_commands:/home/sora/colcon_ws/install/crowdnav_planner/lib/python3.10/site-packages:${PYTHONPATH} /usr/bin/python3 -W ignore:setup.py install is deprecated -W ignore:easy_install command is deprecated setup.py develop --editable --build-directory /home/sora/colcon_ws/build/crowdnav_planner/build --no-deps
[2.060s] Level 1:colcon.colcon_core.shell:create_environment_hook('crowdnav_planner', 'pythonpath_develop')
[2.061s] INFO:colcon.colcon_core.shell:Creating environment hook '/home/sora/colcon_ws/build/crowdnav_planner/share/crowdnav_planner/hook/pythonpath_develop.ps1'
[2.061s] DEBUG:colcon.colcon_core.event_handler.log_command:Invoked command in '/home/sora/colcon_ws/build/crowdnav_planner' returned '0': PYTHONPATH=/home/sora/colcon_ws/build/crowdnav_planner/prefix_override:/usr/lib/python3/dist-packages/colcon_core/task/python/colcon_distutils_commands:/home/sora/colcon_ws/install/crowdnav_planner/lib/python3.10/site-packages:${PYTHONPATH} /usr/bin/python3 -W ignore:setup.py install is deprecated -W ignore:easy_install command is deprecated setup.py develop --editable --build-directory /home/sora/colcon_ws/build/crowdnav_planner/build --no-deps
[2.061s] INFO:colcon.colcon_core.shell:Creating environment descriptor '/home/sora/colcon_ws/build/crowdnav_planner/share/crowdnav_planner/hook/pythonpath_develop.dsv'
[2.062s] INFO:colcon.colcon_core.shell:Creating environment hook '/home/sora/colcon_ws/build/crowdnav_planner/share/crowdnav_planner/hook/pythonpath_develop.sh'
[2.062s] Level 1:colcon.colcon_core.environment:checking '/home/sora/colcon_ws/install/crowdnav_planner' for CMake module files
[2.062s] Level 1:colcon.colcon_core.environment:checking '/home/sora/colcon_ws/install/crowdnav_planner' for CMake config files
[2.062s] Level 1:colcon.colcon_core.environment:checking '/home/sora/colcon_ws/install/crowdnav_planner/lib'
[2.062s] Level 1:colcon.colcon_core.environment:checking '/home/sora/colcon_ws/install/crowdnav_planner/bin'
[2.062s] Level 1:colcon.colcon_core.environment:checking '/home/sora/colcon_ws/install/crowdnav_planner/lib/pkgconfig/crowdnav_planner.pc'
[2.063s] Level 1:colcon.colcon_core.environment:checking '/home/sora/colcon_ws/install/crowdnav_planner/lib/python3.10/site-packages'
[2.063s] Level 1:colcon.colcon_core.shell:create_environment_hook('crowdnav_planner', 'pythonpath')
[2.063s] INFO:colcon.colcon_core.shell:Creating environment hook '/home/sora/colcon_ws/install/crowdnav_planner/share/crowdnav_planner/hook/pythonpath.ps1'
[2.063s] INFO:colcon.colcon_core.shell:Creating environment descriptor '/home/sora/colcon_ws/install/crowdnav_planner/share/crowdnav_planner/hook/pythonpath.dsv'
[2.063s] INFO:colcon.colcon_core.shell:Creating environment hook '/home/sora/colcon_ws/install/crowdnav_planner/share/crowdnav_planner/hook/pythonpath.sh'
[2.063s] Level 1:colcon.colcon_core.environment:checking '/home/sora/colcon_ws/install/crowdnav_planner/bin'
[2.063s] Level 1:colcon.colcon_core.environment:create_environment_scripts_only(crowdnav_planner)
[2.064s] INFO:colcon.colcon_core.shell:Creating package script '/home/sora/colcon_ws/install/crowdnav_planner/share/crowdnav_planner/package.ps1'
[2.064s] INFO:colcon.colcon_core.shell:Creating package descriptor '/home/sora/colcon_ws/install/crowdnav_planner/share/crowdnav_planner/package.dsv'
[2.064s] INFO:colcon.colcon_core.shell:Creating package script '/home/sora/colcon_ws/install/crowdnav_planner/share/crowdnav_planner/package.sh'
[2.064s] INFO:colcon.colcon_core.shell:Creating package script '/home/sora/colcon_ws/install/crowdnav_planner/share/crowdnav_planner/package.bash'
[2.064s] INFO:colcon.colcon_core.shell:Creating package script '/home/sora/colcon_ws/install/crowdnav_planner/share/crowdnav_planner/package.zsh'
[2.065s] Level 1:colcon.colcon_core.environment:create_file_with_runtime_dependencies(/home/sora/colcon_ws/install/crowdnav_planner/share/colcon-core/packages/crowdnav_planner)
[2.065s] DEBUG:colcon.colcon_parallel_executor.executor.parallel:closing loop
[2.065s] DEBUG:colcon.colcon_parallel_executor.executor.parallel:loop closed
[2.065s] DEBUG:colcon.colcon_parallel_executor.executor.parallel:run_until_complete finished with '0'
[2.065s] DEBUG:colcon.colcon_core.event_reactor:joining thread
[2.071s] INFO:colcon.colcon_core.plugin_system:Skipping extension 'colcon_notification.desktop_notification.terminal_notifier': Not used on non-Darwin systems
[2.071s] INFO:colcon.colcon_core.plugin_system:Skipping extension 'colcon_notification.desktop_notification.win32': Not used on non-Windows systems
[2.071s] INFO:colcon.colcon_notification.desktop_notification:Sending desktop notification using 'notify2'
[2.081s] DEBUG:colcon.colcon_core.event_reactor:joined thread
[2.081s] INFO:colcon.colcon_core.shell:Creating prefix script '/home/sora/colcon_ws/install/local_setup.ps1'
[2.082s] INFO:colcon.colcon_core.shell:Creating prefix util module '/home/sora/colcon_ws/install/_local_setup_util_ps1.py'
[2.082s] INFO:colcon.colcon_core.shell:Creating prefix chain script '/home/sora/colcon_ws/install/setup.ps1'
[2.083s] INFO:colcon.colcon_core.shell:Creating prefix script '/home/sora/colcon_ws/install/local_setup.sh'
[2.083s] INFO:colcon.colcon_core.shell:Creating prefix util module '/home/sora/colcon_ws/install/_local_setup_util_sh.py'
[2.084s] INFO:colcon.colcon_core.shell:Creating prefix chain script '/home/sora/colcon_ws/install/setup.sh'
[2.084s] INFO:colcon.colcon_core.shell:Creating prefix script '/home/sora/colcon_ws/install/local_setup.bash'
[2.084s] INFO:colcon.colcon_core.shell:Creating prefix chain script '/home/sora/colcon_ws/install/setup.bash'
[2.085s] INFO:colcon.colcon_core.shell:Creating prefix script '/home/sora/colcon_ws/install/local_setup.zsh'
[2.085s] INFO:colcon.colcon_core.shell:Creating prefix chain script '/home/sora/colcon_ws/install/setup.zsh'
