[0.006s] Invoking command in '/home/sora/colcon_ws/build/nav2_pyif_controller': AMENT_PREFIX_PATH=/home/sora/colcon_ws/install/nav2_pyif:${AMENT_PREFIX_PATH} CMAKE_PREFIX_PATH=/home/sora/colcon_ws/install/nav2_pyif:/opt/ros/humble LD_LIBRARY_PATH=/home/sora/colcon_ws/install/nav2_pyif/lib:${LD_LIBRARY_PATH} /home/sora/.local/bin/cmake /home/sora/colcon_ws/src/nav2_pyif/nav2_pyif_controller -DCMAKE_INSTALL_PREFIX=/home/sora/colcon_ws/install/nav2_pyif_controller
[0.057s] -- The C compiler identification is GNU 11.4.0
[0.092s] -- The CXX compiler identification is GNU 11.4.0
[0.100s] -- Detecting C compiler ABI info
[0.135s] -- Detecting C compiler ABI info - done
[0.140s] -- Check for working C compiler: /usr/bin/cc - skipped
[0.140s] -- Detecting C compile features
[0.140s] -- Detecting C compile features - done
[0.142s] -- Detecting CXX compiler ABI info
[0.183s] -- Detecting CXX compiler ABI info - done
[0.190s] -- Check for working CXX compiler: /usr/bin/c++ - skipped
[0.190s] -- Detecting CXX compile features
[0.190s] -- Detecting CXX compile features - done
[0.191s] -- Found nav2_pyif: 0.0.0 (/home/sora/colcon_ws/install/nav2_pyif/share/nav2_pyif/cmake)
[0.259s] -- Found Python3: /usr/bin/python3 (found version "3.10.12") found components: Interpreter 
[0.326s] -- Found rosidl_generator_c: 3.1.6 (/opt/ros/humble/share/rosidl_generator_c/cmake)
[0.329s] -- Found rosidl_adapter: 3.1.6 (/opt/ros/humble/share/rosidl_adapter/cmake)
[0.334s] -- Found rosidl_generator_cpp: 3.1.6 (/opt/ros/humble/share/rosidl_generator_cpp/cmake)
[0.341s] -- Using all available rosidl_typesupport_c: rosidl_typesupport_fastrtps_c;rosidl_typesupport_introspection_c
[0.351s] -- Using all available rosidl_typesupport_cpp: rosidl_typesupport_fastrtps_cpp;rosidl_typesupport_introspection_cpp
[0.410s] -- Found nav2_common: 1.1.17 (/opt/ros/humble/share/nav2_common/cmake)
[0.411s] -- Found nav2_core: 1.1.17 (/opt/ros/humble/share/nav2_core/cmake)
[0.444s] -- Found rmw_implementation_cmake: 6.1.2 (/opt/ros/humble/share/rmw_implementation_cmake/cmake)
[0.446s] -- Found rmw_cyclonedds_cpp: 1.3.4 (/opt/ros/humble/share/rmw_cyclonedds_cpp/cmake)
[0.465s] -- Using RMW implementation 'rmw_cyclonedds_cpp' as default
[0.472s] -- Performing Test CMAKE_HAVE_LIBC_PTHREAD
[0.516s] -- Performing Test CMAKE_HAVE_LIBC_PTHREAD - Success
[0.517s] -- Found Threads: TRUE  
[0.718s] -- Found Eigen3: TRUE (found version "3.4.0") 
[0.718s] -- Ensuring Eigen3 include directory is part of orocos-kdl CMake target
[0.797s] -- Setting build type to Release as none was specified.
[0.860s] -- Configuring done
[0.936s] -- Generating done
[0.943s] -- Build files have been written to: /home/sora/colcon_ws/build/nav2_pyif_controller
[0.953s] Invoked command in '/home/sora/colcon_ws/build/nav2_pyif_controller' returned '0': AMENT_PREFIX_PATH=/home/sora/colcon_ws/install/nav2_pyif:${AMENT_PREFIX_PATH} CMAKE_PREFIX_PATH=/home/sora/colcon_ws/install/nav2_pyif:/opt/ros/humble LD_LIBRARY_PATH=/home/sora/colcon_ws/install/nav2_pyif/lib:${LD_LIBRARY_PATH} /home/sora/.local/bin/cmake /home/sora/colcon_ws/src/nav2_pyif/nav2_pyif_controller -DCMAKE_INSTALL_PREFIX=/home/sora/colcon_ws/install/nav2_pyif_controller
[0.954s] Invoking command in '/home/sora/colcon_ws/build/nav2_pyif_controller': AMENT_PREFIX_PATH=/home/sora/colcon_ws/install/nav2_pyif:${AMENT_PREFIX_PATH} CMAKE_PREFIX_PATH=/home/sora/colcon_ws/install/nav2_pyif:/opt/ros/humble LD_LIBRARY_PATH=/home/sora/colcon_ws/install/nav2_pyif/lib:${LD_LIBRARY_PATH} /home/sora/.local/bin/cmake --build /home/sora/colcon_ws/build/nav2_pyif_controller -- -j32 -l32
[0.989s] [ 20%] [32mBuilding CXX object CMakeFiles/nav2_pyif_controller.dir/src/nav2_pyif_controller.cpp.o[0m
[0.989s] [ 40%] [32mBuilding CXX object CMakeFiles/apf_test.dir/src/nav2_pyif_controller.cpp.o[0m
[0.989s] [ 60%] [32mBuilding CXX object CMakeFiles/apf_test.dir/test/apf_test.cpp.o[0m
[4.499s] [ 80%] [32m[1mLinking CXX executable apf_test[0m
[4.500s] [100%] [32m[1mLinking CXX shared library libnav2_pyif_controller.so[0m
[4.705s] [100%] Built target nav2_pyif_controller
[4.719s] [100%] Built target apf_test
[4.726s] Invoked command in '/home/sora/colcon_ws/build/nav2_pyif_controller' returned '0': AMENT_PREFIX_PATH=/home/sora/colcon_ws/install/nav2_pyif:${AMENT_PREFIX_PATH} CMAKE_PREFIX_PATH=/home/sora/colcon_ws/install/nav2_pyif:/opt/ros/humble LD_LIBRARY_PATH=/home/sora/colcon_ws/install/nav2_pyif/lib:${LD_LIBRARY_PATH} /home/sora/.local/bin/cmake --build /home/sora/colcon_ws/build/nav2_pyif_controller -- -j32 -l32
[4.727s] Invoking command in '/home/sora/colcon_ws/build/nav2_pyif_controller': AMENT_PREFIX_PATH=/home/sora/colcon_ws/install/nav2_pyif:${AMENT_PREFIX_PATH} CMAKE_PREFIX_PATH=/home/sora/colcon_ws/install/nav2_pyif:/opt/ros/humble LD_LIBRARY_PATH=/home/sora/colcon_ws/install/nav2_pyif/lib:${LD_LIBRARY_PATH} /home/sora/.local/bin/cmake --install /home/sora/colcon_ws/build/nav2_pyif_controller
[4.746s] -- Install configuration: "Release"
[4.746s] -- Installing: /home/sora/colcon_ws/install/nav2_pyif_controller/share/nav2_pyif_controller/nav2_pyif_controller.xml
[4.746s] -- Installing: /home/sora/colcon_ws/install/nav2_pyif_controller/lib/libnav2_pyif_controller.so
[4.746s] -- Set runtime path of "/home/sora/colcon_ws/install/nav2_pyif_controller/lib/libnav2_pyif_controller.so" to ""
[4.747s] -- Installing: /home/sora/colcon_ws/install/nav2_pyif_controller/include
[4.747s] -- Installing: /home/sora/colcon_ws/install/nav2_pyif_controller/include/nav2_pyif_controller
[4.747s] -- Installing: /home/sora/colcon_ws/install/nav2_pyif_controller/include/nav2_pyif_controller/nav2_pyif_controller.hpp
[4.747s] -- Installing: /home/sora/colcon_ws/install/nav2_pyif_controller/share/nav2_pyif_controller/environment/library_path.sh
[4.747s] -- Installing: /home/sora/colcon_ws/install/nav2_pyif_controller/share/nav2_pyif_controller/environment/library_path.dsv
[4.747s] -- Installing: /home/sora/colcon_ws/install/nav2_pyif_controller/share/ament_index/resource_index/package_run_dependencies/nav2_pyif_controller
[4.747s] -- Installing: /home/sora/colcon_ws/install/nav2_pyif_controller/share/ament_index/resource_index/parent_prefix_path/nav2_pyif_controller
[4.747s] -- Installing: /home/sora/colcon_ws/install/nav2_pyif_controller/share/nav2_pyif_controller/environment/ament_prefix_path.sh
[4.747s] -- Installing: /home/sora/colcon_ws/install/nav2_pyif_controller/share/nav2_pyif_controller/environment/ament_prefix_path.dsv
[4.747s] -- Installing: /home/sora/colcon_ws/install/nav2_pyif_controller/share/nav2_pyif_controller/environment/path.sh
[4.748s] -- Installing: /home/sora/colcon_ws/install/nav2_pyif_controller/share/nav2_pyif_controller/environment/path.dsv
[4.748s] -- Installing: /home/sora/colcon_ws/install/nav2_pyif_controller/share/nav2_pyif_controller/local_setup.bash
[4.748s] -- Installing: /home/sora/colcon_ws/install/nav2_pyif_controller/share/nav2_pyif_controller/local_setup.sh
[4.748s] -- Installing: /home/sora/colcon_ws/install/nav2_pyif_controller/share/nav2_pyif_controller/local_setup.zsh
[4.748s] -- Installing: /home/sora/colcon_ws/install/nav2_pyif_controller/share/nav2_pyif_controller/local_setup.dsv
[4.748s] -- Installing: /home/sora/colcon_ws/install/nav2_pyif_controller/share/nav2_pyif_controller/package.dsv
[4.748s] -- Installing: /home/sora/colcon_ws/install/nav2_pyif_controller/share/ament_index/resource_index/packages/nav2_pyif_controller
[4.748s] -- Installing: /home/sora/colcon_ws/install/nav2_pyif_controller/share/ament_index/resource_index/nav2_core__pluginlib__plugin/nav2_pyif_controller
[4.748s] -- Installing: /home/sora/colcon_ws/install/nav2_pyif_controller/share/nav2_pyif_controller/cmake/export_nav2_pyif_controllerExport.cmake
[4.748s] -- Installing: /home/sora/colcon_ws/install/nav2_pyif_controller/share/nav2_pyif_controller/cmake/export_nav2_pyif_controllerExport-release.cmake
[4.748s] -- Installing: /home/sora/colcon_ws/install/nav2_pyif_controller/share/nav2_pyif_controller/cmake/ament_cmake_export_include_directories-extras.cmake
[4.749s] -- Installing: /home/sora/colcon_ws/install/nav2_pyif_controller/share/nav2_pyif_controller/cmake/ament_cmake_export_libraries-extras.cmake
[4.749s] -- Installing: /home/sora/colcon_ws/install/nav2_pyif_controller/share/nav2_pyif_controller/cmake/ament_cmake_export_dependencies-extras.cmake
[4.749s] -- Installing: /home/sora/colcon_ws/install/nav2_pyif_controller/share/nav2_pyif_controller/cmake/ament_cmake_export_targets-extras.cmake
[4.749s] -- Installing: /home/sora/colcon_ws/install/nav2_pyif_controller/share/nav2_pyif_controller/cmake/nav2_pyif_controllerConfig.cmake
[4.749s] -- Installing: /home/sora/colcon_ws/install/nav2_pyif_controller/share/nav2_pyif_controller/cmake/nav2_pyif_controllerConfig-version.cmake
[4.749s] -- Installing: /home/sora/colcon_ws/install/nav2_pyif_controller/share/nav2_pyif_controller/package.xml
[4.753s] Invoked command in '/home/sora/colcon_ws/build/nav2_pyif_controller' returned '0': AMENT_PREFIX_PATH=/home/sora/colcon_ws/install/nav2_pyif:${AMENT_PREFIX_PATH} CMAKE_PREFIX_PATH=/home/sora/colcon_ws/install/nav2_pyif:/opt/ros/humble LD_LIBRARY_PATH=/home/sora/colcon_ws/install/nav2_pyif/lib:${LD_LIBRARY_PATH} /home/sora/.local/bin/cmake --install /home/sora/colcon_ws/build/nav2_pyif_controller
