[0.007s] Invoking command in '/home/sora/colcon_ws/build/nav2_pyif_controller': CMAKE_PREFIX_PATH=/home/sora/colcon_ws/install/nav2_pyif:/home/sora/colcon_ws/install/nav2_pyif_controller:/home/sora/colcon_ws/install/crowdnav_planner:/home/sora/colcon_ws/install/apf_python_example:/opt/ros/humble LD_LIBRARY_PATH=/home/sora/colcon_ws/install/nav2_pyif/lib:/usr/local/cuda/lib64:/home/sora/colcon_ws/install/nav2_pyif_controller/lib:/usr/local/cuda/lib64:/opt/ros/humble/opt/rviz_ogre_vendor/lib:/opt/ros/humble/lib/x86_64-linux-gnu:/opt/ros/humble/lib /home/sora/.local/bin/cmake /home/sora/colcon_ws/src/nav2_pyif/nav2_pyif_controller -DAMENT_CMAKE_SYMLINK_INSTALL=1 -DCMAKE_INSTALL_PREFIX=/home/sora/colcon_ws/install/nav2_pyif_controller
[0.065s] -- The C compiler identification is GNU 11.4.0
[0.101s] -- The CXX compiler identification is GNU 11.4.0
[0.107s] -- Detecting C compiler ABI info
[0.154s] -- Detecting C compiler ABI info - done
[0.160s] -- Check for working C compiler: /usr/bin/cc - skipped
[0.160s] -- Detecting C compile features
[0.161s] -- Detecting C compile features - done
[0.163s] -- Detecting CXX compiler ABI info
[0.214s] -- Detecting CXX compiler ABI info - done
[0.219s] -- Check for working CXX compiler: /usr/bin/c++ - skipped
[0.219s] -- Detecting CXX compile features
[0.220s] -- Detecting CXX compile features - done
[0.220s] -- Found nav2_pyif: 0.0.0 (/home/sora/colcon_ws/install/nav2_pyif/share/nav2_pyif/cmake)
[0.616s] -- Found Python3: /home/sora/.pyenv/versions/3.10.15/bin/python3 (found version "3.10.15") found components: Interpreter 
[0.666s] -- Override CMake install command with custom implementation using symlinks instead of copying resources
[0.720s] -- Found rosidl_generator_c: 3.1.6 (/opt/ros/humble/share/rosidl_generator_c/cmake)
[0.725s] -- Found rosidl_adapter: 3.1.6 (/opt/ros/humble/share/rosidl_adapter/cmake)
[0.733s] -- Found rosidl_generator_cpp: 3.1.6 (/opt/ros/humble/share/rosidl_generator_cpp/cmake)
[0.745s] -- Using all available rosidl_typesupport_c: rosidl_typesupport_fastrtps_c;rosidl_typesupport_introspection_c
[0.758s] -- Using all available rosidl_typesupport_cpp: rosidl_typesupport_fastrtps_cpp;rosidl_typesupport_introspection_cpp
[0.802s] -- Found nav2_common: 1.1.17 (/opt/ros/humble/share/nav2_common/cmake)
[0.803s] -- Found nav2_core: 1.1.17 (/opt/ros/humble/share/nav2_core/cmake)
[0.826s] -- Found rmw_implementation_cmake: 6.1.2 (/opt/ros/humble/share/rmw_implementation_cmake/cmake)
[0.827s] -- Found rmw_cyclonedds_cpp: 1.3.4 (/opt/ros/humble/share/rmw_cyclonedds_cpp/cmake)
[0.839s] -- Using RMW implementation 'rmw_cyclonedds_cpp' as default
[0.844s] -- Performing Test CMAKE_HAVE_LIBC_PTHREAD
[0.887s] -- Performing Test CMAKE_HAVE_LIBC_PTHREAD - Success
[0.887s] -- Found Threads: TRUE  
[1.030s] -- Found Eigen3: TRUE (found version "3.4.0") 
[1.030s] -- Ensuring Eigen3 include directory is part of orocos-kdl CMake target
[1.088s] -- Setting build type to Release as none was specified.
[1.159s] -- Configuring done
[1.197s] -- Generating done
[1.202s] -- Build files have been written to: /home/sora/colcon_ws/build/nav2_pyif_controller
[1.211s] Invoked command in '/home/sora/colcon_ws/build/nav2_pyif_controller' returned '0': CMAKE_PREFIX_PATH=/home/sora/colcon_ws/install/nav2_pyif:/home/sora/colcon_ws/install/nav2_pyif_controller:/home/sora/colcon_ws/install/crowdnav_planner:/home/sora/colcon_ws/install/apf_python_example:/opt/ros/humble LD_LIBRARY_PATH=/home/sora/colcon_ws/install/nav2_pyif/lib:/usr/local/cuda/lib64:/home/sora/colcon_ws/install/nav2_pyif_controller/lib:/usr/local/cuda/lib64:/opt/ros/humble/opt/rviz_ogre_vendor/lib:/opt/ros/humble/lib/x86_64-linux-gnu:/opt/ros/humble/lib /home/sora/.local/bin/cmake /home/sora/colcon_ws/src/nav2_pyif/nav2_pyif_controller -DAMENT_CMAKE_SYMLINK_INSTALL=1 -DCMAKE_INSTALL_PREFIX=/home/sora/colcon_ws/install/nav2_pyif_controller
[1.212s] Invoking command in '/home/sora/colcon_ws/build/nav2_pyif_controller': CMAKE_PREFIX_PATH=/home/sora/colcon_ws/install/nav2_pyif:/home/sora/colcon_ws/install/nav2_pyif_controller:/home/sora/colcon_ws/install/crowdnav_planner:/home/sora/colcon_ws/install/apf_python_example:/opt/ros/humble LD_LIBRARY_PATH=/home/sora/colcon_ws/install/nav2_pyif/lib:/usr/local/cuda/lib64:/home/sora/colcon_ws/install/nav2_pyif_controller/lib:/usr/local/cuda/lib64:/opt/ros/humble/opt/rviz_ogre_vendor/lib:/opt/ros/humble/lib/x86_64-linux-gnu:/opt/ros/humble/lib /home/sora/.local/bin/cmake --build /home/sora/colcon_ws/build/nav2_pyif_controller -- -j32 -l32
[1.245s] [ 20%] [32mBuilding CXX object CMakeFiles/nav2_pyif_controller.dir/src/nav2_pyif_controller.cpp.o[0m
[1.246s] [ 40%] [32mBuilding CXX object CMakeFiles/apf_test.dir/test/apf_test.cpp.o[0m
[1.246s] [ 60%] [32mBuilding CXX object CMakeFiles/apf_test.dir/src/nav2_pyif_controller.cpp.o[0m
[3.877s] [ 80%] [32m[1mLinking CXX executable apf_test[0m
[3.911s] [100%] [32m[1mLinking CXX shared library libnav2_pyif_controller.so[0m
[4.042s] [100%] Built target apf_test
[4.065s] [100%] Built target nav2_pyif_controller
[4.070s] Invoked command in '/home/sora/colcon_ws/build/nav2_pyif_controller' returned '0': CMAKE_PREFIX_PATH=/home/sora/colcon_ws/install/nav2_pyif:/home/sora/colcon_ws/install/nav2_pyif_controller:/home/sora/colcon_ws/install/crowdnav_planner:/home/sora/colcon_ws/install/apf_python_example:/opt/ros/humble LD_LIBRARY_PATH=/home/sora/colcon_ws/install/nav2_pyif/lib:/usr/local/cuda/lib64:/home/sora/colcon_ws/install/nav2_pyif_controller/lib:/usr/local/cuda/lib64:/opt/ros/humble/opt/rviz_ogre_vendor/lib:/opt/ros/humble/lib/x86_64-linux-gnu:/opt/ros/humble/lib /home/sora/.local/bin/cmake --build /home/sora/colcon_ws/build/nav2_pyif_controller -- -j32 -l32
[4.071s] Invoking command in '/home/sora/colcon_ws/build/nav2_pyif_controller': CMAKE_PREFIX_PATH=/home/sora/colcon_ws/install/nav2_pyif:/home/sora/colcon_ws/install/nav2_pyif_controller:/home/sora/colcon_ws/install/crowdnav_planner:/home/sora/colcon_ws/install/apf_python_example:/opt/ros/humble LD_LIBRARY_PATH=/home/sora/colcon_ws/install/nav2_pyif/lib:/usr/local/cuda/lib64:/home/sora/colcon_ws/install/nav2_pyif_controller/lib:/usr/local/cuda/lib64:/opt/ros/humble/opt/rviz_ogre_vendor/lib:/opt/ros/humble/lib/x86_64-linux-gnu:/opt/ros/humble/lib /home/sora/.local/bin/cmake --install /home/sora/colcon_ws/build/nav2_pyif_controller
[4.085s] -- Install configuration: "Release"
[4.086s] -- Execute custom install script
[4.086s] -- Symlinking: /home/sora/colcon_ws/install/nav2_pyif_controller/share/nav2_pyif_controller//nav2_pyif_controller.xml
[4.088s] -- Symlinking: /home/sora/colcon_ws/install/nav2_pyif_controller/include/nav2_pyif_controller/nav2_pyif_controller.hpp
[4.090s] -- Symlinking: /home/sora/colcon_ws/install/nav2_pyif_controller/share/nav2_pyif_controller/environment/library_path.sh
[4.092s] -- Symlinking: /home/sora/colcon_ws/install/nav2_pyif_controller/share/nav2_pyif_controller/environment/library_path.dsv
[4.095s] -- Symlinking: /home/sora/colcon_ws/install/nav2_pyif_controller/share/ament_index/resource_index/package_run_dependencies/nav2_pyif_controller
[4.097s] -- Symlinking: /home/sora/colcon_ws/install/nav2_pyif_controller/share/ament_index/resource_index/parent_prefix_path/nav2_pyif_controller
[4.099s] -- Symlinking: /home/sora/colcon_ws/install/nav2_pyif_controller/share/nav2_pyif_controller/environment/ament_prefix_path.sh
[4.100s] -- Symlinking: /home/sora/colcon_ws/install/nav2_pyif_controller/share/nav2_pyif_controller/environment/ament_prefix_path.dsv
[4.102s] -- Symlinking: /home/sora/colcon_ws/install/nav2_pyif_controller/share/nav2_pyif_controller/environment/path.sh
[4.104s] -- Symlinking: /home/sora/colcon_ws/install/nav2_pyif_controller/share/nav2_pyif_controller/environment/path.dsv
[4.106s] -- Symlinking: /home/sora/colcon_ws/install/nav2_pyif_controller/share/nav2_pyif_controller/local_setup.bash
[4.108s] -- Symlinking: /home/sora/colcon_ws/install/nav2_pyif_controller/share/nav2_pyif_controller/local_setup.sh
[4.110s] -- Symlinking: /home/sora/colcon_ws/install/nav2_pyif_controller/share/nav2_pyif_controller/local_setup.zsh
[4.112s] -- Symlinking: /home/sora/colcon_ws/install/nav2_pyif_controller/share/nav2_pyif_controller/local_setup.dsv
[4.114s] -- Symlinking: /home/sora/colcon_ws/install/nav2_pyif_controller/share/nav2_pyif_controller/package.dsv
[4.116s] -- Symlinking: /home/sora/colcon_ws/install/nav2_pyif_controller/share/ament_index/resource_index/packages/nav2_pyif_controller
[4.118s] -- Symlinking: /home/sora/colcon_ws/install/nav2_pyif_controller/share/ament_index/resource_index/nav2_core__pluginlib__plugin/nav2_pyif_controller
[4.120s] -- Symlinking: /home/sora/colcon_ws/install/nav2_pyif_controller/share/nav2_pyif_controller/cmake/ament_cmake_export_include_directories-extras.cmake
[4.122s] -- Symlinking: /home/sora/colcon_ws/install/nav2_pyif_controller/share/nav2_pyif_controller/cmake/ament_cmake_export_libraries-extras.cmake
[4.124s] -- Symlinking: /home/sora/colcon_ws/install/nav2_pyif_controller/share/nav2_pyif_controller/cmake/ament_cmake_export_dependencies-extras.cmake
[4.126s] -- Symlinking: /home/sora/colcon_ws/install/nav2_pyif_controller/share/nav2_pyif_controller/cmake/ament_cmake_export_targets-extras.cmake
[4.128s] -- Symlinking: /home/sora/colcon_ws/install/nav2_pyif_controller/share/nav2_pyif_controller/cmake/nav2_pyif_controllerConfig.cmake
[4.130s] -- Symlinking: /home/sora/colcon_ws/install/nav2_pyif_controller/share/nav2_pyif_controller/cmake/nav2_pyif_controllerConfig-version.cmake
[4.132s] -- Symlinking: /home/sora/colcon_ws/install/nav2_pyif_controller/share/nav2_pyif_controller/package.xml
[4.134s] -- Installing: /home/sora/colcon_ws/install/nav2_pyif_controller/lib/libnav2_pyif_controller.so
[4.135s] -- Set runtime path of "/home/sora/colcon_ws/install/nav2_pyif_controller/lib/libnav2_pyif_controller.so" to ""
[4.135s] -- Installing: /home/sora/colcon_ws/install/nav2_pyif_controller/share/nav2_pyif_controller/cmake/export_nav2_pyif_controllerExport.cmake
[4.135s] -- Installing: /home/sora/colcon_ws/install/nav2_pyif_controller/share/nav2_pyif_controller/cmake/export_nav2_pyif_controllerExport-release.cmake
[4.138s] Invoked command in '/home/sora/colcon_ws/build/nav2_pyif_controller' returned '0': CMAKE_PREFIX_PATH=/home/sora/colcon_ws/install/nav2_pyif:/home/sora/colcon_ws/install/nav2_pyif_controller:/home/sora/colcon_ws/install/crowdnav_planner:/home/sora/colcon_ws/install/apf_python_example:/opt/ros/humble LD_LIBRARY_PATH=/home/sora/colcon_ws/install/nav2_pyif/lib:/usr/local/cuda/lib64:/home/sora/colcon_ws/install/nav2_pyif_controller/lib:/usr/local/cuda/lib64:/opt/ros/humble/opt/rviz_ogre_vendor/lib:/opt/ros/humble/lib/x86_64-linux-gnu:/opt/ros/humble/lib /home/sora/.local/bin/cmake --install /home/sora/colcon_ws/build/nav2_pyif_controller
