-- Found nav2_pyif: 0.0.0 (/home/sora/colcon_ws/install/nav2_pyif/share/nav2_pyif/cmake)
-- Override CMake install command with custom implementation using symlinks instead of copying resources
-- Found rosidl_generator_c: 3.1.6 (/opt/ros/humble/share/rosidl_generator_c/cmake)
-- Found rosidl_adapter: 3.1.6 (/opt/ros/humble/share/rosidl_adapter/cmake)
-- Found rosidl_generator_cpp: 3.1.6 (/opt/ros/humble/share/rosidl_generator_cpp/cmake)
-- Using all available rosidl_typesupport_c: rosidl_typesupport_fastrtps_c;rosidl_typesupport_introspection_c
-- Using all available rosidl_typesupport_cpp: rosidl_typesupport_fastrtps_cpp;rosidl_typesupport_introspection_cpp
-- Found nav2_common: 1.1.17 (/opt/ros/humble/share/nav2_common/cmake)
-- Found nav2_core: 1.1.17 (/opt/ros/humble/share/nav2_core/cmake)
-- Found rmw_implementation_cmake: 6.1.2 (/opt/ros/humble/share/rmw_implementation_cmake/cmake)
-- Found rmw_cyclonedds_cpp: 1.3.4 (/opt/ros/humble/share/rmw_cyclonedds_cpp/cmake)
-- Using RMW implementation 'rmw_cyclonedds_cpp' as default
-- Ensuring Eigen3 include directory is part of orocos-kdl CMake target
-- Configuring done
-- Generating done
-- Build files have been written to: /home/sora/colcon_ws/build/nav2_pyif_controller
[ 40%] Built target nav2_pyif_controller
[100%] Built target apf_test
-- Install configuration: "Release"
-- Execute custom install script
-- Symlinking: /home/sora/colcon_ws/install/nav2_pyif_controller/share/nav2_pyif_controller//nav2_pyif_controller.xml
-- Symlinking: /home/sora/colcon_ws/install/nav2_pyif_controller/include/nav2_pyif_controller/nav2_pyif_controller.hpp
-- Symlinking: /home/sora/colcon_ws/install/nav2_pyif_controller/share/nav2_pyif_controller/environment/library_path.sh
-- Symlinking: /home/sora/colcon_ws/install/nav2_pyif_controller/share/nav2_pyif_controller/environment/library_path.dsv
-- Symlinking: /home/sora/colcon_ws/install/nav2_pyif_controller/share/ament_index/resource_index/package_run_dependencies/nav2_pyif_controller
-- Symlinking: /home/sora/colcon_ws/install/nav2_pyif_controller/share/ament_index/resource_index/parent_prefix_path/nav2_pyif_controller
-- Symlinking: /home/sora/colcon_ws/install/nav2_pyif_controller/share/nav2_pyif_controller/environment/ament_prefix_path.sh
-- Symlinking: /home/sora/colcon_ws/install/nav2_pyif_controller/share/nav2_pyif_controller/environment/ament_prefix_path.dsv
-- Symlinking: /home/sora/colcon_ws/install/nav2_pyif_controller/share/nav2_pyif_controller/environment/path.sh
-- Symlinking: /home/sora/colcon_ws/install/nav2_pyif_controller/share/nav2_pyif_controller/environment/path.dsv
-- Symlinking: /home/sora/colcon_ws/install/nav2_pyif_controller/share/nav2_pyif_controller/local_setup.bash
-- Symlinking: /home/sora/colcon_ws/install/nav2_pyif_controller/share/nav2_pyif_controller/local_setup.sh
-- Symlinking: /home/sora/colcon_ws/install/nav2_pyif_controller/share/nav2_pyif_controller/local_setup.zsh
-- Symlinking: /home/sora/colcon_ws/install/nav2_pyif_controller/share/nav2_pyif_controller/local_setup.dsv
-- Symlinking: /home/sora/colcon_ws/install/nav2_pyif_controller/share/nav2_pyif_controller/package.dsv
-- Symlinking: /home/sora/colcon_ws/install/nav2_pyif_controller/share/ament_index/resource_index/packages/nav2_pyif_controller
-- Symlinking: /home/sora/colcon_ws/install/nav2_pyif_controller/share/ament_index/resource_index/nav2_core__pluginlib__plugin/nav2_pyif_controller
-- Symlinking: /home/sora/colcon_ws/install/nav2_pyif_controller/share/nav2_pyif_controller/cmake/ament_cmake_export_include_directories-extras.cmake
-- Symlinking: /home/sora/colcon_ws/install/nav2_pyif_controller/share/nav2_pyif_controller/cmake/ament_cmake_export_libraries-extras.cmake
-- Symlinking: /home/sora/colcon_ws/install/nav2_pyif_controller/share/nav2_pyif_controller/cmake/ament_cmake_export_dependencies-extras.cmake
-- Symlinking: /home/sora/colcon_ws/install/nav2_pyif_controller/share/nav2_pyif_controller/cmake/ament_cmake_export_targets-extras.cmake
-- Symlinking: /home/sora/colcon_ws/install/nav2_pyif_controller/share/nav2_pyif_controller/cmake/nav2_pyif_controllerConfig.cmake
-- Symlinking: /home/sora/colcon_ws/install/nav2_pyif_controller/share/nav2_pyif_controller/cmake/nav2_pyif_controllerConfig-version.cmake
-- Symlinking: /home/sora/colcon_ws/install/nav2_pyif_controller/share/nav2_pyif_controller/package.xml
-- Up-to-date: /home/sora/colcon_ws/install/nav2_pyif_controller/lib/libnav2_pyif_controller.so
-- Up-to-date: /home/sora/colcon_ws/install/nav2_pyif_controller/share/nav2_pyif_controller/cmake/export_nav2_pyif_controllerExport.cmake
-- Up-to-date: /home/sora/colcon_ws/install/nav2_pyif_controller/share/nav2_pyif_controller/cmake/export_nav2_pyif_controllerExport-release.cmake
