[0.008s] Invoking command in '/home/sora/colcon_ws/build/nav2_pyif_controller': CMAKE_PREFIX_PATH=/home/sora/colcon_ws/install/nav2_pyif:/home/sora/colcon_ws/install/nav2_pyif_controller:/home/sora/colcon_ws/install/apf_python_example:/opt/ros/humble LD_LIBRARY_PATH=/home/sora/colcon_ws/install/nav2_pyif/lib:/usr/local/cuda/lib64:/home/sora/colcon_ws/install/nav2_pyif_controller/lib:/usr/local/cuda/lib64:/opt/ros/humble/opt/rviz_ogre_vendor/lib:/opt/ros/humble/lib/x86_64-linux-gnu:/opt/ros/humble/lib /home/sora/.local/bin/cmake /home/sora/colcon_ws/src/nav2_pyif/nav2_pyif_controller -DAMENT_CMAKE_SYMLINK_INSTALL=1 -DCMAKE_INSTALL_PREFIX=/home/sora/colcon_ws/install/nav2_pyif_controller
[0.033s] -- Found nav2_pyif: 0.0.0 (/home/sora/colcon_ws/install/nav2_pyif/share/nav2_pyif/cmake)
[0.095s] -- Override CMake install command with custom implementation using symlinks instead of copying resources
[0.117s] -- Found rosidl_generator_c: 3.1.6 (/opt/ros/humble/share/rosidl_generator_c/cmake)
[0.119s] -- Found rosidl_adapter: 3.1.6 (/opt/ros/humble/share/rosidl_adapter/cmake)
[0.123s] -- Found rosidl_generator_cpp: 3.1.6 (/opt/ros/humble/share/rosidl_generator_cpp/cmake)
[0.129s] -- Using all available rosidl_typesupport_c: rosidl_typesupport_fastrtps_c;rosidl_typesupport_introspection_c
[0.138s] -- Using all available rosidl_typesupport_cpp: rosidl_typesupport_fastrtps_cpp;rosidl_typesupport_introspection_cpp
[0.175s] -- Found nav2_common: 1.1.17 (/opt/ros/humble/share/nav2_common/cmake)
[0.175s] -- Found nav2_core: 1.1.17 (/opt/ros/humble/share/nav2_core/cmake)
[0.194s] -- Found rmw_implementation_cmake: 6.1.2 (/opt/ros/humble/share/rmw_implementation_cmake/cmake)
[0.195s] -- Found rmw_cyclonedds_cpp: 1.3.4 (/opt/ros/humble/share/rmw_cyclonedds_cpp/cmake)
[0.207s] -- Using RMW implementation 'rmw_cyclonedds_cpp' as default
[0.346s] -- Ensuring Eigen3 include directory is part of orocos-kdl CMake target
[0.483s] -- Configuring done
[0.525s] -- Generating done
[0.531s] -- Build files have been written to: /home/sora/colcon_ws/build/nav2_pyif_controller
[0.539s] Invoked command in '/home/sora/colcon_ws/build/nav2_pyif_controller' returned '0': CMAKE_PREFIX_PATH=/home/sora/colcon_ws/install/nav2_pyif:/home/sora/colcon_ws/install/nav2_pyif_controller:/home/sora/colcon_ws/install/apf_python_example:/opt/ros/humble LD_LIBRARY_PATH=/home/sora/colcon_ws/install/nav2_pyif/lib:/usr/local/cuda/lib64:/home/sora/colcon_ws/install/nav2_pyif_controller/lib:/usr/local/cuda/lib64:/opt/ros/humble/opt/rviz_ogre_vendor/lib:/opt/ros/humble/lib/x86_64-linux-gnu:/opt/ros/humble/lib /home/sora/.local/bin/cmake /home/sora/colcon_ws/src/nav2_pyif/nav2_pyif_controller -DAMENT_CMAKE_SYMLINK_INSTALL=1 -DCMAKE_INSTALL_PREFIX=/home/sora/colcon_ws/install/nav2_pyif_controller
[0.539s] Invoking command in '/home/sora/colcon_ws/build/nav2_pyif_controller': CMAKE_PREFIX_PATH=/home/sora/colcon_ws/install/nav2_pyif:/home/sora/colcon_ws/install/nav2_pyif_controller:/home/sora/colcon_ws/install/apf_python_example:/opt/ros/humble LD_LIBRARY_PATH=/home/sora/colcon_ws/install/nav2_pyif/lib:/usr/local/cuda/lib64:/home/sora/colcon_ws/install/nav2_pyif_controller/lib:/usr/local/cuda/lib64:/opt/ros/humble/opt/rviz_ogre_vendor/lib:/opt/ros/humble/lib/x86_64-linux-gnu:/opt/ros/humble/lib /home/sora/.local/bin/cmake --build /home/sora/colcon_ws/build/nav2_pyif_controller -- -j32 -l32
[0.580s] [ 40%] Built target nav2_pyif_controller
[0.584s] [100%] Built target apf_test
[0.590s] Invoked command in '/home/sora/colcon_ws/build/nav2_pyif_controller' returned '0': CMAKE_PREFIX_PATH=/home/sora/colcon_ws/install/nav2_pyif:/home/sora/colcon_ws/install/nav2_pyif_controller:/home/sora/colcon_ws/install/apf_python_example:/opt/ros/humble LD_LIBRARY_PATH=/home/sora/colcon_ws/install/nav2_pyif/lib:/usr/local/cuda/lib64:/home/sora/colcon_ws/install/nav2_pyif_controller/lib:/usr/local/cuda/lib64:/opt/ros/humble/opt/rviz_ogre_vendor/lib:/opt/ros/humble/lib/x86_64-linux-gnu:/opt/ros/humble/lib /home/sora/.local/bin/cmake --build /home/sora/colcon_ws/build/nav2_pyif_controller -- -j32 -l32
[0.591s] Invoking command in '/home/sora/colcon_ws/build/nav2_pyif_controller': CMAKE_PREFIX_PATH=/home/sora/colcon_ws/install/nav2_pyif:/home/sora/colcon_ws/install/nav2_pyif_controller:/home/sora/colcon_ws/install/apf_python_example:/opt/ros/humble LD_LIBRARY_PATH=/home/sora/colcon_ws/install/nav2_pyif/lib:/usr/local/cuda/lib64:/home/sora/colcon_ws/install/nav2_pyif_controller/lib:/usr/local/cuda/lib64:/opt/ros/humble/opt/rviz_ogre_vendor/lib:/opt/ros/humble/lib/x86_64-linux-gnu:/opt/ros/humble/lib /home/sora/.local/bin/cmake --install /home/sora/colcon_ws/build/nav2_pyif_controller
[0.608s] -- Install configuration: "Release"
[0.608s] -- Execute custom install script
[0.608s] -- Symlinking: /home/sora/colcon_ws/install/nav2_pyif_controller/share/nav2_pyif_controller//nav2_pyif_controller.xml
[0.611s] -- Symlinking: /home/sora/colcon_ws/install/nav2_pyif_controller/include/nav2_pyif_controller/nav2_pyif_controller.hpp
[0.613s] -- Symlinking: /home/sora/colcon_ws/install/nav2_pyif_controller/share/nav2_pyif_controller/environment/library_path.sh
[0.616s] -- Symlinking: /home/sora/colcon_ws/install/nav2_pyif_controller/share/nav2_pyif_controller/environment/library_path.dsv
[0.618s] -- Symlinking: /home/sora/colcon_ws/install/nav2_pyif_controller/share/ament_index/resource_index/package_run_dependencies/nav2_pyif_controller
[0.621s] -- Symlinking: /home/sora/colcon_ws/install/nav2_pyif_controller/share/ament_index/resource_index/parent_prefix_path/nav2_pyif_controller
[0.624s] -- Symlinking: /home/sora/colcon_ws/install/nav2_pyif_controller/share/nav2_pyif_controller/environment/ament_prefix_path.sh
[0.626s] -- Symlinking: /home/sora/colcon_ws/install/nav2_pyif_controller/share/nav2_pyif_controller/environment/ament_prefix_path.dsv
[0.629s] -- Symlinking: /home/sora/colcon_ws/install/nav2_pyif_controller/share/nav2_pyif_controller/environment/path.sh
[0.632s] -- Symlinking: /home/sora/colcon_ws/install/nav2_pyif_controller/share/nav2_pyif_controller/environment/path.dsv
[0.634s] -- Symlinking: /home/sora/colcon_ws/install/nav2_pyif_controller/share/nav2_pyif_controller/local_setup.bash
[0.637s] -- Symlinking: /home/sora/colcon_ws/install/nav2_pyif_controller/share/nav2_pyif_controller/local_setup.sh
[0.639s] -- Symlinking: /home/sora/colcon_ws/install/nav2_pyif_controller/share/nav2_pyif_controller/local_setup.zsh
[0.641s] -- Symlinking: /home/sora/colcon_ws/install/nav2_pyif_controller/share/nav2_pyif_controller/local_setup.dsv
[0.644s] -- Symlinking: /home/sora/colcon_ws/install/nav2_pyif_controller/share/nav2_pyif_controller/package.dsv
[0.646s] -- Symlinking: /home/sora/colcon_ws/install/nav2_pyif_controller/share/ament_index/resource_index/packages/nav2_pyif_controller
[0.648s] -- Symlinking: /home/sora/colcon_ws/install/nav2_pyif_controller/share/ament_index/resource_index/nav2_core__pluginlib__plugin/nav2_pyif_controller
[0.650s] -- Symlinking: /home/sora/colcon_ws/install/nav2_pyif_controller/share/nav2_pyif_controller/cmake/ament_cmake_export_include_directories-extras.cmake
[0.652s] -- Symlinking: /home/sora/colcon_ws/install/nav2_pyif_controller/share/nav2_pyif_controller/cmake/ament_cmake_export_libraries-extras.cmake
[0.655s] -- Symlinking: /home/sora/colcon_ws/install/nav2_pyif_controller/share/nav2_pyif_controller/cmake/ament_cmake_export_dependencies-extras.cmake
[0.658s] -- Symlinking: /home/sora/colcon_ws/install/nav2_pyif_controller/share/nav2_pyif_controller/cmake/ament_cmake_export_targets-extras.cmake
[0.660s] -- Symlinking: /home/sora/colcon_ws/install/nav2_pyif_controller/share/nav2_pyif_controller/cmake/nav2_pyif_controllerConfig.cmake
[0.662s] -- Symlinking: /home/sora/colcon_ws/install/nav2_pyif_controller/share/nav2_pyif_controller/cmake/nav2_pyif_controllerConfig-version.cmake
[0.665s] -- Symlinking: /home/sora/colcon_ws/install/nav2_pyif_controller/share/nav2_pyif_controller/package.xml
[0.667s] -- Up-to-date: /home/sora/colcon_ws/install/nav2_pyif_controller/lib/libnav2_pyif_controller.so
[0.667s] -- Up-to-date: /home/sora/colcon_ws/install/nav2_pyif_controller/share/nav2_pyif_controller/cmake/export_nav2_pyif_controllerExport.cmake
[0.667s] -- Up-to-date: /home/sora/colcon_ws/install/nav2_pyif_controller/share/nav2_pyif_controller/cmake/export_nav2_pyif_controllerExport-release.cmake
[0.671s] Invoked command in '/home/sora/colcon_ws/build/nav2_pyif_controller' returned '0': CMAKE_PREFIX_PATH=/home/sora/colcon_ws/install/nav2_pyif:/home/sora/colcon_ws/install/nav2_pyif_controller:/home/sora/colcon_ws/install/apf_python_example:/opt/ros/humble LD_LIBRARY_PATH=/home/sora/colcon_ws/install/nav2_pyif/lib:/usr/local/cuda/lib64:/home/sora/colcon_ws/install/nav2_pyif_controller/lib:/usr/local/cuda/lib64:/opt/ros/humble/opt/rviz_ogre_vendor/lib:/opt/ros/humble/lib/x86_64-linux-gnu:/opt/ros/humble/lib /home/sora/.local/bin/cmake --install /home/sora/colcon_ws/build/nav2_pyif_controller
