[0.140s] Invoking command in '/home/sora/colcon_ws/build/nav2_pyif': CMAKE_PREFIX_PATH=${CMAKE_PREFIX_PATH}:/home/sora/colcon_ws/install/crowdnav_base:/home/sora/colcon_ws/install/crowdnav_planner:/home/sora/colcon_ws/install/apf_python_example:/opt/ros/humble CONDA_PROMPT_MODIFIER=(CN) PS1=(venv) \[\e]0;\u@\h: \w\a\]${debian_chroot:+($debian_chroot)}\[\033[01;32m\]\u@\h\[\033[00m\]:\[\033[01;34m\]\w\[\033[00m\]\$ /home/sora/.local/bin/cmake --build /home/sora/colcon_ws/build/nav2_pyif -- -j32 -l32
[0.274s] [100%] Built target nav2_pyif
[0.400s] Invoked command in '/home/sora/colcon_ws/build/nav2_pyif' returned '0': CMAKE_PREFIX_PATH=${CMAKE_PREFIX_PATH}:/home/sora/colcon_ws/install/crowdnav_base:/home/sora/colcon_ws/install/crowdnav_planner:/home/sora/colcon_ws/install/apf_python_example:/opt/ros/humble CONDA_PROMPT_MODIFIER=(CN) PS1=(venv) \[\e]0;\u@\h: \w\a\]${debian_chroot:+($debian_chroot)}\[\033[01;32m\]\u@\h\[\033[00m\]:\[\033[01;34m\]\w\[\033[00m\]\$ /home/sora/.local/bin/cmake --build /home/sora/colcon_ws/build/nav2_pyif -- -j32 -l32
[0.427s] Invoking command in '/home/sora/colcon_ws/build/nav2_pyif': CMAKE_PREFIX_PATH=${CMAKE_PREFIX_PATH}:/home/sora/colcon_ws/install/crowdnav_base:/home/sora/colcon_ws/install/crowdnav_planner:/home/sora/colcon_ws/install/apf_python_example:/opt/ros/humble CONDA_PROMPT_MODIFIER=(CN) PS1=(venv) \[\e]0;\u@\h: \w\a\]${debian_chroot:+($debian_chroot)}\[\033[01;32m\]\u@\h\[\033[00m\]:\[\033[01;34m\]\w\[\033[00m\]\$ /home/sora/.local/bin/cmake --install /home/sora/colcon_ws/build/nav2_pyif
[0.455s] -- Install configuration: ""
[0.456s] -- Execute custom install script
[0.456s] -- Up-to-date symlink: /home/sora/colcon_ws/install/nav2_pyif/include/nav2_pyif/geo_msgs.hpp
[0.457s] -- Up-to-date symlink: /home/sora/colcon_ws/install/nav2_pyif/include/nav2_pyif/nav2_pyif_utils.hpp
[0.457s] -- Up-to-date symlink: /home/sora/colcon_ws/install/nav2_pyif/include/nav2_pyif/nav_msgs.hpp
[0.457s] -- Up-to-date symlink: /home/sora/colcon_ws/install/nav2_pyif/include/nav2_pyif/python_interface.hpp
[0.457s] -- Up-to-date symlink: /home/sora/colcon_ws/install/nav2_pyif/include/nav2_pyif/std_msgs.hpp
[0.457s] -- Up-to-date symlink: /home/sora/colcon_ws/install/nav2_pyif/share/nav2_pyif/environment/library_path.sh
[0.457s] -- Up-to-date symlink: /home/sora/colcon_ws/install/nav2_pyif/share/nav2_pyif/environment/library_path.dsv
[0.457s] -- Up-to-date symlink: /home/sora/colcon_ws/install/nav2_pyif/share/ament_index/resource_index/package_run_dependencies/nav2_pyif
[0.457s] -- Up-to-date symlink: /home/sora/colcon_ws/install/nav2_pyif/share/ament_index/resource_index/parent_prefix_path/nav2_pyif
[0.458s] -- Up-to-date symlink: /home/sora/colcon_ws/install/nav2_pyif/share/nav2_pyif/environment/ament_prefix_path.sh
[0.458s] -- Up-to-date symlink: /home/sora/colcon_ws/install/nav2_pyif/share/nav2_pyif/environment/ament_prefix_path.dsv
[0.458s] -- Up-to-date symlink: /home/sora/colcon_ws/install/nav2_pyif/share/nav2_pyif/environment/path.sh
[0.458s] -- Up-to-date symlink: /home/sora/colcon_ws/install/nav2_pyif/share/nav2_pyif/environment/path.dsv
[0.458s] -- Up-to-date symlink: /home/sora/colcon_ws/install/nav2_pyif/share/nav2_pyif/local_setup.bash
[0.458s] -- Up-to-date symlink: /home/sora/colcon_ws/install/nav2_pyif/share/nav2_pyif/local_setup.sh
[0.459s] -- Up-to-date symlink: /home/sora/colcon_ws/install/nav2_pyif/share/nav2_pyif/local_setup.zsh
[0.459s] -- Up-to-date symlink: /home/sora/colcon_ws/install/nav2_pyif/share/nav2_pyif/local_setup.dsv
[0.459s] -- Symlinking: /home/sora/colcon_ws/install/nav2_pyif/share/nav2_pyif/package.dsv
[0.462s] -- Up-to-date symlink: /home/sora/colcon_ws/install/nav2_pyif/share/ament_index/resource_index/packages/nav2_pyif
[0.462s] -- Up-to-date symlink: /home/sora/colcon_ws/install/nav2_pyif/share/nav2_pyif/cmake/ament_cmake_export_include_directories-extras.cmake
[0.462s] -- Up-to-date symlink: /home/sora/colcon_ws/install/nav2_pyif/share/nav2_pyif/cmake/ament_cmake_export_libraries-extras.cmake
[0.462s] -- Up-to-date symlink: /home/sora/colcon_ws/install/nav2_pyif/share/nav2_pyif/cmake/ament_cmake_export_dependencies-extras.cmake
[0.463s] -- Up-to-date symlink: /home/sora/colcon_ws/install/nav2_pyif/share/nav2_pyif/cmake/ament_cmake_export_targets-extras.cmake
[0.463s] -- Up-to-date symlink: /home/sora/colcon_ws/install/nav2_pyif/share/nav2_pyif/cmake/nav2_pyifConfig.cmake
[0.463s] -- Up-to-date symlink: /home/sora/colcon_ws/install/nav2_pyif/share/nav2_pyif/cmake/nav2_pyifConfig-version.cmake
[0.463s] -- Up-to-date symlink: /home/sora/colcon_ws/install/nav2_pyif/share/nav2_pyif/package.xml
[0.463s] -- Up-to-date: /home/sora/colcon_ws/install/nav2_pyif/lib/libnav2_pyif.so
[0.463s] -- Up-to-date: /home/sora/colcon_ws/install/nav2_pyif/share/nav2_pyif/cmake/export_nav2_pyifExport.cmake
[0.463s] -- Up-to-date: /home/sora/colcon_ws/install/nav2_pyif/share/nav2_pyif/cmake/export_nav2_pyifExport-noconfig.cmake
[0.469s] Invoked command in '/home/sora/colcon_ws/build/nav2_pyif' returned '0': CMAKE_PREFIX_PATH=${CMAKE_PREFIX_PATH}:/home/sora/colcon_ws/install/crowdnav_base:/home/sora/colcon_ws/install/crowdnav_planner:/home/sora/colcon_ws/install/apf_python_example:/opt/ros/humble CONDA_PROMPT_MODIFIER=(CN) PS1=(venv) \[\e]0;\u@\h: \w\a\]${debian_chroot:+($debian_chroot)}\[\033[01;32m\]\u@\h\[\033[00m\]:\[\033[01;34m\]\w\[\033[00m\]\$ /home/sora/.local/bin/cmake --install /home/sora/colcon_ws/build/nav2_pyif
