[0.008s] Invoking command in '/home/sora/colcon_ws/build/nav2_pyif_controller': CMAKE_PREFIX_PATH=/home/sora/colcon_ws/install/nav2_pyif:/home/sora/colcon_ws/install/nav2_pyif_controller:/home/sora/colcon_ws/install/crowdnav_base:/home/sora/colcon_ws/install/crowdnav_planner:/home/sora/colcon_ws/install/apf_python_example:/opt/ros/humble LD_LIBRARY_PATH=/home/sora/colcon_ws/install/nav2_pyif/lib:/usr/local/cuda/lib64:/home/sora/colcon_ws/install/nav2_pyif_controller/lib:/usr/local/cuda/lib64:/opt/ros/humble/opt/rviz_ogre_vendor/lib:/opt/ros/humble/lib/x86_64-linux-gnu:/opt/ros/humble/lib /home/sora/.local/bin/cmake /home/sora/colcon_ws/src/nav2_pyif/nav2_pyif_controller -DAMENT_CMAKE_SYMLINK_INSTALL=1 -DCMAKE_INSTALL_PREFIX=/home/sora/colcon_ws/install/nav2_pyif_controller
[0.068s] -- The C compiler identification is GNU 11.4.0
[0.109s] -- The CXX compiler identification is GNU 11.4.0
[0.117s] -- Detecting C compiler ABI info
[0.163s] -- Detecting C compiler ABI info - done
[0.170s] -- Check for working C compiler: /usr/bin/cc - skipped
[0.170s] -- Detecting C compile features
[0.171s] -- Detecting C compile features - done
[0.173s] -- Detecting CXX compiler ABI info
[0.228s] -- Detecting CXX compiler ABI info - done
[0.235s] -- Check for working CXX compiler: /usr/bin/c++ - skipped
[0.235s] -- Detecting CXX compile features
[0.235s] -- Detecting CXX compile features - done
[0.236s] -- Found nav2_pyif: 0.0.0 (/home/sora/colcon_ws/install/nav2_pyif/share/nav2_pyif/cmake)
[0.664s] -- Found Python3: /home/sora/.pyenv/versions/3.10.15/bin/python3 (found version "3.10.15") found components: Interpreter 
[0.708s] -- Override CMake install command with custom implementation using symlinks instead of copying resources
[0.757s] -- Found rosidl_generator_c: 3.1.6 (/opt/ros/humble/share/rosidl_generator_c/cmake)
[0.761s] -- Found rosidl_adapter: 3.1.6 (/opt/ros/humble/share/rosidl_adapter/cmake)
[0.768s] -- Found rosidl_generator_cpp: 3.1.6 (/opt/ros/humble/share/rosidl_generator_cpp/cmake)
[0.777s] -- Using all available rosidl_typesupport_c: rosidl_typesupport_fastrtps_c;rosidl_typesupport_introspection_c
[0.790s] -- Using all available rosidl_typesupport_cpp: rosidl_typesupport_fastrtps_cpp;rosidl_typesupport_introspection_cpp
[0.849s] -- Found nav2_common: 1.1.17 (/opt/ros/humble/share/nav2_common/cmake)
[0.850s] -- Found nav2_core: 1.1.17 (/opt/ros/humble/share/nav2_core/cmake)
[0.880s] -- Found rmw_implementation_cmake: 6.1.2 (/opt/ros/humble/share/rmw_implementation_cmake/cmake)
[0.882s] -- Found rmw_cyclonedds_cpp: 1.3.4 (/opt/ros/humble/share/rmw_cyclonedds_cpp/cmake)
[0.898s] -- Using RMW implementation 'rmw_cyclonedds_cpp' as default
[0.904s] -- Performing Test CMAKE_HAVE_LIBC_PTHREAD
[0.950s] -- Performing Test CMAKE_HAVE_LIBC_PTHREAD - Success
[0.951s] -- Found Threads: TRUE  
[1.139s] -- Found Eigen3: TRUE (found version "3.4.0") 
[1.139s] -- Ensuring Eigen3 include directory is part of orocos-kdl CMake target
[1.230s] -- Setting build type to Release as none was specified.
[1.347s] -- Configuring done
[1.412s] -- Generating done
[1.421s] -- Build files have been written to: /home/sora/colcon_ws/build/nav2_pyif_controller
