-- Found ament_cmake: 1.3.11 (/opt/ros/humble/share/ament_cmake/cmake)
-- Override CMake install command with custom implementation using symlinks instead of copying resources
-- Found nav_msgs: 4.2.4 (/opt/ros/humble/share/nav_msgs/cmake)
-- Found rosidl_generator_c: 3.1.6 (/opt/ros/humble/share/rosidl_generator_c/cmake)
-- Found rosidl_adapter: 3.1.6 (/opt/ros/humble/share/rosidl_adapter/cmake)
-- Found rosidl_generator_cpp: 3.1.6 (/opt/ros/humble/share/rosidl_generator_cpp/cmake)
-- Using all available rosidl_typesupport_c: rosidl_typesupport_fastrtps_c;rosidl_typesupport_introspection_c
-- Using all available rosidl_typesupport_cpp: rosidl_typesupport_fastrtps_cpp;rosidl_typesupport_introspection_cpp
-- Configuring done
-- Generating done
-- Build files have been written to: /home/sora/colcon_ws/build/nav2_pyif
[100%] Built target nav2_pyif
-- Install configuration: ""
-- Execute custom install script
-- Symlinking: /home/sora/colcon_ws/install/nav2_pyif/include/nav2_pyif/geo_msgs.hpp
-- Symlinking: /home/sora/colcon_ws/install/nav2_pyif/include/nav2_pyif/nav2_pyif_utils.hpp
-- Symlinking: /home/sora/colcon_ws/install/nav2_pyif/include/nav2_pyif/nav_msgs.hpp
-- Symlinking: /home/sora/colcon_ws/install/nav2_pyif/include/nav2_pyif/python_interface.hpp
-- Symlinking: /home/sora/colcon_ws/install/nav2_pyif/include/nav2_pyif/std_msgs.hpp
-- Symlinking: /home/sora/colcon_ws/install/nav2_pyif/share/nav2_pyif/environment/library_path.sh
-- Symlinking: /home/sora/colcon_ws/install/nav2_pyif/share/nav2_pyif/environment/library_path.dsv
-- Symlinking: /home/sora/colcon_ws/install/nav2_pyif/share/ament_index/resource_index/package_run_dependencies/nav2_pyif
-- Symlinking: /home/sora/colcon_ws/install/nav2_pyif/share/ament_index/resource_index/parent_prefix_path/nav2_pyif
-- Symlinking: /home/sora/colcon_ws/install/nav2_pyif/share/nav2_pyif/environment/ament_prefix_path.sh
-- Symlinking: /home/sora/colcon_ws/install/nav2_pyif/share/nav2_pyif/environment/ament_prefix_path.dsv
-- Symlinking: /home/sora/colcon_ws/install/nav2_pyif/share/nav2_pyif/environment/path.sh
-- Symlinking: /home/sora/colcon_ws/install/nav2_pyif/share/nav2_pyif/environment/path.dsv
-- Symlinking: /home/sora/colcon_ws/install/nav2_pyif/share/nav2_pyif/local_setup.bash
-- Symlinking: /home/sora/colcon_ws/install/nav2_pyif/share/nav2_pyif/local_setup.sh
-- Symlinking: /home/sora/colcon_ws/install/nav2_pyif/share/nav2_pyif/local_setup.zsh
-- Symlinking: /home/sora/colcon_ws/install/nav2_pyif/share/nav2_pyif/local_setup.dsv
-- Symlinking: /home/sora/colcon_ws/install/nav2_pyif/share/nav2_pyif/package.dsv
-- Symlinking: /home/sora/colcon_ws/install/nav2_pyif/share/ament_index/resource_index/packages/nav2_pyif
-- Symlinking: /home/sora/colcon_ws/install/nav2_pyif/share/nav2_pyif/cmake/ament_cmake_export_include_directories-extras.cmake
-- Symlinking: /home/sora/colcon_ws/install/nav2_pyif/share/nav2_pyif/cmake/ament_cmake_export_libraries-extras.cmake
-- Symlinking: /home/sora/colcon_ws/install/nav2_pyif/share/nav2_pyif/cmake/ament_cmake_export_dependencies-extras.cmake
-- Symlinking: /home/sora/colcon_ws/install/nav2_pyif/share/nav2_pyif/cmake/ament_cmake_export_targets-extras.cmake
-- Symlinking: /home/sora/colcon_ws/install/nav2_pyif/share/nav2_pyif/cmake/nav2_pyifConfig.cmake
-- Symlinking: /home/sora/colcon_ws/install/nav2_pyif/share/nav2_pyif/cmake/nav2_pyifConfig-version.cmake
-- Symlinking: /home/sora/colcon_ws/install/nav2_pyif/share/nav2_pyif/package.xml
-- Up-to-date: /home/sora/colcon_ws/install/nav2_pyif/lib/libnav2_pyif.so
-- Up-to-date: /home/sora/colcon_ws/install/nav2_pyif/share/nav2_pyif/cmake/export_nav2_pyifExport.cmake
-- Up-to-date: /home/sora/colcon_ws/install/nav2_pyif/share/nav2_pyif/cmake/export_nav2_pyifExport-noconfig.cmake
