[0.053s] DEBUG:colcon:Command line arguments: ['/usr/bin/colcon', 'build', '--symlink-install']
[0.053s] DEBUG:colcon:Parsed command line arguments: Namespace(log_base=None, log_level=None, verb_name='build', build_base='build', install_base='install', merge_install=False, symlink_install=True, test_result_base=None, continue_on_error=False, executor='parallel', parallel_workers=32, event_handlers=None, ignore_user_meta=False, metas=['./colcon.meta'], base_paths=['.'], packages_ignore=None, packages_ignore_regex=None, paths=None, packages_up_to=None, packages_up_to_regex=None, packages_above=None, packages_above_and_dependencies=None, packages_above_depth=None, packages_select_by_dep=None, packages_skip_by_dep=None, packages_skip_up_to=None, packages_select_build_failed=False, packages_skip_build_finished=False, packages_select_test_failures=False, packages_skip_test_passed=False, packages_select=None, packages_skip=None, packages_select_regex=None, packages_skip_regex=None, packages_start=None, packages_end=None, allow_overriding=[], cmake_args=None, cmake_target=None, cmake_target_skip_unavailable=False, cmake_clean_cache=False, cmake_clean_first=False, cmake_force_configure=False, ament_cmake_args=None, catkin_cmake_args=None, catkin_skip_building_tests=False, mixin_files=None, mixin=None, verb_parser=<colcon_mixin.mixin.mixin_argument.MixinArgumentDecorator object at 0x750777258190>, verb_extension=<colcon_core.verb.build.BuildVerb object at 0x7507773b5270>, main=<bound method BuildVerb.main of <colcon_core.verb.build.BuildVerb object at 0x7507773b5270>>, mixin_verb=('build',))
[0.135s] Level 1:colcon.colcon_core.package_discovery:discover_packages(colcon_meta) check parameters
[0.135s] Level 1:colcon.colcon_core.package_discovery:discover_packages(recursive) check parameters
[0.135s] Level 1:colcon.colcon_core.package_discovery:discover_packages(ignore) check parameters
[0.135s] Level 1:colcon.colcon_core.package_discovery:discover_packages(path) check parameters
[0.135s] Level 1:colcon.colcon_core.package_discovery:discover_packages(colcon_meta) discover
[0.135s] Level 1:colcon.colcon_core.package_discovery:discover_packages(recursive) discover
[0.135s] INFO:colcon.colcon_core.package_discovery:Crawling recursively for packages in '/home/sora/colcon_ws'
[0.135s] Level 1:colcon.colcon_core.package_identification:_identify(.) by extensions ['ignore', 'ignore_ament_install']
[0.135s] Level 1:colcon.colcon_core.package_identification:_identify(.) by extension 'ignore'
[0.135s] Level 1:colcon.colcon_core.package_identification:_identify(.) by extension 'ignore_ament_install'
[0.135s] Level 1:colcon.colcon_core.package_identification:_identify(.) by extensions ['colcon_pkg']
[0.135s] Level 1:colcon.colcon_core.package_identification:_identify(.) by extension 'colcon_pkg'
[0.135s] Level 1:colcon.colcon_core.package_identification:_identify(.) by extensions ['colcon_meta']
[0.135s] Level 1:colcon.colcon_core.package_identification:_identify(.) by extension 'colcon_meta'
[0.135s] Level 1:colcon.colcon_core.package_identification:_identify(.) by extensions ['ros']
[0.135s] Level 1:colcon.colcon_core.package_identification:_identify(.) by extension 'ros'
[0.145s] Level 1:colcon.colcon_core.package_identification:_identify(.) by extensions ['cmake', 'python']
[0.145s] Level 1:colcon.colcon_core.package_identification:_identify(.) by extension 'cmake'
[0.145s] Level 1:colcon.colcon_core.package_identification:_identify(.) by extension 'python'
[0.145s] Level 1:colcon.colcon_core.package_identification:_identify(.) by extensions ['python_setup_py']
[0.145s] Level 1:colcon.colcon_core.package_identification:_identify(.) by extension 'python_setup_py'
[0.145s] Level 1:colcon.colcon_core.package_identification:_identify(build) by extensions ['ignore', 'ignore_ament_install']
[0.145s] Level 1:colcon.colcon_core.package_identification:_identify(build) by extension 'ignore'
[0.145s] Level 1:colcon.colcon_core.package_identification:_identify(build) ignored
[0.145s] Level 1:colcon.colcon_core.package_identification:_identify(install) by extensions ['ignore', 'ignore_ament_install']
[0.145s] Level 1:colcon.colcon_core.package_identification:_identify(install) by extension 'ignore'
[0.145s] Level 1:colcon.colcon_core.package_identification:_identify(install) ignored
[0.145s] Level 1:colcon.colcon_core.package_identification:_identify(log) by extensions ['ignore', 'ignore_ament_install']
[0.146s] Level 1:colcon.colcon_core.package_identification:_identify(log) by extension 'ignore'
[0.146s] Level 1:colcon.colcon_core.package_identification:_identify(log) ignored
[0.146s] Level 1:colcon.colcon_core.package_identification:_identify(src) by extensions ['ignore', 'ignore_ament_install']
[0.146s] Level 1:colcon.colcon_core.package_identification:_identify(src) by extension 'ignore'
[0.146s] Level 1:colcon.colcon_core.package_identification:_identify(src) by extension 'ignore_ament_install'
[0.146s] Level 1:colcon.colcon_core.package_identification:_identify(src) by extensions ['colcon_pkg']
[0.146s] Level 1:colcon.colcon_core.package_identification:_identify(src) by extension 'colcon_pkg'
[0.146s] Level 1:colcon.colcon_core.package_identification:_identify(src) by extensions ['colcon_meta']
[0.146s] Level 1:colcon.colcon_core.package_identification:_identify(src) by extension 'colcon_meta'
[0.146s] Level 1:colcon.colcon_core.package_identification:_identify(src) by extensions ['ros']
[0.146s] Level 1:colcon.colcon_core.package_identification:_identify(src) by extension 'ros'
[0.146s] Level 1:colcon.colcon_core.package_identification:_identify(src) by extensions ['cmake', 'python']
[0.146s] Level 1:colcon.colcon_core.package_identification:_identify(src) by extension 'cmake'
[0.146s] Level 1:colcon.colcon_core.package_identification:_identify(src) by extension 'python'
[0.146s] Level 1:colcon.colcon_core.package_identification:_identify(src) by extensions ['python_setup_py']
[0.146s] Level 1:colcon.colcon_core.package_identification:_identify(src) by extension 'python_setup_py'
[0.146s] Level 1:colcon.colcon_core.package_identification:_identify(src/CrowdNav_Prediction_AttnGraph) by extensions ['ignore', 'ignore_ament_install']
[0.146s] Level 1:colcon.colcon_core.package_identification:_identify(src/CrowdNav_Prediction_AttnGraph) by extension 'ignore'
[0.146s] Level 1:colcon.colcon_core.package_identification:_identify(src/CrowdNav_Prediction_AttnGraph) by extension 'ignore_ament_install'
[0.146s] Level 1:colcon.colcon_core.package_identification:_identify(src/CrowdNav_Prediction_AttnGraph) by extensions ['colcon_pkg']
[0.146s] Level 1:colcon.colcon_core.package_identification:_identify(src/CrowdNav_Prediction_AttnGraph) by extension 'colcon_pkg'
[0.146s] Level 1:colcon.colcon_core.package_identification:_identify(src/CrowdNav_Prediction_AttnGraph) by extensions ['colcon_meta']
[0.146s] Level 1:colcon.colcon_core.package_identification:_identify(src/CrowdNav_Prediction_AttnGraph) by extension 'colcon_meta'
[0.146s] Level 1:colcon.colcon_core.package_identification:_identify(src/CrowdNav_Prediction_AttnGraph) by extensions ['ros']
[0.146s] Level 1:colcon.colcon_core.package_identification:_identify(src/CrowdNav_Prediction_AttnGraph) by extension 'ros'
[0.147s] DEBUG:colcon.colcon_core.package_identification:Package 'src/CrowdNav_Prediction_AttnGraph' with type 'ros.ament_python' and name 'crowdnav_base'
[0.147s] Level 1:colcon.colcon_core.package_identification:_identify(src/crowdnav_planners) by extensions ['ignore', 'ignore_ament_install']
[0.147s] Level 1:colcon.colcon_core.package_identification:_identify(src/crowdnav_planners) by extension 'ignore'
[0.147s] Level 1:colcon.colcon_core.package_identification:_identify(src/crowdnav_planners) by extension 'ignore_ament_install'
[0.147s] Level 1:colcon.colcon_core.package_identification:_identify(src/crowdnav_planners) by extensions ['colcon_pkg']
[0.147s] Level 1:colcon.colcon_core.package_identification:_identify(src/crowdnav_planners) by extension 'colcon_pkg'
[0.147s] Level 1:colcon.colcon_core.package_identification:_identify(src/crowdnav_planners) by extensions ['colcon_meta']
[0.147s] Level 1:colcon.colcon_core.package_identification:_identify(src/crowdnav_planners) by extension 'colcon_meta'
[0.148s] Level 1:colcon.colcon_core.package_identification:_identify(src/crowdnav_planners) by extensions ['ros']
[0.148s] Level 1:colcon.colcon_core.package_identification:_identify(src/crowdnav_planners) by extension 'ros'
[0.148s] DEBUG:colcon.colcon_core.package_identification:Package 'src/crowdnav_planners' with type 'ros.ament_python' and name 'crowdnav_planner'
[0.148s] Level 1:colcon.colcon_core.package_identification:_identify(src/nav2_pyif) by extensions ['ignore', 'ignore_ament_install']
[0.148s] Level 1:colcon.colcon_core.package_identification:_identify(src/nav2_pyif) by extension 'ignore'
[0.148s] Level 1:colcon.colcon_core.package_identification:_identify(src/nav2_pyif) by extension 'ignore_ament_install'
[0.148s] Level 1:colcon.colcon_core.package_identification:_identify(src/nav2_pyif) by extensions ['colcon_pkg']
[0.148s] Level 1:colcon.colcon_core.package_identification:_identify(src/nav2_pyif) by extension 'colcon_pkg'
[0.148s] Level 1:colcon.colcon_core.package_identification:_identify(src/nav2_pyif) by extensions ['colcon_meta']
[0.148s] Level 1:colcon.colcon_core.package_identification:_identify(src/nav2_pyif) by extension 'colcon_meta'
[0.148s] Level 1:colcon.colcon_core.package_identification:_identify(src/nav2_pyif) by extensions ['ros']
[0.148s] Level 1:colcon.colcon_core.package_identification:_identify(src/nav2_pyif) by extension 'ros'
[0.148s] Level 1:colcon.colcon_core.package_identification:_identify(src/nav2_pyif) by extensions ['cmake', 'python']
[0.148s] Level 1:colcon.colcon_core.package_identification:_identify(src/nav2_pyif) by extension 'cmake'
[0.148s] Level 1:colcon.colcon_core.package_identification:_identify(src/nav2_pyif) by extension 'python'
[0.148s] Level 1:colcon.colcon_core.package_identification:_identify(src/nav2_pyif) by extensions ['python_setup_py']
[0.148s] Level 1:colcon.colcon_core.package_identification:_identify(src/nav2_pyif) by extension 'python_setup_py'
[0.148s] Level 1:colcon.colcon_core.package_identification:_identify(src/nav2_pyif/apf_python_example) by extensions ['ignore', 'ignore_ament_install']
[0.148s] Level 1:colcon.colcon_core.package_identification:_identify(src/nav2_pyif/apf_python_example) by extension 'ignore'
[0.148s] Level 1:colcon.colcon_core.package_identification:_identify(src/nav2_pyif/apf_python_example) by extension 'ignore_ament_install'
[0.148s] Level 1:colcon.colcon_core.package_identification:_identify(src/nav2_pyif/apf_python_example) by extensions ['colcon_pkg']
[0.148s] Level 1:colcon.colcon_core.package_identification:_identify(src/nav2_pyif/apf_python_example) by extension 'colcon_pkg'
[0.148s] Level 1:colcon.colcon_core.package_identification:_identify(src/nav2_pyif/apf_python_example) by extensions ['colcon_meta']
[0.148s] Level 1:colcon.colcon_core.package_identification:_identify(src/nav2_pyif/apf_python_example) by extension 'colcon_meta'
[0.148s] Level 1:colcon.colcon_core.package_identification:_identify(src/nav2_pyif/apf_python_example) by extensions ['ros']
[0.148s] Level 1:colcon.colcon_core.package_identification:_identify(src/nav2_pyif/apf_python_example) by extension 'ros'
[0.149s] DEBUG:colcon.colcon_core.package_identification:Package 'src/nav2_pyif/apf_python_example' with type 'ros.ament_python' and name 'apf_python_example'
[0.149s] Level 1:colcon.colcon_core.package_identification:_identify(src/nav2_pyif/nav2_pyif) by extensions ['ignore', 'ignore_ament_install']
[0.149s] Level 1:colcon.colcon_core.package_identification:_identify(src/nav2_pyif/nav2_pyif) by extension 'ignore'
[0.149s] Level 1:colcon.colcon_core.package_identification:_identify(src/nav2_pyif/nav2_pyif) by extension 'ignore_ament_install'
[0.149s] Level 1:colcon.colcon_core.package_identification:_identify(src/nav2_pyif/nav2_pyif) by extensions ['colcon_pkg']
[0.149s] Level 1:colcon.colcon_core.package_identification:_identify(src/nav2_pyif/nav2_pyif) by extension 'colcon_pkg'
[0.149s] Level 1:colcon.colcon_core.package_identification:_identify(src/nav2_pyif/nav2_pyif) by extensions ['colcon_meta']
[0.149s] Level 1:colcon.colcon_core.package_identification:_identify(src/nav2_pyif/nav2_pyif) by extension 'colcon_meta'
[0.149s] Level 1:colcon.colcon_core.package_identification:_identify(src/nav2_pyif/nav2_pyif) by extensions ['ros']
[0.149s] Level 1:colcon.colcon_core.package_identification:_identify(src/nav2_pyif/nav2_pyif) by extension 'ros'
[0.149s] DEBUG:colcon.colcon_core.package_identification:Package 'src/nav2_pyif/nav2_pyif' with type 'ros.ament_cmake' and name 'nav2_pyif'
[0.149s] Level 1:colcon.colcon_core.package_identification:_identify(src/nav2_pyif/nav2_pyif_controller) by extensions ['ignore', 'ignore_ament_install']
[0.149s] Level 1:colcon.colcon_core.package_identification:_identify(src/nav2_pyif/nav2_pyif_controller) by extension 'ignore'
[0.149s] Level 1:colcon.colcon_core.package_identification:_identify(src/nav2_pyif/nav2_pyif_controller) by extension 'ignore_ament_install'
[0.149s] Level 1:colcon.colcon_core.package_identification:_identify(src/nav2_pyif/nav2_pyif_controller) by extensions ['colcon_pkg']
[0.149s] Level 1:colcon.colcon_core.package_identification:_identify(src/nav2_pyif/nav2_pyif_controller) by extension 'colcon_pkg'
[0.149s] Level 1:colcon.colcon_core.package_identification:_identify(src/nav2_pyif/nav2_pyif_controller) by extensions ['colcon_meta']
[0.149s] Level 1:colcon.colcon_core.package_identification:_identify(src/nav2_pyif/nav2_pyif_controller) by extension 'colcon_meta'
[0.149s] Level 1:colcon.colcon_core.package_identification:_identify(src/nav2_pyif/nav2_pyif_controller) by extensions ['ros']
[0.149s] Level 1:colcon.colcon_core.package_identification:_identify(src/nav2_pyif/nav2_pyif_controller) by extension 'ros'
[0.149s] DEBUG:colcon.colcon_core.package_identification:Package 'src/nav2_pyif/nav2_pyif_controller' with type 'ros.ament_cmake' and name 'nav2_pyif_controller'
[0.150s] Level 1:colcon.colcon_core.package_discovery:discover_packages(recursive) using defaults
[0.150s] Level 1:colcon.colcon_core.package_discovery:discover_packages(ignore) discover
[0.150s] Level 1:colcon.colcon_core.package_discovery:discover_packages(ignore) using defaults
[0.150s] Level 1:colcon.colcon_core.package_discovery:discover_packages(path) discover
[0.150s] Level 1:colcon.colcon_core.package_discovery:discover_packages(path) using defaults
[0.159s] Level 1:colcon.colcon_core.package_discovery:discover_packages(prefix_path) check parameters
[0.159s] Level 1:colcon.colcon_core.package_discovery:discover_packages(prefix_path) discover
[0.160s] DEBUG:colcon.colcon_installed_package_information.package_discovery:Found 7 installed packages in /home/sora/colcon_ws/install
[0.161s] DEBUG:colcon.colcon_installed_package_information.package_discovery:Found 393 installed packages in /opt/ros/humble
[0.162s] Level 1:colcon.colcon_core.package_discovery:discover_packages(prefix_path) using defaults
[0.184s] Level 5:colcon.colcon_core.verb:set package 'apf_python_example' build argument 'cmake_args' from command line to 'None'
[0.184s] Level 5:colcon.colcon_core.verb:set package 'apf_python_example' build argument 'cmake_target' from command line to 'None'
[0.184s] Level 5:colcon.colcon_core.verb:set package 'apf_python_example' build argument 'cmake_target_skip_unavailable' from command line to 'False'
[0.184s] Level 5:colcon.colcon_core.verb:set package 'apf_python_example' build argument 'cmake_clean_cache' from command line to 'False'
[0.184s] Level 5:colcon.colcon_core.verb:set package 'apf_python_example' build argument 'cmake_clean_first' from command line to 'False'
[0.184s] Level 5:colcon.colcon_core.verb:set package 'apf_python_example' build argument 'cmake_force_configure' from command line to 'False'
[0.184s] Level 5:colcon.colcon_core.verb:set package 'apf_python_example' build argument 'ament_cmake_args' from command line to 'None'
[0.184s] Level 5:colcon.colcon_core.verb:set package 'apf_python_example' build argument 'catkin_cmake_args' from command line to 'None'
[0.184s] Level 5:colcon.colcon_core.verb:set package 'apf_python_example' build argument 'catkin_skip_building_tests' from command line to 'False'
[0.184s] DEBUG:colcon.colcon_core.verb:Building package 'apf_python_example' with the following arguments: {'ament_cmake_args': None, 'build_base': '/home/sora/colcon_ws/build/apf_python_example', 'catkin_cmake_args': None, 'catkin_skip_building_tests': False, 'cmake_args': None, 'cmake_clean_cache': False, 'cmake_clean_first': False, 'cmake_force_configure': False, 'cmake_target': None, 'cmake_target_skip_unavailable': False, 'install_base': '/home/sora/colcon_ws/install/apf_python_example', 'merge_install': False, 'path': '/home/sora/colcon_ws/src/nav2_pyif/apf_python_example', 'symlink_install': True, 'test_result_base': None}
[0.184s] Level 5:colcon.colcon_core.verb:set package 'crowdnav_base' build argument 'cmake_args' from command line to 'None'
[0.184s] Level 5:colcon.colcon_core.verb:set package 'crowdnav_base' build argument 'cmake_target' from command line to 'None'
[0.184s] Level 5:colcon.colcon_core.verb:set package 'crowdnav_base' build argument 'cmake_target_skip_unavailable' from command line to 'False'
[0.184s] Level 5:colcon.colcon_core.verb:set package 'crowdnav_base' build argument 'cmake_clean_cache' from command line to 'False'
[0.184s] Level 5:colcon.colcon_core.verb:set package 'crowdnav_base' build argument 'cmake_clean_first' from command line to 'False'
[0.184s] Level 5:colcon.colcon_core.verb:set package 'crowdnav_base' build argument 'cmake_force_configure' from command line to 'False'
[0.184s] Level 5:colcon.colcon_core.verb:set package 'crowdnav_base' build argument 'ament_cmake_args' from command line to 'None'
[0.184s] Level 5:colcon.colcon_core.verb:set package 'crowdnav_base' build argument 'catkin_cmake_args' from command line to 'None'
[0.184s] Level 5:colcon.colcon_core.verb:set package 'crowdnav_base' build argument 'catkin_skip_building_tests' from command line to 'False'
[0.184s] DEBUG:colcon.colcon_core.verb:Building package 'crowdnav_base' with the following arguments: {'ament_cmake_args': None, 'build_base': '/home/sora/colcon_ws/build/crowdnav_base', 'catkin_cmake_args': None, 'catkin_skip_building_tests': False, 'cmake_args': None, 'cmake_clean_cache': False, 'cmake_clean_first': False, 'cmake_force_configure': False, 'cmake_target': None, 'cmake_target_skip_unavailable': False, 'install_base': '/home/sora/colcon_ws/install/crowdnav_base', 'merge_install': False, 'path': '/home/sora/colcon_ws/src/CrowdNav_Prediction_AttnGraph', 'symlink_install': True, 'test_result_base': None}
[0.184s] Level 5:colcon.colcon_core.verb:set package 'nav2_pyif' build argument 'cmake_args' from command line to 'None'
[0.184s] Level 5:colcon.colcon_core.verb:set package 'nav2_pyif' build argument 'cmake_target' from command line to 'None'
[0.184s] Level 5:colcon.colcon_core.verb:set package 'nav2_pyif' build argument 'cmake_target_skip_unavailable' from command line to 'False'
[0.184s] Level 5:colcon.colcon_core.verb:set package 'nav2_pyif' build argument 'cmake_clean_cache' from command line to 'False'
[0.184s] Level 5:colcon.colcon_core.verb:set package 'nav2_pyif' build argument 'cmake_clean_first' from command line to 'False'
[0.184s] Level 5:colcon.colcon_core.verb:set package 'nav2_pyif' build argument 'cmake_force_configure' from command line to 'False'
[0.184s] Level 5:colcon.colcon_core.verb:set package 'nav2_pyif' build argument 'ament_cmake_args' from command line to 'None'
[0.184s] Level 5:colcon.colcon_core.verb:set package 'nav2_pyif' build argument 'catkin_cmake_args' from command line to 'None'
[0.184s] Level 5:colcon.colcon_core.verb:set package 'nav2_pyif' build argument 'catkin_skip_building_tests' from command line to 'False'
[0.184s] DEBUG:colcon.colcon_core.verb:Building package 'nav2_pyif' with the following arguments: {'ament_cmake_args': None, 'build_base': '/home/sora/colcon_ws/build/nav2_pyif', 'catkin_cmake_args': None, 'catkin_skip_building_tests': False, 'cmake_args': None, 'cmake_clean_cache': False, 'cmake_clean_first': False, 'cmake_force_configure': False, 'cmake_target': None, 'cmake_target_skip_unavailable': False, 'install_base': '/home/sora/colcon_ws/install/nav2_pyif', 'merge_install': False, 'path': '/home/sora/colcon_ws/src/nav2_pyif/nav2_pyif', 'symlink_install': True, 'test_result_base': None}
[0.184s] Level 5:colcon.colcon_core.verb:set package 'crowdnav_planner' build argument 'cmake_args' from command line to 'None'
[0.184s] Level 5:colcon.colcon_core.verb:set package 'crowdnav_planner' build argument 'cmake_target' from command line to 'None'
[0.184s] Level 5:colcon.colcon_core.verb:set package 'crowdnav_planner' build argument 'cmake_target_skip_unavailable' from command line to 'False'
[0.184s] Level 5:colcon.colcon_core.verb:set package 'crowdnav_planner' build argument 'cmake_clean_cache' from command line to 'False'
[0.184s] Level 5:colcon.colcon_core.verb:set package 'crowdnav_planner' build argument 'cmake_clean_first' from command line to 'False'
[0.185s] Level 5:colcon.colcon_core.verb:set package 'crowdnav_planner' build argument 'cmake_force_configure' from command line to 'False'
[0.185s] Level 5:colcon.colcon_core.verb:set package 'crowdnav_planner' build argument 'ament_cmake_args' from command line to 'None'
[0.185s] Level 5:colcon.colcon_core.verb:set package 'crowdnav_planner' build argument 'catkin_cmake_args' from command line to 'None'
[0.185s] Level 5:colcon.colcon_core.verb:set package 'crowdnav_planner' build argument 'catkin_skip_building_tests' from command line to 'False'
[0.185s] DEBUG:colcon.colcon_core.verb:Building package 'crowdnav_planner' with the following arguments: {'ament_cmake_args': None, 'build_base': '/home/sora/colcon_ws/build/crowdnav_planner', 'catkin_cmake_args': None, 'catkin_skip_building_tests': False, 'cmake_args': None, 'cmake_clean_cache': False, 'cmake_clean_first': False, 'cmake_force_configure': False, 'cmake_target': None, 'cmake_target_skip_unavailable': False, 'install_base': '/home/sora/colcon_ws/install/crowdnav_planner', 'merge_install': False, 'path': '/home/sora/colcon_ws/src/crowdnav_planners', 'symlink_install': True, 'test_result_base': None}
[0.185s] Level 5:colcon.colcon_core.verb:set package 'nav2_pyif_controller' build argument 'cmake_args' from command line to 'None'
[0.185s] Level 5:colcon.colcon_core.verb:set package 'nav2_pyif_controller' build argument 'cmake_target' from command line to 'None'
[0.185s] Level 5:colcon.colcon_core.verb:set package 'nav2_pyif_controller' build argument 'cmake_target_skip_unavailable' from command line to 'False'
[0.185s] Level 5:colcon.colcon_core.verb:set package 'nav2_pyif_controller' build argument 'cmake_clean_cache' from command line to 'False'
[0.185s] Level 5:colcon.colcon_core.verb:set package 'nav2_pyif_controller' build argument 'cmake_clean_first' from command line to 'False'
[0.185s] Level 5:colcon.colcon_core.verb:set package 'nav2_pyif_controller' build argument 'cmake_force_configure' from command line to 'False'
[0.185s] Level 5:colcon.colcon_core.verb:set package 'nav2_pyif_controller' build argument 'ament_cmake_args' from command line to 'None'
[0.185s] Level 5:colcon.colcon_core.verb:set package 'nav2_pyif_controller' build argument 'catkin_cmake_args' from command line to 'None'
[0.185s] Level 5:colcon.colcon_core.verb:set package 'nav2_pyif_controller' build argument 'catkin_skip_building_tests' from command line to 'False'
[0.185s] DEBUG:colcon.colcon_core.verb:Building package 'nav2_pyif_controller' with the following arguments: {'ament_cmake_args': None, 'build_base': '/home/sora/colcon_ws/build/nav2_pyif_controller', 'catkin_cmake_args': None, 'catkin_skip_building_tests': False, 'cmake_args': None, 'cmake_clean_cache': False, 'cmake_clean_first': False, 'cmake_force_configure': False, 'cmake_target': None, 'cmake_target_skip_unavailable': False, 'install_base': '/home/sora/colcon_ws/install/nav2_pyif_controller', 'merge_install': False, 'path': '/home/sora/colcon_ws/src/nav2_pyif/nav2_pyif_controller', 'symlink_install': True, 'test_result_base': None}
[0.185s] INFO:colcon.colcon_core.executor:Executing jobs using 'parallel' executor
[0.186s] DEBUG:colcon.colcon_parallel_executor.executor.parallel:run_until_complete
[0.186s] INFO:colcon.colcon_ros.task.ament_python.build:Building ROS package in '/home/sora/colcon_ws/src/CrowdNav_Prediction_AttnGraph' with build type 'ament_python'
[0.186s] Level 1:colcon.colcon_core.shell:create_environment_hook('crowdnav_base', 'ament_prefix_path')
[0.187s] INFO:colcon.colcon_core.plugin_system:Skipping extension 'colcon_core.shell.bat': Not used on non-Windows systems
[0.187s] INFO:colcon.colcon_core.shell:Creating environment hook '/home/sora/colcon_ws/install/crowdnav_base/share/crowdnav_base/hook/ament_prefix_path.ps1'
[0.187s] INFO:colcon.colcon_core.shell:Creating environment descriptor '/home/sora/colcon_ws/install/crowdnav_base/share/crowdnav_base/hook/ament_prefix_path.dsv'
[0.187s] INFO:colcon.colcon_core.shell:Creating environment hook '/home/sora/colcon_ws/install/crowdnav_base/share/crowdnav_base/hook/ament_prefix_path.sh'
[0.188s] INFO:colcon.colcon_core.shell:Skip shell extension 'powershell' for command environment: Not usable outside of PowerShell
[0.188s] DEBUG:colcon.colcon_core.shell:Skip shell extension 'dsv' for command environment
[0.190s] INFO:colcon.colcon_ros.task.ament_cmake.build:Building ROS package in '/home/sora/colcon_ws/src/nav2_pyif/nav2_pyif' with build type 'ament_cmake'
[0.190s] INFO:colcon.colcon_cmake.task.cmake.build:Building CMake package in '/home/sora/colcon_ws/src/nav2_pyif/nav2_pyif'
[0.190s] INFO:colcon.colcon_core.shell:Skip shell extension 'powershell' for command environment: Not usable outside of PowerShell
[0.190s] DEBUG:colcon.colcon_core.shell:Skip shell extension 'dsv' for command environment
[0.192s] INFO:colcon.colcon_ros.task.ament_python.build:Building ROS package in '/home/sora/colcon_ws/src/nav2_pyif/apf_python_example' with build type 'ament_python'
[0.192s] Level 1:colcon.colcon_core.shell:create_environment_hook('apf_python_example', 'ament_prefix_path')
[0.192s] INFO:colcon.colcon_core.shell:Creating environment hook '/home/sora/colcon_ws/install/apf_python_example/share/apf_python_example/hook/ament_prefix_path.ps1'
[0.192s] INFO:colcon.colcon_core.shell:Creating environment descriptor '/home/sora/colcon_ws/install/apf_python_example/share/apf_python_example/hook/ament_prefix_path.dsv'
[0.192s] INFO:colcon.colcon_core.shell:Creating environment hook '/home/sora/colcon_ws/install/apf_python_example/share/apf_python_example/hook/ament_prefix_path.sh'
[0.192s] INFO:colcon.colcon_core.shell:Skip shell extension 'powershell' for command environment: Not usable outside of PowerShell
[0.193s] DEBUG:colcon.colcon_core.shell:Skip shell extension 'dsv' for command environment
[0.323s] WARNING:colcon.colcon_ros.task.ament_python.build:Package 'crowdnav_base' doesn't explicitly install a marker in the package index (colcon-ros currently does it implicitly but that fallback will be removed in the future)
[0.323s] INFO:colcon.colcon_core.task.python.build:Building Python package in '/home/sora/colcon_ws/src/CrowdNav_Prediction_AttnGraph'
[0.323s] INFO:colcon.colcon_core.shell:Skip shell extension 'powershell' for command environment: Not usable outside of PowerShell
[0.324s] DEBUG:colcon.colcon_core.shell:Skip shell extension 'dsv' for command environment
[0.328s] DEBUG:colcon.colcon_core.event_handler.log_command:Invoking command in '/home/sora/colcon_ws/build/nav2_pyif': CMAKE_PREFIX_PATH=${CMAKE_PREFIX_PATH}:/home/sora/colcon_ws/install/crowdnav_base:/home/sora/colcon_ws/install/crowdnav_planner:/home/sora/colcon_ws/install/apf_python_example:/opt/ros/humble /home/sora/.local/bin/cmake --build /home/sora/colcon_ws/build/nav2_pyif -- -j32 -l32
[0.465s] INFO:colcon.colcon_core.task.python.build:Building Python package in '/home/sora/colcon_ws/src/nav2_pyif/apf_python_example'
[0.465s] INFO:colcon.colcon_core.shell:Skip shell extension 'powershell' for command environment: Not usable outside of PowerShell
[0.465s] DEBUG:colcon.colcon_core.shell:Skip shell extension 'dsv' for command environment
[0.472s] DEBUG:colcon.colcon_core.event_handler.log_command:Invoked command in '/home/sora/colcon_ws/build/nav2_pyif' returned '0': CMAKE_PREFIX_PATH=${CMAKE_PREFIX_PATH}:/home/sora/colcon_ws/install/crowdnav_base:/home/sora/colcon_ws/install/crowdnav_planner:/home/sora/colcon_ws/install/apf_python_example:/opt/ros/humble /home/sora/.local/bin/cmake --build /home/sora/colcon_ws/build/nav2_pyif -- -j32 -l32
[0.504s] DEBUG:colcon.colcon_core.event_handler.log_command:Invoking command in '/home/sora/colcon_ws/build/nav2_pyif': CMAKE_PREFIX_PATH=${CMAKE_PREFIX_PATH}:/home/sora/colcon_ws/install/crowdnav_base:/home/sora/colcon_ws/install/crowdnav_planner:/home/sora/colcon_ws/install/apf_python_example:/opt/ros/humble /home/sora/.local/bin/cmake --install /home/sora/colcon_ws/build/nav2_pyif
[0.530s] Level 1:colcon.colcon_core.environment:create_environment_scripts_only(nav2_pyif)
[0.531s] DEBUG:colcon.colcon_core.event_handler.log_command:Invoked command in '/home/sora/colcon_ws/build/nav2_pyif' returned '0': CMAKE_PREFIX_PATH=${CMAKE_PREFIX_PATH}:/home/sora/colcon_ws/install/crowdnav_base:/home/sora/colcon_ws/install/crowdnav_planner:/home/sora/colcon_ws/install/apf_python_example:/opt/ros/humble /home/sora/.local/bin/cmake --install /home/sora/colcon_ws/build/nav2_pyif
[0.532s] Level 1:colcon.colcon_core.environment:checking '/home/sora/colcon_ws/install/nav2_pyif' for CMake module files
[0.532s] Level 1:colcon.colcon_core.environment:checking '/home/sora/colcon_ws/install/nav2_pyif' for CMake config files
[0.532s] Level 1:colcon.colcon_core.shell:create_environment_hook('nav2_pyif', 'cmake_prefix_path')
[0.532s] INFO:colcon.colcon_core.shell:Creating environment hook '/home/sora/colcon_ws/install/nav2_pyif/share/nav2_pyif/hook/cmake_prefix_path.ps1'
[0.533s] INFO:colcon.colcon_core.shell:Creating environment descriptor '/home/sora/colcon_ws/install/nav2_pyif/share/nav2_pyif/hook/cmake_prefix_path.dsv'
[0.533s] INFO:colcon.colcon_core.shell:Creating environment hook '/home/sora/colcon_ws/install/nav2_pyif/share/nav2_pyif/hook/cmake_prefix_path.sh'
[0.533s] Level 1:colcon.colcon_core.environment:checking '/home/sora/colcon_ws/install/nav2_pyif/lib'
[0.533s] Level 1:colcon.colcon_core.shell:create_environment_hook('nav2_pyif', 'ld_library_path_lib')
[0.533s] INFO:colcon.colcon_core.shell:Creating environment hook '/home/sora/colcon_ws/install/nav2_pyif/share/nav2_pyif/hook/ld_library_path_lib.ps1'
[0.534s] INFO:colcon.colcon_core.shell:Creating environment descriptor '/home/sora/colcon_ws/install/nav2_pyif/share/nav2_pyif/hook/ld_library_path_lib.dsv'
[0.534s] INFO:colcon.colcon_core.shell:Creating environment hook '/home/sora/colcon_ws/install/nav2_pyif/share/nav2_pyif/hook/ld_library_path_lib.sh'
[0.534s] Level 1:colcon.colcon_core.environment:checking '/home/sora/colcon_ws/install/nav2_pyif/bin'
[0.534s] Level 1:colcon.colcon_core.environment:checking '/home/sora/colcon_ws/install/nav2_pyif/lib/pkgconfig/nav2_pyif.pc'
[0.534s] Level 1:colcon.colcon_core.environment:checking '/home/sora/colcon_ws/install/nav2_pyif/lib/python3.10/site-packages'
[0.534s] Level 1:colcon.colcon_core.environment:checking '/home/sora/colcon_ws/install/nav2_pyif/bin'
[0.534s] INFO:colcon.colcon_core.shell:Creating package script '/home/sora/colcon_ws/install/nav2_pyif/share/nav2_pyif/package.ps1'
[0.535s] INFO:colcon.colcon_core.shell:Creating package descriptor '/home/sora/colcon_ws/install/nav2_pyif/share/nav2_pyif/package.dsv'
[0.535s] INFO:colcon.colcon_core.shell:Creating package script '/home/sora/colcon_ws/install/nav2_pyif/share/nav2_pyif/package.sh'
[0.536s] INFO:colcon.colcon_core.shell:Creating package script '/home/sora/colcon_ws/install/nav2_pyif/share/nav2_pyif/package.bash'
[0.536s] INFO:colcon.colcon_core.shell:Creating package script '/home/sora/colcon_ws/install/nav2_pyif/share/nav2_pyif/package.zsh'
[0.536s] Level 1:colcon.colcon_core.environment:create_file_with_runtime_dependencies(/home/sora/colcon_ws/install/nav2_pyif/share/colcon-core/packages/nav2_pyif)
[0.537s] Level 1:colcon.colcon_core.environment:create_environment_scripts_only(nav2_pyif)
[0.537s] Level 1:colcon.colcon_core.environment:checking '/home/sora/colcon_ws/install/nav2_pyif' for CMake module files
[0.537s] Level 1:colcon.colcon_core.environment:checking '/home/sora/colcon_ws/install/nav2_pyif' for CMake config files
[0.537s] Level 1:colcon.colcon_core.shell:create_environment_hook('nav2_pyif', 'cmake_prefix_path')
[0.537s] INFO:colcon.colcon_core.shell:Creating environment hook '/home/sora/colcon_ws/install/nav2_pyif/share/nav2_pyif/hook/cmake_prefix_path.ps1'
[0.537s] INFO:colcon.colcon_core.shell:Creating environment descriptor '/home/sora/colcon_ws/install/nav2_pyif/share/nav2_pyif/hook/cmake_prefix_path.dsv'
[0.537s] INFO:colcon.colcon_core.shell:Creating environment hook '/home/sora/colcon_ws/install/nav2_pyif/share/nav2_pyif/hook/cmake_prefix_path.sh'
[0.538s] Level 1:colcon.colcon_core.environment:checking '/home/sora/colcon_ws/install/nav2_pyif/lib'
[0.538s] Level 1:colcon.colcon_core.shell:create_environment_hook('nav2_pyif', 'ld_library_path_lib')
[0.538s] INFO:colcon.colcon_core.shell:Creating environment hook '/home/sora/colcon_ws/install/nav2_pyif/share/nav2_pyif/hook/ld_library_path_lib.ps1'
[0.538s] INFO:colcon.colcon_core.shell:Creating environment descriptor '/home/sora/colcon_ws/install/nav2_pyif/share/nav2_pyif/hook/ld_library_path_lib.dsv'
[0.538s] INFO:colcon.colcon_core.shell:Creating environment hook '/home/sora/colcon_ws/install/nav2_pyif/share/nav2_pyif/hook/ld_library_path_lib.sh'
[0.538s] Level 1:colcon.colcon_core.environment:checking '/home/sora/colcon_ws/install/nav2_pyif/bin'
[0.538s] Level 1:colcon.colcon_core.environment:checking '/home/sora/colcon_ws/install/nav2_pyif/lib/pkgconfig/nav2_pyif.pc'
[0.539s] Level 1:colcon.colcon_core.environment:checking '/home/sora/colcon_ws/install/nav2_pyif/lib/python3.10/site-packages'
[0.539s] Level 1:colcon.colcon_core.environment:checking '/home/sora/colcon_ws/install/nav2_pyif/bin'
[0.539s] INFO:colcon.colcon_core.shell:Creating package script '/home/sora/colcon_ws/install/nav2_pyif/share/nav2_pyif/package.ps1'
[0.539s] INFO:colcon.colcon_core.shell:Creating package descriptor '/home/sora/colcon_ws/install/nav2_pyif/share/nav2_pyif/package.dsv'
[0.539s] INFO:colcon.colcon_core.shell:Creating package script '/home/sora/colcon_ws/install/nav2_pyif/share/nav2_pyif/package.sh'
[0.540s] INFO:colcon.colcon_core.shell:Creating package script '/home/sora/colcon_ws/install/nav2_pyif/share/nav2_pyif/package.bash'
[0.540s] INFO:colcon.colcon_core.shell:Creating package script '/home/sora/colcon_ws/install/nav2_pyif/share/nav2_pyif/package.zsh'
[0.540s] Level 1:colcon.colcon_core.environment:create_file_with_runtime_dependencies(/home/sora/colcon_ws/install/nav2_pyif/share/colcon-core/packages/nav2_pyif)
[0.540s] INFO:colcon.colcon_ros.task.ament_cmake.build:Building ROS package in '/home/sora/colcon_ws/src/nav2_pyif/nav2_pyif_controller' with build type 'ament_cmake'
[0.540s] INFO:colcon.colcon_cmake.task.cmake.build:Building CMake package in '/home/sora/colcon_ws/src/nav2_pyif/nav2_pyif_controller'
[0.540s] INFO:colcon.colcon_core.shell:Skip shell extension 'powershell' for command environment: Not usable outside of PowerShell
[0.540s] DEBUG:colcon.colcon_core.shell:Skip shell extension 'dsv' for command environment
[0.550s] DEBUG:colcon.colcon_core.event_handler.log_command:Invoking command in '/home/sora/colcon_ws/build/nav2_pyif_controller': CMAKE_PREFIX_PATH=/home/sora/colcon_ws/install/nav2_pyif:/home/sora/colcon_ws/install/nav2_pyif_controller:/home/sora/colcon_ws/install/crowdnav_base:/home/sora/colcon_ws/install/crowdnav_planner:/home/sora/colcon_ws/install/apf_python_example:/opt/ros/humble LD_LIBRARY_PATH=/home/sora/colcon_ws/install/nav2_pyif/lib:/usr/local/cuda/lib64:/home/sora/colcon_ws/install/nav2_pyif_controller/lib:/usr/local/cuda/lib64:/opt/ros/humble/opt/rviz_ogre_vendor/lib:/opt/ros/humble/lib/x86_64-linux-gnu:/opt/ros/humble/lib /home/sora/.local/bin/cmake --build /home/sora/colcon_ws/build/nav2_pyif_controller -- -j32 -l32
[0.610s] DEBUG:colcon.colcon_core.event_handler.log_command:Invoked command in '/home/sora/colcon_ws/build/nav2_pyif_controller' returned '0': CMAKE_PREFIX_PATH=/home/sora/colcon_ws/install/nav2_pyif:/home/sora/colcon_ws/install/nav2_pyif_controller:/home/sora/colcon_ws/install/crowdnav_base:/home/sora/colcon_ws/install/crowdnav_planner:/home/sora/colcon_ws/install/apf_python_example:/opt/ros/humble LD_LIBRARY_PATH=/home/sora/colcon_ws/install/nav2_pyif/lib:/usr/local/cuda/lib64:/home/sora/colcon_ws/install/nav2_pyif_controller/lib:/usr/local/cuda/lib64:/opt/ros/humble/opt/rviz_ogre_vendor/lib:/opt/ros/humble/lib/x86_64-linux-gnu:/opt/ros/humble/lib /home/sora/.local/bin/cmake --build /home/sora/colcon_ws/build/nav2_pyif_controller -- -j32 -l32
[0.611s] DEBUG:colcon.colcon_core.event_handler.log_command:Invoking command in '/home/sora/colcon_ws/build/nav2_pyif_controller': CMAKE_PREFIX_PATH=/home/sora/colcon_ws/install/nav2_pyif:/home/sora/colcon_ws/install/nav2_pyif_controller:/home/sora/colcon_ws/install/crowdnav_base:/home/sora/colcon_ws/install/crowdnav_planner:/home/sora/colcon_ws/install/apf_python_example:/opt/ros/humble LD_LIBRARY_PATH=/home/sora/colcon_ws/install/nav2_pyif/lib:/usr/local/cuda/lib64:/home/sora/colcon_ws/install/nav2_pyif_controller/lib:/usr/local/cuda/lib64:/opt/ros/humble/opt/rviz_ogre_vendor/lib:/opt/ros/humble/lib/x86_64-linux-gnu:/opt/ros/humble/lib /home/sora/.local/bin/cmake --install /home/sora/colcon_ws/build/nav2_pyif_controller
[0.640s] Level 1:colcon.colcon_core.environment:create_environment_scripts_only(nav2_pyif_controller)
[0.640s] Level 1:colcon.colcon_core.environment:checking '/home/sora/colcon_ws/install/nav2_pyif_controller' for CMake module files
[0.640s] DEBUG:colcon.colcon_core.event_handler.log_command:Invoked command in '/home/sora/colcon_ws/build/nav2_pyif_controller' returned '0': CMAKE_PREFIX_PATH=/home/sora/colcon_ws/install/nav2_pyif:/home/sora/colcon_ws/install/nav2_pyif_controller:/home/sora/colcon_ws/install/crowdnav_base:/home/sora/colcon_ws/install/crowdnav_planner:/home/sora/colcon_ws/install/apf_python_example:/opt/ros/humble LD_LIBRARY_PATH=/home/sora/colcon_ws/install/nav2_pyif/lib:/usr/local/cuda/lib64:/home/sora/colcon_ws/install/nav2_pyif_controller/lib:/usr/local/cuda/lib64:/opt/ros/humble/opt/rviz_ogre_vendor/lib:/opt/ros/humble/lib/x86_64-linux-gnu:/opt/ros/humble/lib /home/sora/.local/bin/cmake --install /home/sora/colcon_ws/build/nav2_pyif_controller
[0.641s] Level 1:colcon.colcon_core.environment:checking '/home/sora/colcon_ws/install/nav2_pyif_controller' for CMake config files
[0.641s] Level 1:colcon.colcon_core.shell:create_environment_hook('nav2_pyif_controller', 'cmake_prefix_path')
[0.641s] INFO:colcon.colcon_core.shell:Creating environment hook '/home/sora/colcon_ws/install/nav2_pyif_controller/share/nav2_pyif_controller/hook/cmake_prefix_path.ps1'
[0.641s] INFO:colcon.colcon_core.shell:Creating environment descriptor '/home/sora/colcon_ws/install/nav2_pyif_controller/share/nav2_pyif_controller/hook/cmake_prefix_path.dsv'
[0.641s] INFO:colcon.colcon_core.shell:Creating environment hook '/home/sora/colcon_ws/install/nav2_pyif_controller/share/nav2_pyif_controller/hook/cmake_prefix_path.sh'
[0.642s] Level 1:colcon.colcon_core.environment:checking '/home/sora/colcon_ws/install/nav2_pyif_controller/lib'
[0.642s] Level 1:colcon.colcon_core.shell:create_environment_hook('nav2_pyif_controller', 'ld_library_path_lib')
[0.642s] INFO:colcon.colcon_core.shell:Creating environment hook '/home/sora/colcon_ws/install/nav2_pyif_controller/share/nav2_pyif_controller/hook/ld_library_path_lib.ps1'
[0.642s] INFO:colcon.colcon_core.shell:Creating environment descriptor '/home/sora/colcon_ws/install/nav2_pyif_controller/share/nav2_pyif_controller/hook/ld_library_path_lib.dsv'
[0.642s] INFO:colcon.colcon_core.shell:Creating environment hook '/home/sora/colcon_ws/install/nav2_pyif_controller/share/nav2_pyif_controller/hook/ld_library_path_lib.sh'
[0.642s] Level 1:colcon.colcon_core.environment:checking '/home/sora/colcon_ws/install/nav2_pyif_controller/bin'
[0.642s] Level 1:colcon.colcon_core.environment:checking '/home/sora/colcon_ws/install/nav2_pyif_controller/lib/pkgconfig/nav2_pyif_controller.pc'
[0.643s] Level 1:colcon.colcon_core.environment:checking '/home/sora/colcon_ws/install/nav2_pyif_controller/lib/python3.10/site-packages'
[0.643s] Level 1:colcon.colcon_core.environment:checking '/home/sora/colcon_ws/install/nav2_pyif_controller/bin'
[0.643s] INFO:colcon.colcon_core.shell:Creating package script '/home/sora/colcon_ws/install/nav2_pyif_controller/share/nav2_pyif_controller/package.ps1'
[0.643s] INFO:colcon.colcon_core.shell:Creating package descriptor '/home/sora/colcon_ws/install/nav2_pyif_controller/share/nav2_pyif_controller/package.dsv'
[0.643s] INFO:colcon.colcon_core.shell:Creating package script '/home/sora/colcon_ws/install/nav2_pyif_controller/share/nav2_pyif_controller/package.sh'
[0.644s] INFO:colcon.colcon_core.shell:Creating package script '/home/sora/colcon_ws/install/nav2_pyif_controller/share/nav2_pyif_controller/package.bash'
[0.644s] INFO:colcon.colcon_core.shell:Creating package script '/home/sora/colcon_ws/install/nav2_pyif_controller/share/nav2_pyif_controller/package.zsh'
[0.644s] Level 1:colcon.colcon_core.environment:create_file_with_runtime_dependencies(/home/sora/colcon_ws/install/nav2_pyif_controller/share/colcon-core/packages/nav2_pyif_controller)
[0.644s] Level 1:colcon.colcon_core.environment:create_environment_scripts_only(nav2_pyif_controller)
[0.644s] Level 1:colcon.colcon_core.environment:checking '/home/sora/colcon_ws/install/nav2_pyif_controller' for CMake module files
[0.645s] Level 1:colcon.colcon_core.environment:checking '/home/sora/colcon_ws/install/nav2_pyif_controller' for CMake config files
[0.645s] Level 1:colcon.colcon_core.shell:create_environment_hook('nav2_pyif_controller', 'cmake_prefix_path')
[0.645s] INFO:colcon.colcon_core.shell:Creating environment hook '/home/sora/colcon_ws/install/nav2_pyif_controller/share/nav2_pyif_controller/hook/cmake_prefix_path.ps1'
[0.645s] INFO:colcon.colcon_core.shell:Creating environment descriptor '/home/sora/colcon_ws/install/nav2_pyif_controller/share/nav2_pyif_controller/hook/cmake_prefix_path.dsv'
[0.645s] INFO:colcon.colcon_core.shell:Creating environment hook '/home/sora/colcon_ws/install/nav2_pyif_controller/share/nav2_pyif_controller/hook/cmake_prefix_path.sh'
[0.646s] Level 1:colcon.colcon_core.environment:checking '/home/sora/colcon_ws/install/nav2_pyif_controller/lib'
[0.646s] Level 1:colcon.colcon_core.shell:create_environment_hook('nav2_pyif_controller', 'ld_library_path_lib')
[0.646s] INFO:colcon.colcon_core.shell:Creating environment hook '/home/sora/colcon_ws/install/nav2_pyif_controller/share/nav2_pyif_controller/hook/ld_library_path_lib.ps1'
[0.646s] INFO:colcon.colcon_core.shell:Creating environment descriptor '/home/sora/colcon_ws/install/nav2_pyif_controller/share/nav2_pyif_controller/hook/ld_library_path_lib.dsv'
[0.646s] INFO:colcon.colcon_core.shell:Creating environment hook '/home/sora/colcon_ws/install/nav2_pyif_controller/share/nav2_pyif_controller/hook/ld_library_path_lib.sh'
[0.646s] Level 1:colcon.colcon_core.environment:checking '/home/sora/colcon_ws/install/nav2_pyif_controller/bin'
[0.647s] Level 1:colcon.colcon_core.environment:checking '/home/sora/colcon_ws/install/nav2_pyif_controller/lib/pkgconfig/nav2_pyif_controller.pc'
[0.647s] Level 1:colcon.colcon_core.environment:checking '/home/sora/colcon_ws/install/nav2_pyif_controller/lib/python3.10/site-packages'
[0.647s] Level 1:colcon.colcon_core.environment:checking '/home/sora/colcon_ws/install/nav2_pyif_controller/bin'
[0.647s] INFO:colcon.colcon_core.shell:Creating package script '/home/sora/colcon_ws/install/nav2_pyif_controller/share/nav2_pyif_controller/package.ps1'
[0.647s] INFO:colcon.colcon_core.shell:Creating package descriptor '/home/sora/colcon_ws/install/nav2_pyif_controller/share/nav2_pyif_controller/package.dsv'
[0.648s] INFO:colcon.colcon_core.shell:Creating package script '/home/sora/colcon_ws/install/nav2_pyif_controller/share/nav2_pyif_controller/package.sh'
[0.648s] INFO:colcon.colcon_core.shell:Creating package script '/home/sora/colcon_ws/install/nav2_pyif_controller/share/nav2_pyif_controller/package.bash'
[0.648s] INFO:colcon.colcon_core.shell:Creating package script '/home/sora/colcon_ws/install/nav2_pyif_controller/share/nav2_pyif_controller/package.zsh'
[0.648s] Level 1:colcon.colcon_core.environment:create_file_with_runtime_dependencies(/home/sora/colcon_ws/install/nav2_pyif_controller/share/colcon-core/packages/nav2_pyif_controller)
[0.768s] DEBUG:colcon.colcon_parallel_executor.executor.parallel:closing loop
[0.768s] DEBUG:colcon.colcon_parallel_executor.executor.parallel:loop closed
[0.768s] DEBUG:colcon.colcon_parallel_executor.executor.parallel:run_until_complete finished with '[Errno 2] No such file or directory: '/home/sora/colcon_ws/src/CrowdNav_Prediction_AttnGraph/rl/' -> '/home/sora/colcon_ws/build/crowdnav_base/rl/''
[0.768s] DEBUG:colcon.colcon_core.event_reactor:joining thread
[0.773s] INFO:colcon.colcon_core.plugin_system:Skipping extension 'colcon_notification.desktop_notification.terminal_notifier': Not used on non-Darwin systems
[0.773s] INFO:colcon.colcon_core.plugin_system:Skipping extension 'colcon_notification.desktop_notification.win32': Not used on non-Windows systems
[0.773s] INFO:colcon.colcon_notification.desktop_notification:Sending desktop notification using 'notify2'
[0.780s] DEBUG:colcon.colcon_core.event_reactor:joined thread
[0.780s] INFO:colcon.colcon_core.shell:Creating prefix script '/home/sora/colcon_ws/install/local_setup.ps1'
[0.781s] INFO:colcon.colcon_core.shell:Creating prefix util module '/home/sora/colcon_ws/install/_local_setup_util_ps1.py'
[0.781s] INFO:colcon.colcon_core.shell:Creating prefix chain script '/home/sora/colcon_ws/install/setup.ps1'
[0.782s] INFO:colcon.colcon_core.shell:Creating prefix script '/home/sora/colcon_ws/install/local_setup.sh'
[0.782s] INFO:colcon.colcon_core.shell:Creating prefix util module '/home/sora/colcon_ws/install/_local_setup_util_sh.py'
[0.782s] INFO:colcon.colcon_core.shell:Creating prefix chain script '/home/sora/colcon_ws/install/setup.sh'
[0.783s] INFO:colcon.colcon_core.shell:Creating prefix script '/home/sora/colcon_ws/install/local_setup.bash'
[0.783s] INFO:colcon.colcon_core.shell:Creating prefix chain script '/home/sora/colcon_ws/install/setup.bash'
[0.783s] INFO:colcon.colcon_core.shell:Creating prefix script '/home/sora/colcon_ws/install/local_setup.zsh'
[0.783s] INFO:colcon.colcon_core.shell:Creating prefix chain script '/home/sora/colcon_ws/install/setup.zsh'
