-- The C compiler identification is GNU 11.4.0
-- The CXX compiler identification is GNU 11.4.0
-- Detecting C compiler ABI info
-- Detecting C compiler ABI info - done
-- Check for working C compiler: /usr/bin/cc - skipped
-- Detecting C compile features
-- Detecting C compile features - done
-- Detecting CXX compiler ABI info
-- Detecting CXX compiler ABI info - done
-- Check for working CXX compiler: /usr/bin/c++ - skipped
-- Detecting CXX compile features
-- Detecting CXX compile features - done
-- Configuring done
-- Generating done
-- Build files have been written to: /home/sora/colcon_ws/build/RVO
[0mCMake Deprecation Warning at CMakeLists.txt:33 (cmake_minimum_required):
  Compatibility with CMake < 2.8.12 will be removed from a future version of
  CMake.

  Update the VERSION argument <min> value or use a ...<max> suffix to tell
  CMake that the project does not need compatibility with older versions.

[0m
[  9%] [32mBuilding CXX object src/CMakeFiles/RVO.dir/Agent.cpp.o[0m
[ 18%] [32mBuilding CXX object src/CMakeFiles/RVO.dir/KdTree.cpp.o[0m
[ 27%] [32mBuilding CXX object src/CMakeFiles/RVO.dir/Obstacle.cpp.o[0m
[ 36%] [32mBuilding CXX object src/CMakeFiles/RVO.dir/RVOSimulator.cpp.o[0m
[ 45%] [32m[1mLinking CXX static library libRVO.a[0m
[ 45%] Built target RVO
[ 63%] [32mBuilding CXX object examples/CMakeFiles/Circle.dir/Circle.cpp.o[0m
[ 72%] [32mBuilding CXX object examples/CMakeFiles/Roadmap.dir/Roadmap.cpp.o[0m
[ 63%] [32mBuilding CXX object examples/CMakeFiles/Blocks.dir/Blocks.cpp.o[0m
[ 81%] [32m[1mLinking CXX executable Blocks[0m
[ 90%] [32m[1mLinking CXX executable Circle[0m
[ 90%] Built target Circle
[ 90%] Built target Blocks
[100%] [32m[1mLinking CXX executable Roadmap[0m
[100%] Built target Roadmap
-- Install configuration: ""
-- Installing: /home/sora/colcon_ws/install/RVO/include/RVO.h
-- Installing: /home/sora/colcon_ws/install/RVO/include/RVOSimulator.h
-- Installing: /home/sora/colcon_ws/install/RVO/include/Vector2.h
-- Installing: /home/sora/colcon_ws/install/RVO/lib/libRVO.a
-- Installing: /home/sora/colcon_ws/install/RVO/bin/Blocks
-- Installing: /home/sora/colcon_ws/install/RVO/bin/Circle
-- Installing: /home/sora/colcon_ws/install/RVO/bin/Roadmap
