[0.658s] Invoking command in '/home/sora/colcon_ws/src/nav2_pyif/apf_python_example': PYTHONPATH=/home/sora/colcon_ws/build/apf_python_example/prefix_override:/usr/lib/python3/dist-packages/colcon_core/task/python/colcon_distutils_commands:/home/sora/colcon_ws/install/apf_python_example/lib/python3.10/site-packages:${PYTHONPATH} /usr/bin/python3 -W ignore:setup.py install is deprecated -W ignore:easy_install command is deprecated setup.py egg_info --egg-base ../../../build/apf_python_example build --build-base /home/sora/colcon_ws/build/apf_python_example/build install --record /home/sora/colcon_ws/build/apf_python_example/install.log --single-version-externally-managed install_data
[0.821s] running egg_info
[0.822s] creating ../../../build/apf_python_example/apf_python_example.egg-info
[0.822s] writing ../../../build/apf_python_example/apf_python_example.egg-info/PKG-INFO
[0.822s] writing dependency_links to ../../../build/apf_python_example/apf_python_example.egg-info/dependency_links.txt
[0.822s] writing entry points to ../../../build/apf_python_example/apf_python_example.egg-info/entry_points.txt
[0.822s] writing requirements to ../../../build/apf_python_example/apf_python_example.egg-info/requires.txt
[0.822s] writing top-level names to ../../../build/apf_python_example/apf_python_example.egg-info/top_level.txt
[0.822s] writing manifest file '../../../build/apf_python_example/apf_python_example.egg-info/SOURCES.txt'
[0.823s] reading manifest file '../../../build/apf_python_example/apf_python_example.egg-info/SOURCES.txt'
[0.824s] writing manifest file '../../../build/apf_python_example/apf_python_example.egg-info/SOURCES.txt'
[0.824s] running build
[0.824s] running build_py
[0.824s] creating /home/sora/colcon_ws/build/apf_python_example/build
[0.824s] creating /home/sora/colcon_ws/build/apf_python_example/build/lib
[0.824s] creating /home/sora/colcon_ws/build/apf_python_example/build/lib/apf_python_example
[0.824s] copying apf_python_example/apf.py -> /home/sora/colcon_ws/build/apf_python_example/build/lib/apf_python_example
[0.824s] copying apf_python_example/__init__.py -> /home/sora/colcon_ws/build/apf_python_example/build/lib/apf_python_example
[0.824s] running install
[0.824s] running install_lib
[0.825s] creating /home/sora/colcon_ws/install/apf_python_example/lib/python3.10/site-packages/apf_python_example
[0.825s] copying /home/sora/colcon_ws/build/apf_python_example/build/lib/apf_python_example/apf.py -> /home/sora/colcon_ws/install/apf_python_example/lib/python3.10/site-packages/apf_python_example
[0.825s] copying /home/sora/colcon_ws/build/apf_python_example/build/lib/apf_python_example/__init__.py -> /home/sora/colcon_ws/install/apf_python_example/lib/python3.10/site-packages/apf_python_example
[0.825s] byte-compiling /home/sora/colcon_ws/install/apf_python_example/lib/python3.10/site-packages/apf_python_example/apf.py to apf.cpython-310.pyc
[0.826s] byte-compiling /home/sora/colcon_ws/install/apf_python_example/lib/python3.10/site-packages/apf_python_example/__init__.py to __init__.cpython-310.pyc
[0.826s] running install_data
[0.826s] creating /home/sora/colcon_ws/install/apf_python_example/share/ament_index
[0.826s] creating /home/sora/colcon_ws/install/apf_python_example/share/ament_index/resource_index
[0.826s] creating /home/sora/colcon_ws/install/apf_python_example/share/ament_index/resource_index/packages
[0.826s] copying resource/apf_python_example -> /home/sora/colcon_ws/install/apf_python_example/share/ament_index/resource_index/packages
[0.826s] copying package.xml -> /home/sora/colcon_ws/install/apf_python_example/share/apf_python_example
[0.826s] running install_egg_info
[0.827s] Copying ../../../build/apf_python_example/apf_python_example.egg-info to /home/sora/colcon_ws/install/apf_python_example/lib/python3.10/site-packages/apf_python_example-0.0.0-py3.10.egg-info
[0.828s] running install_scripts
[0.840s] writing list of installed files to '/home/sora/colcon_ws/build/apf_python_example/install.log'
[0.853s] Invoked command in '/home/sora/colcon_ws/src/nav2_pyif/apf_python_example' returned '0': PYTHONPATH=/home/sora/colcon_ws/build/apf_python_example/prefix_override:/usr/lib/python3/dist-packages/colcon_core/task/python/colcon_distutils_commands:/home/sora/colcon_ws/install/apf_python_example/lib/python3.10/site-packages:${PYTHONPATH} /usr/bin/python3 -W ignore:setup.py install is deprecated -W ignore:easy_install command is deprecated setup.py egg_info --egg-base ../../../build/apf_python_example build --build-base /home/sora/colcon_ws/build/apf_python_example/build install --record /home/sora/colcon_ws/build/apf_python_example/install.log --single-version-externally-managed install_data
